#
# There is insufficient memory for the Java Runtime Environment to continue.
# Native memory allocation (malloc) failed to allocate 1120176 bytes for Chunk::new
# Possible reasons:
#   The system is out of physical RAM or swap space
#   The process is running with CompressedOops enabled, and the Java Heap may be blocking the growth of the native heap
# Possible solutions:
#   Reduce memory load on the system
#   Increase physical memory or swap space
#   Check if swap backing store is full
#   Decrease Java heap size (-Xmx/-Xms)
#   Decrease number of Java threads
#   Decrease Java thread stack sizes (-Xss)
#   Set larger code cache with -XX:ReservedCodeCacheSize=
#   JVM is running with Zero Based Compressed Oops mode in which the Java heap is
#     placed in the first 32GB address space. The Java Heap base address is the
#     maximum limit for the native heap growth. Please use -XX:HeapBaseMinAddress
#     to set the Java Heap base and to place the Java Heap above 32GB virtual address.
# This output file may be truncated or incomplete.
#
#  Out of Memory Error (./src/hotspot/share/memory/arena.cpp:197), pid=22020, tid=17400
#
# JRE version: OpenJDK Runtime Environment Corretto-11.0.14.10.1 (11.0.14.1+10) (build 11.0.14.1+10-LTS)
# Java VM: OpenJDK 64-Bit Server VM Corretto-11.0.14.10.1 (11.0.14.1+10-LTS, mixed mode, tiered, compressed oops, g1 gc, windows-amd64)
# No core dump will be written. Minidumps are not enabled by default on client versions of Windows
#

---------------  S U M M A R Y ------------

Command Line: -ea -Didea.test.cyclic.buffer.size=26214400 -javaagent:D:\IntelliJIdea\IntelliJ IDEA 2021.3.2\lib\idea_rt.jar=53912:D:\IntelliJIdea\IntelliJ IDEA 2021.3.2\bin -Dfile.encoding=UTF-8 com.intellij.rt.junit.JUnitStarter -ideVersion5 -junit4 com.voxloud.imageservicevoxloud.ImageServiceTest

Host: Intel(R) Core(TM) i7-7700HQ CPU @ 2.80GHz, 8 cores, 31G,  Windows 10 , 64 bit Build 19041 (10.0.19041.1499)
Time: Mon Apr 11 14:18:21 2022 Финляндия (лето) elapsed time: 5.586281 seconds (0d 0h 0m 5s)

---------------  T H R E A D  ---------------

Current thread (0x0000016436d88000):  JavaThread "C2 CompilerThread1" daemon [_thread_in_native, id=17400, stack(0x00000036f3f00000,0x00000036f4000000)]


Current CompileTask:
C2:   5586 2436       4       jdk.internal.org.objectweb.asm.Frame::execute (2264 bytes)

Stack: [0x00000036f3f00000,0x00000036f4000000]
Native frames: (J=compiled Java code, j=interpreted, Vv=VM code, C=native code)
V  [jvm.dll+0x61e62a]
V  [jvm.dll+0x7ab569]
V  [jvm.dll+0x7acc58]
V  [jvm.dll+0x7ad333]
V  [jvm.dll+0x24f7f8]
V  [jvm.dll+0xc260c]
V  [jvm.dll+0xc2bcc]
V  [jvm.dll+0x359a52]
V  [jvm.dll+0x325a13]
V  [jvm.dll+0x324d4a]
V  [jvm.dll+0x208c35]
V  [jvm.dll+0x207e1d]
V  [jvm.dll+0x18a2d1]
V  [jvm.dll+0x217574]
V  [jvm.dll+0x2157bb]
V  [jvm.dll+0x76e0c0]
V  [jvm.dll+0x767024]
V  [jvm.dll+0x61d486]
C  [ucrtbase.dll+0x21bb2]
C  [KERNEL32.DLL+0x17034]
C  [ntdll.dll+0x52651]


---------------  P R O C E S S  ---------------

Threads class SMR info:
_java_thread_list=0x000001643928b100, length=13, elements={
0x0000016408985800, 0x0000016436836000, 0x0000016436839000, 0x00000164368bd800,
0x00000164368bf000, 0x00000164368c1000, 0x00000164368c2000, 0x00000164368cf000,
0x00000164368d5800, 0x0000016435eef000, 0x00000164369fd000, 0x0000016436d88000,
0x0000016438b33000
}

Java Threads: ( => current thread )
  0x0000016408985800 JavaThread "main" [_thread_in_Java, id=21832, stack(0x00000036f2d00000,0x00000036f2e00000)]
  0x0000016436836000 JavaThread "Reference Handler" daemon [_thread_blocked, id=19772, stack(0x00000036f3400000,0x00000036f3500000)]
  0x0000016436839000 JavaThread "Finalizer" daemon [_thread_blocked, id=21952, stack(0x00000036f3500000,0x00000036f3600000)]
  0x00000164368bd800 JavaThread "Signal Dispatcher" daemon [_thread_blocked, id=16264, stack(0x00000036f3600000,0x00000036f3700000)]
  0x00000164368bf000 JavaThread "Attach Listener" daemon [_thread_blocked, id=10508, stack(0x00000036f3700000,0x00000036f3800000)]
  0x00000164368c1000 JavaThread "Service Thread" daemon [_thread_blocked, id=3576, stack(0x00000036f3800000,0x00000036f3900000)]
  0x00000164368c2000 JavaThread "C2 CompilerThread0" daemon [_thread_in_native, id=20552, stack(0x00000036f3900000,0x00000036f3a00000)]
  0x00000164368cf000 JavaThread "C1 CompilerThread0" daemon [_thread_blocked, id=20208, stack(0x00000036f3a00000,0x00000036f3b00000)]
  0x00000164368d5800 JavaThread "Sweeper thread" daemon [_thread_blocked, id=18408, stack(0x00000036f3b00000,0x00000036f3c00000)]
  0x0000016435eef000 JavaThread "Common-Cleaner" daemon [_thread_blocked, id=21732, stack(0x00000036f3c00000,0x00000036f3d00000)]
  0x00000164369fd000 JavaThread "Monitor Ctrl-Break" daemon [_thread_in_native, id=17964, stack(0x00000036f3d00000,0x00000036f3e00000)]
=>0x0000016436d88000 JavaThread "C2 CompilerThread1" daemon [_thread_in_native, id=17400, stack(0x00000036f3f00000,0x00000036f4000000)]
  0x0000016438b33000 JavaThread "background-preinit" [_thread_in_vm, id=22432, stack(0x00000036f4700000,0x00000036f4800000)]

Other Threads:
  0x0000016436835000 VMThread "VM Thread" [stack: 0x00000036f3300000,0x00000036f3400000] [id=21440]
  0x0000016436cc9000 WatcherThread [stack: 0x00000036f3e00000,0x00000036f3f00000] [id=19532]
  0x000001640899c800 GCTaskThread "GC Thread#0" [stack: 0x00000036f2e00000,0x00000036f2f00000] [id=6988]
  0x00000164376ee800 GCTaskThread "GC Thread#1" [stack: 0x00000036f4000000,0x00000036f4100000] [id=21788]
  0x0000016437953000 GCTaskThread "GC Thread#2" [stack: 0x00000036f4100000,0x00000036f4200000] [id=21272]
  0x0000016437c67000 GCTaskThread "GC Thread#3" [stack: 0x00000036f4200000,0x00000036f4300000] [id=5736]
  0x000001643723b800 GCTaskThread "GC Thread#4" [stack: 0x00000036f4300000,0x00000036f4400000] [id=12628]
  0x0000016437430800 GCTaskThread "GC Thread#5" [stack: 0x00000036f4400000,0x00000036f4500000] [id=15464]
  0x0000016437431000 GCTaskThread "GC Thread#6" [stack: 0x00000036f4500000,0x00000036f4600000] [id=13628]
  0x00000164379f8000 GCTaskThread "GC Thread#7" [stack: 0x00000036f4600000,0x00000036f4700000] [id=14920]
  0x0000016408a23000 ConcurrentGCThread "G1 Main Marker" [stack: 0x00000036f2f00000,0x00000036f3000000] [id=19484]
  0x0000016408a24000 ConcurrentGCThread "G1 Conc#0" [stack: 0x00000036f3000000,0x00000036f3100000] [id=22044]
  0x0000016437ef2000 ConcurrentGCThread "G1 Conc#1" [stack: 0x00000036f4800000,0x00000036f4900000] [id=21612]
  0x0000016435e9e000 ConcurrentGCThread "G1 Refine#0" [stack: 0x00000036f3100000,0x00000036f3200000] [id=20320]
  0x0000016435e9f000 ConcurrentGCThread "G1 Young RemSet Sampling" [stack: 0x00000036f3200000,0x00000036f3300000] [id=18820]

Threads with active compile tasks:
C2 CompilerThread0   5625 2480       4       java.util.Properties::loadConvert (524 bytes)
C2 CompilerThread1   5625 2436       4       jdk.internal.org.objectweb.asm.Frame::execute (2264 bytes)

VM state:not at safepoint (normal execution)

VM Mutex/Monitor currently owned by a thread: None

Heap address: 0x0000000600c00000, size: 8180 MB, Compressed Oops mode: Zero based, Oop shift amount: 3
Narrow klass base: 0x0000000800000000, Narrow klass shift: 0
Compressed class space size: 1073741824 Address: 0x0000000800000000

Heap:
 garbage-first heap   total 524288K, used 76639K [0x0000000600c00000, 0x0000000800000000)
  region size 2048K, 35 young (71680K), 2 survivors (4096K)
 Metaspace       used 27813K, capacity 28528K, committed 28672K, reserved 1075200K
  class space    used 3224K, capacity 3495K, committed 3584K, reserved 1048576K
Heap Regions: E=young(eden), S=young(survivor), O=old, HS=humongous(starts), HC=humongous(continues), CS=collection set, F=free, A=archive, TAMS=top-at-mark-start (previous, next)
|   0|0x0000000600c00000, 0x0000000600e00000, 0x0000000600e00000|100%| O|  |TAMS 0x0000000600e00000, 0x0000000600c00000| Untracked 
|   1|0x0000000600e00000, 0x0000000601000000, 0x0000000601000000|100%| O|  |TAMS 0x0000000601000000, 0x0000000600e00000| Untracked 
|   2|0x0000000601000000, 0x0000000601200000, 0x0000000601200000|100%| O|  |TAMS 0x0000000601200000, 0x0000000601000000| Untracked 
|   3|0x0000000601200000, 0x0000000601400000, 0x0000000601400000|100%| O|  |TAMS 0x0000000601400000, 0x0000000601200000| Untracked 
|   4|0x0000000601400000, 0x0000000601408e00, 0x0000000601600000|  1%| O|  |TAMS 0x0000000601408e00, 0x0000000601400000| Untracked 
|   5|0x0000000601600000, 0x0000000601600000, 0x0000000601800000|  0%| F|  |TAMS 0x0000000601600000, 0x0000000601600000| Untracked 
|   6|0x0000000601800000, 0x0000000601800000, 0x0000000601a00000|  0%| F|  |TAMS 0x0000000601800000, 0x0000000601800000| Untracked 
|   7|0x0000000601a00000, 0x0000000601a00000, 0x0000000601c00000|  0%| F|  |TAMS 0x0000000601a00000, 0x0000000601a00000| Untracked 
|   8|0x0000000601c00000, 0x0000000601c00000, 0x0000000601e00000|  0%| F|  |TAMS 0x0000000601c00000, 0x0000000601c00000| Untracked 
|   9|0x0000000601e00000, 0x0000000601e00000, 0x0000000602000000|  0%| F|  |TAMS 0x0000000601e00000, 0x0000000601e00000| Untracked 
|  10|0x0000000602000000, 0x0000000602000000, 0x0000000602200000|  0%| F|  |TAMS 0x0000000602000000, 0x0000000602000000| Untracked 
|  11|0x0000000602200000, 0x0000000602200000, 0x0000000602400000|  0%| F|  |TAMS 0x0000000602200000, 0x0000000602200000| Untracked 
|  12|0x0000000602400000, 0x0000000602400000, 0x0000000602600000|  0%| F|  |TAMS 0x0000000602400000, 0x0000000602400000| Untracked 
|  13|0x0000000602600000, 0x0000000602600000, 0x0000000602800000|  0%| F|  |TAMS 0x0000000602600000, 0x0000000602600000| Untracked 
|  14|0x0000000602800000, 0x0000000602800000, 0x0000000602a00000|  0%| F|  |TAMS 0x0000000602800000, 0x0000000602800000| Untracked 
|  15|0x0000000602a00000, 0x0000000602a00000, 0x0000000602c00000|  0%| F|  |TAMS 0x0000000602a00000, 0x0000000602a00000| Untracked 
|  16|0x0000000602c00000, 0x0000000602c00000, 0x0000000602e00000|  0%| F|  |TAMS 0x0000000602c00000, 0x0000000602c00000| Untracked 
|  17|0x0000000602e00000, 0x0000000602e00000, 0x0000000603000000|  0%| F|  |TAMS 0x0000000602e00000, 0x0000000602e00000| Untracked 
|  18|0x0000000603000000, 0x0000000603000000, 0x0000000603200000|  0%| F|  |TAMS 0x0000000603000000, 0x0000000603000000| Untracked 
|  19|0x0000000603200000, 0x0000000603200000, 0x0000000603400000|  0%| F|  |TAMS 0x0000000603200000, 0x0000000603200000| Untracked 
|  20|0x0000000603400000, 0x0000000603400000, 0x0000000603600000|  0%| F|  |TAMS 0x0000000603400000, 0x0000000603400000| Untracked 
|  21|0x0000000603600000, 0x0000000603600000, 0x0000000603800000|  0%| F|  |TAMS 0x0000000603600000, 0x0000000603600000| Untracked 
|  22|0x0000000603800000, 0x0000000603800000, 0x0000000603a00000|  0%| F|  |TAMS 0x0000000603800000, 0x0000000603800000| Untracked 
|  23|0x0000000603a00000, 0x0000000603a00000, 0x0000000603c00000|  0%| F|  |TAMS 0x0000000603a00000, 0x0000000603a00000| Untracked 
|  24|0x0000000603c00000, 0x0000000603c00000, 0x0000000603e00000|  0%| F|  |TAMS 0x0000000603c00000, 0x0000000603c00000| Untracked 
|  25|0x0000000603e00000, 0x0000000603e00000, 0x0000000604000000|  0%| F|  |TAMS 0x0000000603e00000, 0x0000000603e00000| Untracked 
|  26|0x0000000604000000, 0x0000000604000000, 0x0000000604200000|  0%| F|  |TAMS 0x0000000604000000, 0x0000000604000000| Untracked 
|  27|0x0000000604200000, 0x0000000604200000, 0x0000000604400000|  0%| F|  |TAMS 0x0000000604200000, 0x0000000604200000| Untracked 
|  28|0x0000000604400000, 0x0000000604400000, 0x0000000604600000|  0%| F|  |TAMS 0x0000000604400000, 0x0000000604400000| Untracked 
|  29|0x0000000604600000, 0x0000000604600000, 0x0000000604800000|  0%| F|  |TAMS 0x0000000604600000, 0x0000000604600000| Untracked 
|  30|0x0000000604800000, 0x0000000604800000, 0x0000000604a00000|  0%| F|  |TAMS 0x0000000604800000, 0x0000000604800000| Untracked 
|  31|0x0000000604a00000, 0x0000000604a00000, 0x0000000604c00000|  0%| F|  |TAMS 0x0000000604a00000, 0x0000000604a00000| Untracked 
|  32|0x0000000604c00000, 0x0000000604c00000, 0x0000000604e00000|  0%| F|  |TAMS 0x0000000604c00000, 0x0000000604c00000| Untracked 
|  33|0x0000000604e00000, 0x0000000604e00000, 0x0000000605000000|  0%| F|  |TAMS 0x0000000604e00000, 0x0000000604e00000| Untracked 
|  34|0x0000000605000000, 0x0000000605000000, 0x0000000605200000|  0%| F|  |TAMS 0x0000000605000000, 0x0000000605000000| Untracked 
|  35|0x0000000605200000, 0x0000000605200000, 0x0000000605400000|  0%| F|  |TAMS 0x0000000605200000, 0x0000000605200000| Untracked 
|  36|0x0000000605400000, 0x0000000605400000, 0x0000000605600000|  0%| F|  |TAMS 0x0000000605400000, 0x0000000605400000| Untracked 
|  37|0x0000000605600000, 0x0000000605600000, 0x0000000605800000|  0%| F|  |TAMS 0x0000000605600000, 0x0000000605600000| Untracked 
|  38|0x0000000605800000, 0x0000000605800000, 0x0000000605a00000|  0%| F|  |TAMS 0x0000000605800000, 0x0000000605800000| Untracked 
|  39|0x0000000605a00000, 0x0000000605a00000, 0x0000000605c00000|  0%| F|  |TAMS 0x0000000605a00000, 0x0000000605a00000| Untracked 
|  40|0x0000000605c00000, 0x0000000605c00000, 0x0000000605e00000|  0%| F|  |TAMS 0x0000000605c00000, 0x0000000605c00000| Untracked 
|  41|0x0000000605e00000, 0x0000000605e00000, 0x0000000606000000|  0%| F|  |TAMS 0x0000000605e00000, 0x0000000605e00000| Untracked 
|  42|0x0000000606000000, 0x0000000606000000, 0x0000000606200000|  0%| F|  |TAMS 0x0000000606000000, 0x0000000606000000| Untracked 
|  43|0x0000000606200000, 0x0000000606200000, 0x0000000606400000|  0%| F|  |TAMS 0x0000000606200000, 0x0000000606200000| Untracked 
|  44|0x0000000606400000, 0x0000000606400000, 0x0000000606600000|  0%| F|  |TAMS 0x0000000606400000, 0x0000000606400000| Untracked 
|  45|0x0000000606600000, 0x0000000606600000, 0x0000000606800000|  0%| F|  |TAMS 0x0000000606600000, 0x0000000606600000| Untracked 
|  46|0x0000000606800000, 0x0000000606800000, 0x0000000606a00000|  0%| F|  |TAMS 0x0000000606800000, 0x0000000606800000| Untracked 
|  47|0x0000000606a00000, 0x0000000606a00000, 0x0000000606c00000|  0%| F|  |TAMS 0x0000000606a00000, 0x0000000606a00000| Untracked 
|  48|0x0000000606c00000, 0x0000000606c00000, 0x0000000606e00000|  0%| F|  |TAMS 0x0000000606c00000, 0x0000000606c00000| Untracked 
|  49|0x0000000606e00000, 0x0000000606e00000, 0x0000000607000000|  0%| F|  |TAMS 0x0000000606e00000, 0x0000000606e00000| Untracked 
|  50|0x0000000607000000, 0x0000000607000000, 0x0000000607200000|  0%| F|  |TAMS 0x0000000607000000, 0x0000000607000000| Untracked 
|  51|0x0000000607200000, 0x0000000607200000, 0x0000000607400000|  0%| F|  |TAMS 0x0000000607200000, 0x0000000607200000| Untracked 
|  52|0x0000000607400000, 0x0000000607400000, 0x0000000607600000|  0%| F|  |TAMS 0x0000000607400000, 0x0000000607400000| Untracked 
|  53|0x0000000607600000, 0x0000000607600000, 0x0000000607800000|  0%| F|  |TAMS 0x0000000607600000, 0x0000000607600000| Untracked 
|  54|0x0000000607800000, 0x0000000607800000, 0x0000000607a00000|  0%| F|  |TAMS 0x0000000607800000, 0x0000000607800000| Untracked 
|  55|0x0000000607a00000, 0x0000000607a00000, 0x0000000607c00000|  0%| F|  |TAMS 0x0000000607a00000, 0x0000000607a00000| Untracked 
|  56|0x0000000607c00000, 0x0000000607c00000, 0x0000000607e00000|  0%| F|  |TAMS 0x0000000607c00000, 0x0000000607c00000| Untracked 
|  57|0x0000000607e00000, 0x0000000607e00000, 0x0000000608000000|  0%| F|  |TAMS 0x0000000607e00000, 0x0000000607e00000| Untracked 
|  58|0x0000000608000000, 0x0000000608000000, 0x0000000608200000|  0%| F|  |TAMS 0x0000000608000000, 0x0000000608000000| Untracked 
|  59|0x0000000608200000, 0x0000000608200000, 0x0000000608400000|  0%| F|  |TAMS 0x0000000608200000, 0x0000000608200000| Untracked 
|  60|0x0000000608400000, 0x0000000608400000, 0x0000000608600000|  0%| F|  |TAMS 0x0000000608400000, 0x0000000608400000| Untracked 
|  61|0x0000000608600000, 0x0000000608600000, 0x0000000608800000|  0%| F|  |TAMS 0x0000000608600000, 0x0000000608600000| Untracked 
|  62|0x0000000608800000, 0x0000000608800000, 0x0000000608a00000|  0%| F|  |TAMS 0x0000000608800000, 0x0000000608800000| Untracked 
|  63|0x0000000608a00000, 0x0000000608a00000, 0x0000000608c00000|  0%| F|  |TAMS 0x0000000608a00000, 0x0000000608a00000| Untracked 
|  64|0x0000000608c00000, 0x0000000608c00000, 0x0000000608e00000|  0%| F|  |TAMS 0x0000000608c00000, 0x0000000608c00000| Untracked 
|  65|0x0000000608e00000, 0x0000000608e00000, 0x0000000609000000|  0%| F|  |TAMS 0x0000000608e00000, 0x0000000608e00000| Untracked 
|  66|0x0000000609000000, 0x0000000609000000, 0x0000000609200000|  0%| F|  |TAMS 0x0000000609000000, 0x0000000609000000| Untracked 
|  67|0x0000000609200000, 0x0000000609200000, 0x0000000609400000|  0%| F|  |TAMS 0x0000000609200000, 0x0000000609200000| Untracked 
|  68|0x0000000609400000, 0x0000000609400000, 0x0000000609600000|  0%| F|  |TAMS 0x0000000609400000, 0x0000000609400000| Untracked 
|  69|0x0000000609600000, 0x0000000609600000, 0x0000000609800000|  0%| F|  |TAMS 0x0000000609600000, 0x0000000609600000| Untracked 
|  70|0x0000000609800000, 0x0000000609800000, 0x0000000609a00000|  0%| F|  |TAMS 0x0000000609800000, 0x0000000609800000| Untracked 
|  71|0x0000000609a00000, 0x0000000609a00000, 0x0000000609c00000|  0%| F|  |TAMS 0x0000000609a00000, 0x0000000609a00000| Untracked 
|  72|0x0000000609c00000, 0x0000000609c00000, 0x0000000609e00000|  0%| F|  |TAMS 0x0000000609c00000, 0x0000000609c00000| Untracked 
|  73|0x0000000609e00000, 0x0000000609e00000, 0x000000060a000000|  0%| F|  |TAMS 0x0000000609e00000, 0x0000000609e00000| Untracked 
|  74|0x000000060a000000, 0x000000060a000000, 0x000000060a200000|  0%| F|  |TAMS 0x000000060a000000, 0x000000060a000000| Untracked 
|  75|0x000000060a200000, 0x000000060a200000, 0x000000060a400000|  0%| F|  |TAMS 0x000000060a200000, 0x000000060a200000| Untracked 
|  76|0x000000060a400000, 0x000000060a400000, 0x000000060a600000|  0%| F|  |TAMS 0x000000060a400000, 0x000000060a400000| Untracked 
|  77|0x000000060a600000, 0x000000060a600000, 0x000000060a800000|  0%| F|  |TAMS 0x000000060a600000, 0x000000060a600000| Untracked 
|  78|0x000000060a800000, 0x000000060a800000, 0x000000060aa00000|  0%| F|  |TAMS 0x000000060a800000, 0x000000060a800000| Untracked 
|  79|0x000000060aa00000, 0x000000060aa00000, 0x000000060ac00000|  0%| F|  |TAMS 0x000000060aa00000, 0x000000060aa00000| Untracked 
|  80|0x000000060ac00000, 0x000000060ac00000, 0x000000060ae00000|  0%| F|  |TAMS 0x000000060ac00000, 0x000000060ac00000| Untracked 
|  81|0x000000060ae00000, 0x000000060ae00000, 0x000000060b000000|  0%| F|  |TAMS 0x000000060ae00000, 0x000000060ae00000| Untracked 
|  82|0x000000060b000000, 0x000000060b000000, 0x000000060b200000|  0%| F|  |TAMS 0x000000060b000000, 0x000000060b000000| Untracked 
|  83|0x000000060b200000, 0x000000060b200000, 0x000000060b400000|  0%| F|  |TAMS 0x000000060b200000, 0x000000060b200000| Untracked 
|  84|0x000000060b400000, 0x000000060b400000, 0x000000060b600000|  0%| F|  |TAMS 0x000000060b400000, 0x000000060b400000| Untracked 
|  85|0x000000060b600000, 0x000000060b600000, 0x000000060b800000|  0%| F|  |TAMS 0x000000060b600000, 0x000000060b600000| Untracked 
|  86|0x000000060b800000, 0x000000060b800000, 0x000000060ba00000|  0%| F|  |TAMS 0x000000060b800000, 0x000000060b800000| Untracked 
|  87|0x000000060ba00000, 0x000000060ba00000, 0x000000060bc00000|  0%| F|  |TAMS 0x000000060ba00000, 0x000000060ba00000| Untracked 
|  88|0x000000060bc00000, 0x000000060bc00000, 0x000000060be00000|  0%| F|  |TAMS 0x000000060bc00000, 0x000000060bc00000| Untracked 
|  89|0x000000060be00000, 0x000000060be00000, 0x000000060c000000|  0%| F|  |TAMS 0x000000060be00000, 0x000000060be00000| Untracked 
|  90|0x000000060c000000, 0x000000060c000000, 0x000000060c200000|  0%| F|  |TAMS 0x000000060c000000, 0x000000060c000000| Untracked 
|  91|0x000000060c200000, 0x000000060c200000, 0x000000060c400000|  0%| F|  |TAMS 0x000000060c200000, 0x000000060c200000| Untracked 
|  92|0x000000060c400000, 0x000000060c400000, 0x000000060c600000|  0%| F|  |TAMS 0x000000060c400000, 0x000000060c400000| Untracked 
|  93|0x000000060c600000, 0x000000060c600000, 0x000000060c800000|  0%| F|  |TAMS 0x000000060c600000, 0x000000060c600000| Untracked 
|  94|0x000000060c800000, 0x000000060c800000, 0x000000060ca00000|  0%| F|  |TAMS 0x000000060c800000, 0x000000060c800000| Untracked 
|  95|0x000000060ca00000, 0x000000060ca00000, 0x000000060cc00000|  0%| F|  |TAMS 0x000000060ca00000, 0x000000060ca00000| Untracked 
|  96|0x000000060cc00000, 0x000000060cc00000, 0x000000060ce00000|  0%| F|  |TAMS 0x000000060cc00000, 0x000000060cc00000| Untracked 
|  97|0x000000060ce00000, 0x000000060ce00000, 0x000000060d000000|  0%| F|  |TAMS 0x000000060ce00000, 0x000000060ce00000| Untracked 
|  98|0x000000060d000000, 0x000000060d000000, 0x000000060d200000|  0%| F|  |TAMS 0x000000060d000000, 0x000000060d000000| Untracked 
|  99|0x000000060d200000, 0x000000060d200000, 0x000000060d400000|  0%| F|  |TAMS 0x000000060d200000, 0x000000060d200000| Untracked 
| 100|0x000000060d400000, 0x000000060d400000, 0x000000060d600000|  0%| F|  |TAMS 0x000000060d400000, 0x000000060d400000| Untracked 
| 101|0x000000060d600000, 0x000000060d600000, 0x000000060d800000|  0%| F|  |TAMS 0x000000060d600000, 0x000000060d600000| Untracked 
| 102|0x000000060d800000, 0x000000060d800000, 0x000000060da00000|  0%| F|  |TAMS 0x000000060d800000, 0x000000060d800000| Untracked 
| 103|0x000000060da00000, 0x000000060da00000, 0x000000060dc00000|  0%| F|  |TAMS 0x000000060da00000, 0x000000060da00000| Untracked 
| 104|0x000000060dc00000, 0x000000060dc00000, 0x000000060de00000|  0%| F|  |TAMS 0x000000060dc00000, 0x000000060dc00000| Untracked 
| 105|0x000000060de00000, 0x000000060de00000, 0x000000060e000000|  0%| F|  |TAMS 0x000000060de00000, 0x000000060de00000| Untracked 
| 106|0x000000060e000000, 0x000000060e000000, 0x000000060e200000|  0%| F|  |TAMS 0x000000060e000000, 0x000000060e000000| Untracked 
| 107|0x000000060e200000, 0x000000060e200000, 0x000000060e400000|  0%| F|  |TAMS 0x000000060e200000, 0x000000060e200000| Untracked 
| 108|0x000000060e400000, 0x000000060e400000, 0x000000060e600000|  0%| F|  |TAMS 0x000000060e400000, 0x000000060e400000| Untracked 
| 109|0x000000060e600000, 0x000000060e600000, 0x000000060e800000|  0%| F|  |TAMS 0x000000060e600000, 0x000000060e600000| Untracked 
| 110|0x000000060e800000, 0x000000060e800000, 0x000000060ea00000|  0%| F|  |TAMS 0x000000060e800000, 0x000000060e800000| Untracked 
| 111|0x000000060ea00000, 0x000000060ea00000, 0x000000060ec00000|  0%| F|  |TAMS 0x000000060ea00000, 0x000000060ea00000| Untracked 
| 112|0x000000060ec00000, 0x000000060ec00000, 0x000000060ee00000|  0%| F|  |TAMS 0x000000060ec00000, 0x000000060ec00000| Untracked 
| 113|0x000000060ee00000, 0x000000060ee00000, 0x000000060f000000|  0%| F|  |TAMS 0x000000060ee00000, 0x000000060ee00000| Untracked 
| 114|0x000000060f000000, 0x000000060f000000, 0x000000060f200000|  0%| F|  |TAMS 0x000000060f000000, 0x000000060f000000| Untracked 
| 115|0x000000060f200000, 0x000000060f200000, 0x000000060f400000|  0%| F|  |TAMS 0x000000060f200000, 0x000000060f200000| Untracked 
| 116|0x000000060f400000, 0x000000060f400000, 0x000000060f600000|  0%| F|  |TAMS 0x000000060f400000, 0x000000060f400000| Untracked 
| 117|0x000000060f600000, 0x000000060f600000, 0x000000060f800000|  0%| F|  |TAMS 0x000000060f600000, 0x000000060f600000| Untracked 
| 118|0x000000060f800000, 0x000000060f800000, 0x000000060fa00000|  0%| F|  |TAMS 0x000000060f800000, 0x000000060f800000| Untracked 
| 119|0x000000060fa00000, 0x000000060fa00000, 0x000000060fc00000|  0%| F|  |TAMS 0x000000060fa00000, 0x000000060fa00000| Untracked 
| 120|0x000000060fc00000, 0x000000060fc00000, 0x000000060fe00000|  0%| F|  |TAMS 0x000000060fc00000, 0x000000060fc00000| Untracked 
| 121|0x000000060fe00000, 0x000000060fe00000, 0x0000000610000000|  0%| F|  |TAMS 0x000000060fe00000, 0x000000060fe00000| Untracked 
| 122|0x0000000610000000, 0x0000000610000000, 0x0000000610200000|  0%| F|  |TAMS 0x0000000610000000, 0x0000000610000000| Untracked 
| 123|0x0000000610200000, 0x0000000610200000, 0x0000000610400000|  0%| F|  |TAMS 0x0000000610200000, 0x0000000610200000| Untracked 
| 124|0x0000000610400000, 0x0000000610400000, 0x0000000610600000|  0%| F|  |TAMS 0x0000000610400000, 0x0000000610400000| Untracked 
| 125|0x0000000610600000, 0x0000000610600000, 0x0000000610800000|  0%| F|  |TAMS 0x0000000610600000, 0x0000000610600000| Untracked 
| 126|0x0000000610800000, 0x0000000610800000, 0x0000000610a00000|  0%| F|  |TAMS 0x0000000610800000, 0x0000000610800000| Untracked 
| 127|0x0000000610a00000, 0x0000000610a00000, 0x0000000610c00000|  0%| F|  |TAMS 0x0000000610a00000, 0x0000000610a00000| Untracked 
| 128|0x0000000610c00000, 0x0000000610c00000, 0x0000000610e00000|  0%| F|  |TAMS 0x0000000610c00000, 0x0000000610c00000| Untracked 
| 129|0x0000000610e00000, 0x0000000610e00000, 0x0000000611000000|  0%| F|  |TAMS 0x0000000610e00000, 0x0000000610e00000| Untracked 
| 130|0x0000000611000000, 0x0000000611000000, 0x0000000611200000|  0%| F|  |TAMS 0x0000000611000000, 0x0000000611000000| Untracked 
| 131|0x0000000611200000, 0x0000000611200000, 0x0000000611400000|  0%| F|  |TAMS 0x0000000611200000, 0x0000000611200000| Untracked 
| 132|0x0000000611400000, 0x0000000611400000, 0x0000000611600000|  0%| F|  |TAMS 0x0000000611400000, 0x0000000611400000| Untracked 
| 133|0x0000000611600000, 0x0000000611600000, 0x0000000611800000|  0%| F|  |TAMS 0x0000000611600000, 0x0000000611600000| Untracked 
| 134|0x0000000611800000, 0x0000000611800000, 0x0000000611a00000|  0%| F|  |TAMS 0x0000000611800000, 0x0000000611800000| Untracked 
| 135|0x0000000611a00000, 0x0000000611a00000, 0x0000000611c00000|  0%| F|  |TAMS 0x0000000611a00000, 0x0000000611a00000| Untracked 
| 136|0x0000000611c00000, 0x0000000611c00000, 0x0000000611e00000|  0%| F|  |TAMS 0x0000000611c00000, 0x0000000611c00000| Untracked 
| 137|0x0000000611e00000, 0x0000000611e00000, 0x0000000612000000|  0%| F|  |TAMS 0x0000000611e00000, 0x0000000611e00000| Untracked 
| 138|0x0000000612000000, 0x0000000612000000, 0x0000000612200000|  0%| F|  |TAMS 0x0000000612000000, 0x0000000612000000| Untracked 
| 139|0x0000000612200000, 0x0000000612200000, 0x0000000612400000|  0%| F|  |TAMS 0x0000000612200000, 0x0000000612200000| Untracked 
| 140|0x0000000612400000, 0x0000000612400000, 0x0000000612600000|  0%| F|  |TAMS 0x0000000612400000, 0x0000000612400000| Untracked 
| 141|0x0000000612600000, 0x0000000612600000, 0x0000000612800000|  0%| F|  |TAMS 0x0000000612600000, 0x0000000612600000| Untracked 
| 142|0x0000000612800000, 0x0000000612800000, 0x0000000612a00000|  0%| F|  |TAMS 0x0000000612800000, 0x0000000612800000| Untracked 
| 143|0x0000000612a00000, 0x0000000612a00000, 0x0000000612c00000|  0%| F|  |TAMS 0x0000000612a00000, 0x0000000612a00000| Untracked 
| 144|0x0000000612c00000, 0x0000000612c00000, 0x0000000612e00000|  0%| F|  |TAMS 0x0000000612c00000, 0x0000000612c00000| Untracked 
| 145|0x0000000612e00000, 0x0000000612e00000, 0x0000000613000000|  0%| F|  |TAMS 0x0000000612e00000, 0x0000000612e00000| Untracked 
| 146|0x0000000613000000, 0x0000000613000000, 0x0000000613200000|  0%| F|  |TAMS 0x0000000613000000, 0x0000000613000000| Untracked 
| 147|0x0000000613200000, 0x0000000613200000, 0x0000000613400000|  0%| F|  |TAMS 0x0000000613200000, 0x0000000613200000| Untracked 
| 148|0x0000000613400000, 0x0000000613400000, 0x0000000613600000|  0%| F|  |TAMS 0x0000000613400000, 0x0000000613400000| Untracked 
| 149|0x0000000613600000, 0x0000000613600000, 0x0000000613800000|  0%| F|  |TAMS 0x0000000613600000, 0x0000000613600000| Untracked 
| 150|0x0000000613800000, 0x0000000613800000, 0x0000000613a00000|  0%| F|  |TAMS 0x0000000613800000, 0x0000000613800000| Untracked 
| 151|0x0000000613a00000, 0x0000000613a00000, 0x0000000613c00000|  0%| F|  |TAMS 0x0000000613a00000, 0x0000000613a00000| Untracked 
| 152|0x0000000613c00000, 0x0000000613c00000, 0x0000000613e00000|  0%| F|  |TAMS 0x0000000613c00000, 0x0000000613c00000| Untracked 
| 153|0x0000000613e00000, 0x0000000613e00000, 0x0000000614000000|  0%| F|  |TAMS 0x0000000613e00000, 0x0000000613e00000| Untracked 
| 154|0x0000000614000000, 0x0000000614000000, 0x0000000614200000|  0%| F|  |TAMS 0x0000000614000000, 0x0000000614000000| Untracked 
| 155|0x0000000614200000, 0x0000000614200000, 0x0000000614400000|  0%| F|  |TAMS 0x0000000614200000, 0x0000000614200000| Untracked 
| 156|0x0000000614400000, 0x0000000614400000, 0x0000000614600000|  0%| F|  |TAMS 0x0000000614400000, 0x0000000614400000| Untracked 
| 157|0x0000000614600000, 0x0000000614600000, 0x0000000614800000|  0%| F|  |TAMS 0x0000000614600000, 0x0000000614600000| Untracked 
| 158|0x0000000614800000, 0x0000000614800000, 0x0000000614a00000|  0%| F|  |TAMS 0x0000000614800000, 0x0000000614800000| Untracked 
| 159|0x0000000614a00000, 0x0000000614a00000, 0x0000000614c00000|  0%| F|  |TAMS 0x0000000614a00000, 0x0000000614a00000| Untracked 
| 160|0x0000000614c00000, 0x0000000614c00000, 0x0000000614e00000|  0%| F|  |TAMS 0x0000000614c00000, 0x0000000614c00000| Untracked 
| 161|0x0000000614e00000, 0x0000000614e00000, 0x0000000615000000|  0%| F|  |TAMS 0x0000000614e00000, 0x0000000614e00000| Untracked 
| 162|0x0000000615000000, 0x0000000615000000, 0x0000000615200000|  0%| F|  |TAMS 0x0000000615000000, 0x0000000615000000| Untracked 
| 163|0x0000000615200000, 0x0000000615200000, 0x0000000615400000|  0%| F|  |TAMS 0x0000000615200000, 0x0000000615200000| Untracked 
| 164|0x0000000615400000, 0x0000000615400000, 0x0000000615600000|  0%| F|  |TAMS 0x0000000615400000, 0x0000000615400000| Untracked 
| 165|0x0000000615600000, 0x0000000615600000, 0x0000000615800000|  0%| F|  |TAMS 0x0000000615600000, 0x0000000615600000| Untracked 
| 166|0x0000000615800000, 0x0000000615800000, 0x0000000615a00000|  0%| F|  |TAMS 0x0000000615800000, 0x0000000615800000| Untracked 
| 167|0x0000000615a00000, 0x0000000615a00000, 0x0000000615c00000|  0%| F|  |TAMS 0x0000000615a00000, 0x0000000615a00000| Untracked 
| 168|0x0000000615c00000, 0x0000000615c00000, 0x0000000615e00000|  0%| F|  |TAMS 0x0000000615c00000, 0x0000000615c00000| Untracked 
| 169|0x0000000615e00000, 0x0000000615e00000, 0x0000000616000000|  0%| F|  |TAMS 0x0000000615e00000, 0x0000000615e00000| Untracked 
| 170|0x0000000616000000, 0x0000000616000000, 0x0000000616200000|  0%| F|  |TAMS 0x0000000616000000, 0x0000000616000000| Untracked 
| 171|0x0000000616200000, 0x0000000616200000, 0x0000000616400000|  0%| F|  |TAMS 0x0000000616200000, 0x0000000616200000| Untracked 
| 172|0x0000000616400000, 0x0000000616400000, 0x0000000616600000|  0%| F|  |TAMS 0x0000000616400000, 0x0000000616400000| Untracked 
| 173|0x0000000616600000, 0x0000000616600000, 0x0000000616800000|  0%| F|  |TAMS 0x0000000616600000, 0x0000000616600000| Untracked 
| 174|0x0000000616800000, 0x0000000616800000, 0x0000000616a00000|  0%| F|  |TAMS 0x0000000616800000, 0x0000000616800000| Untracked 
| 175|0x0000000616a00000, 0x0000000616a00000, 0x0000000616c00000|  0%| F|  |TAMS 0x0000000616a00000, 0x0000000616a00000| Untracked 
| 176|0x0000000616c00000, 0x0000000616c00000, 0x0000000616e00000|  0%| F|  |TAMS 0x0000000616c00000, 0x0000000616c00000| Untracked 
| 177|0x0000000616e00000, 0x0000000616e00000, 0x0000000617000000|  0%| F|  |TAMS 0x0000000616e00000, 0x0000000616e00000| Untracked 
| 178|0x0000000617000000, 0x0000000617000000, 0x0000000617200000|  0%| F|  |TAMS 0x0000000617000000, 0x0000000617000000| Untracked 
| 179|0x0000000617200000, 0x0000000617200000, 0x0000000617400000|  0%| F|  |TAMS 0x0000000617200000, 0x0000000617200000| Untracked 
| 180|0x0000000617400000, 0x0000000617400000, 0x0000000617600000|  0%| F|  |TAMS 0x0000000617400000, 0x0000000617400000| Untracked 
| 181|0x0000000617600000, 0x0000000617600000, 0x0000000617800000|  0%| F|  |TAMS 0x0000000617600000, 0x0000000617600000| Untracked 
| 182|0x0000000617800000, 0x0000000617800000, 0x0000000617a00000|  0%| F|  |TAMS 0x0000000617800000, 0x0000000617800000| Untracked 
| 183|0x0000000617a00000, 0x0000000617a00000, 0x0000000617c00000|  0%| F|  |TAMS 0x0000000617a00000, 0x0000000617a00000| Untracked 
| 184|0x0000000617c00000, 0x0000000617c00000, 0x0000000617e00000|  0%| F|  |TAMS 0x0000000617c00000, 0x0000000617c00000| Untracked 
| 185|0x0000000617e00000, 0x0000000617e00000, 0x0000000618000000|  0%| F|  |TAMS 0x0000000617e00000, 0x0000000617e00000| Untracked 
| 186|0x0000000618000000, 0x0000000618000000, 0x0000000618200000|  0%| F|  |TAMS 0x0000000618000000, 0x0000000618000000| Untracked 
| 187|0x0000000618200000, 0x0000000618200000, 0x0000000618400000|  0%| F|  |TAMS 0x0000000618200000, 0x0000000618200000| Untracked 
| 188|0x0000000618400000, 0x0000000618400000, 0x0000000618600000|  0%| F|  |TAMS 0x0000000618400000, 0x0000000618400000| Untracked 
| 189|0x0000000618600000, 0x0000000618600000, 0x0000000618800000|  0%| F|  |TAMS 0x0000000618600000, 0x0000000618600000| Untracked 
| 190|0x0000000618800000, 0x0000000618800000, 0x0000000618a00000|  0%| F|  |TAMS 0x0000000618800000, 0x0000000618800000| Untracked 
| 191|0x0000000618a00000, 0x0000000618a00000, 0x0000000618c00000|  0%| F|  |TAMS 0x0000000618a00000, 0x0000000618a00000| Untracked 
| 192|0x0000000618c00000, 0x0000000618c00000, 0x0000000618e00000|  0%| F|  |TAMS 0x0000000618c00000, 0x0000000618c00000| Untracked 
| 193|0x0000000618e00000, 0x0000000618e00000, 0x0000000619000000|  0%| F|  |TAMS 0x0000000618e00000, 0x0000000618e00000| Untracked 
| 194|0x0000000619000000, 0x0000000619000000, 0x0000000619200000|  0%| F|  |TAMS 0x0000000619000000, 0x0000000619000000| Untracked 
| 195|0x0000000619200000, 0x0000000619200000, 0x0000000619400000|  0%| F|  |TAMS 0x0000000619200000, 0x0000000619200000| Untracked 
| 196|0x0000000619400000, 0x0000000619400000, 0x0000000619600000|  0%| F|  |TAMS 0x0000000619400000, 0x0000000619400000| Untracked 
| 197|0x0000000619600000, 0x0000000619600000, 0x0000000619800000|  0%| F|  |TAMS 0x0000000619600000, 0x0000000619600000| Untracked 
| 198|0x0000000619800000, 0x0000000619800000, 0x0000000619a00000|  0%| F|  |TAMS 0x0000000619800000, 0x0000000619800000| Untracked 
| 199|0x0000000619a00000, 0x0000000619a00000, 0x0000000619c00000|  0%| F|  |TAMS 0x0000000619a00000, 0x0000000619a00000| Untracked 
| 200|0x0000000619c00000, 0x0000000619c00000, 0x0000000619e00000|  0%| F|  |TAMS 0x0000000619c00000, 0x0000000619c00000| Untracked 
| 201|0x0000000619e00000, 0x0000000619e00000, 0x000000061a000000|  0%| F|  |TAMS 0x0000000619e00000, 0x0000000619e00000| Untracked 
| 202|0x000000061a000000, 0x000000061a000000, 0x000000061a200000|  0%| F|  |TAMS 0x000000061a000000, 0x000000061a000000| Untracked 
| 203|0x000000061a200000, 0x000000061a200000, 0x000000061a400000|  0%| F|  |TAMS 0x000000061a200000, 0x000000061a200000| Untracked 
| 204|0x000000061a400000, 0x000000061a400000, 0x000000061a600000|  0%| F|  |TAMS 0x000000061a400000, 0x000000061a400000| Untracked 
| 205|0x000000061a600000, 0x000000061a600000, 0x000000061a800000|  0%| F|  |TAMS 0x000000061a600000, 0x000000061a600000| Untracked 
| 206|0x000000061a800000, 0x000000061a800000, 0x000000061aa00000|  0%| F|  |TAMS 0x000000061a800000, 0x000000061a800000| Untracked 
| 207|0x000000061aa00000, 0x000000061aa00000, 0x000000061ac00000|  0%| F|  |TAMS 0x000000061aa00000, 0x000000061aa00000| Untracked 
| 208|0x000000061ac00000, 0x000000061ac00000, 0x000000061ae00000|  0%| F|  |TAMS 0x000000061ac00000, 0x000000061ac00000| Untracked 
| 209|0x000000061ae00000, 0x000000061ae00000, 0x000000061b000000|  0%| F|  |TAMS 0x000000061ae00000, 0x000000061ae00000| Untracked 
| 210|0x000000061b000000, 0x000000061b000000, 0x000000061b200000|  0%| F|  |TAMS 0x000000061b000000, 0x000000061b000000| Untracked 
| 211|0x000000061b200000, 0x000000061b200000, 0x000000061b400000|  0%| F|  |TAMS 0x000000061b200000, 0x000000061b200000| Untracked 
| 212|0x000000061b400000, 0x000000061b400000, 0x000000061b600000|  0%| F|  |TAMS 0x000000061b400000, 0x000000061b400000| Untracked 
| 213|0x000000061b600000, 0x000000061b600000, 0x000000061b800000|  0%| F|  |TAMS 0x000000061b600000, 0x000000061b600000| Untracked 
| 214|0x000000061b800000, 0x000000061b800000, 0x000000061ba00000|  0%| F|  |TAMS 0x000000061b800000, 0x000000061b800000| Untracked 
| 215|0x000000061ba00000, 0x000000061ba00000, 0x000000061bc00000|  0%| F|  |TAMS 0x000000061ba00000, 0x000000061ba00000| Untracked 
| 216|0x000000061bc00000, 0x000000061bc00000, 0x000000061be00000|  0%| F|  |TAMS 0x000000061bc00000, 0x000000061bc00000| Untracked 
| 217|0x000000061be00000, 0x000000061be00000, 0x000000061c000000|  0%| F|  |TAMS 0x000000061be00000, 0x000000061be00000| Untracked 
| 218|0x000000061c000000, 0x000000061c000000, 0x000000061c200000|  0%| F|  |TAMS 0x000000061c000000, 0x000000061c000000| Untracked 
| 219|0x000000061c200000, 0x000000061c200000, 0x000000061c400000|  0%| F|  |TAMS 0x000000061c200000, 0x000000061c200000| Untracked 
| 220|0x000000061c400000, 0x000000061c400000, 0x000000061c600000|  0%| F|  |TAMS 0x000000061c400000, 0x000000061c400000| Untracked 
| 221|0x000000061c600000, 0x000000061c800000, 0x000000061c800000|100%| E|  |TAMS 0x000000061c600000, 0x000000061c600000| Complete 
| 222|0x000000061c800000, 0x000000061ca00000, 0x000000061ca00000|100%| E|CS|TAMS 0x000000061c800000, 0x000000061c800000| Complete 
| 223|0x000000061ca00000, 0x000000061cc00000, 0x000000061cc00000|100%| E|CS|TAMS 0x000000061ca00000, 0x000000061ca00000| Complete 
| 224|0x000000061cc00000, 0x000000061ce00000, 0x000000061ce00000|100%| E|CS|TAMS 0x000000061cc00000, 0x000000061cc00000| Complete 
| 225|0x000000061ce00000, 0x000000061d000000, 0x000000061d000000|100%| E|CS|TAMS 0x000000061ce00000, 0x000000061ce00000| Complete 
| 226|0x000000061d000000, 0x000000061d200000, 0x000000061d200000|100%| E|CS|TAMS 0x000000061d000000, 0x000000061d000000| Complete 
| 227|0x000000061d200000, 0x000000061d400000, 0x000000061d400000|100%| E|CS|TAMS 0x000000061d200000, 0x000000061d200000| Complete 
| 228|0x000000061d400000, 0x000000061d600000, 0x000000061d600000|100%| E|CS|TAMS 0x000000061d400000, 0x000000061d400000| Complete 
| 229|0x000000061d600000, 0x000000061d800000, 0x000000061d800000|100%| E|CS|TAMS 0x000000061d600000, 0x000000061d600000| Complete 
| 230|0x000000061d800000, 0x000000061da00000, 0x000000061da00000|100%| E|CS|TAMS 0x000000061d800000, 0x000000061d800000| Complete 
| 231|0x000000061da00000, 0x000000061dc00000, 0x000000061dc00000|100%| E|CS|TAMS 0x000000061da00000, 0x000000061da00000| Complete 
| 232|0x000000061dc00000, 0x000000061de00000, 0x000000061de00000|100%| E|CS|TAMS 0x000000061dc00000, 0x000000061dc00000| Complete 
| 233|0x000000061de00000, 0x000000061deceff8, 0x000000061e000000| 40%| S|CS|TAMS 0x000000061de00000, 0x000000061de00000| Complete 
| 234|0x000000061e000000, 0x000000061e200000, 0x000000061e200000|100%| S|CS|TAMS 0x000000061e000000, 0x000000061e000000| Complete 
| 235|0x000000061e200000, 0x000000061e400000, 0x000000061e400000|100%| E|CS|TAMS 0x000000061e200000, 0x000000061e200000| Complete 
| 236|0x000000061e400000, 0x000000061e600000, 0x000000061e600000|100%| E|CS|TAMS 0x000000061e400000, 0x000000061e400000| Complete 
| 237|0x000000061e600000, 0x000000061e800000, 0x000000061e800000|100%| E|CS|TAMS 0x000000061e600000, 0x000000061e600000| Complete 
| 238|0x000000061e800000, 0x000000061ea00000, 0x000000061ea00000|100%| E|CS|TAMS 0x000000061e800000, 0x000000061e800000| Complete 
| 239|0x000000061ea00000, 0x000000061ec00000, 0x000000061ec00000|100%| E|CS|TAMS 0x000000061ea00000, 0x000000061ea00000| Complete 
| 240|0x000000061ec00000, 0x000000061ee00000, 0x000000061ee00000|100%| E|CS|TAMS 0x000000061ec00000, 0x000000061ec00000| Complete 
| 241|0x000000061ee00000, 0x000000061f000000, 0x000000061f000000|100%| E|CS|TAMS 0x000000061ee00000, 0x000000061ee00000| Complete 
| 242|0x000000061f000000, 0x000000061f200000, 0x000000061f200000|100%| E|CS|TAMS 0x000000061f000000, 0x000000061f000000| Complete 
| 243|0x000000061f200000, 0x000000061f400000, 0x000000061f400000|100%| E|CS|TAMS 0x000000061f200000, 0x000000061f200000| Complete 
| 244|0x000000061f400000, 0x000000061f600000, 0x000000061f600000|100%| E|CS|TAMS 0x000000061f400000, 0x000000061f400000| Complete 
| 245|0x000000061f600000, 0x000000061f800000, 0x000000061f800000|100%| E|CS|TAMS 0x000000061f600000, 0x000000061f600000| Complete 
| 246|0x000000061f800000, 0x000000061fa00000, 0x000000061fa00000|100%| E|CS|TAMS 0x000000061f800000, 0x000000061f800000| Complete 
| 247|0x000000061fa00000, 0x000000061fc00000, 0x000000061fc00000|100%| E|CS|TAMS 0x000000061fa00000, 0x000000061fa00000| Complete 
| 248|0x000000061fc00000, 0x000000061fe00000, 0x000000061fe00000|100%| E|CS|TAMS 0x000000061fc00000, 0x000000061fc00000| Complete 
| 249|0x000000061fe00000, 0x0000000620000000, 0x0000000620000000|100%| E|CS|TAMS 0x000000061fe00000, 0x000000061fe00000| Complete 
| 250|0x0000000620000000, 0x0000000620200000, 0x0000000620200000|100%| E|CS|TAMS 0x0000000620000000, 0x0000000620000000| Complete 
| 251|0x0000000620200000, 0x0000000620400000, 0x0000000620400000|100%| E|CS|TAMS 0x0000000620200000, 0x0000000620200000| Complete 
| 252|0x0000000620400000, 0x0000000620600000, 0x0000000620600000|100%| E|CS|TAMS 0x0000000620400000, 0x0000000620400000| Complete 
| 253|0x0000000620600000, 0x0000000620800000, 0x0000000620800000|100%| E|CS|TAMS 0x0000000620600000, 0x0000000620600000| Complete 
| 254|0x0000000620800000, 0x0000000620a00000, 0x0000000620a00000|100%| E|CS|TAMS 0x0000000620800000, 0x0000000620800000| Complete 
| 255|0x0000000620a00000, 0x0000000620c00000, 0x0000000620c00000|100%| E|CS|TAMS 0x0000000620a00000, 0x0000000620a00000| Complete 

Card table byte_map: [0x00000164213e0000,0x00000164223e0000] _byte_map_base: 0x000001641e3da000

Marking Bits (Prev, Next): (CMBitMap*) 0x0000016408a12380, (CMBitMap*) 0x0000016408a12348
 Prev Bits: [0x000001642b3b0000, 0x0000016433380000)
 Next Bits: [0x00000164233e0000, 0x000001642b3b0000)

Polling page: 0x0000016406940000

Metaspace:

Usage:
  Non-class:     24.63 MB capacity,    24.19 MB ( 98%) used,   374.16 KB (  1%) free+waste,    77.13 KB ( <1%) overhead. 
      Class:      3.44 MB capacity,     3.17 MB ( 92%) used,   244.57 KB (  7%) free+waste,    36.94 KB (  1%) overhead. 
       Both:     28.08 MB capacity,    27.36 MB ( 97%) used,   618.73 KB (  2%) free+waste,   114.06 KB ( <1%) overhead. 

Virtual space:
  Non-class space:       26.00 MB reserved,      24.75 MB ( 95%) committed 
      Class space:        1.00 GB reserved,       3.50 MB ( <1%) committed 
             Both:        1.03 GB reserved,      28.25 MB (  3%) committed 

Chunk freelists:
   Non-Class:  55.00 KB
       Class:  25.00 KB
        Both:  80.00 KB

MaxMetaspaceSize: 17179869184.00 GB
CompressedClassSpaceSize: 1.00 GB
Initial GC threshold: 20.80 MB
Current GC threshold: 35.00 MB
CDS: off

CodeHeap 'non-profiled nmethods': size=120000Kb used=1295Kb max_used=1295Kb free=118704Kb
 bounds [0x0000016418b80000, 0x0000016418df0000, 0x00000164200b0000]
CodeHeap 'profiled nmethods': size=120000Kb used=5093Kb max_used=5093Kb free=114906Kb
 bounds [0x0000016411650000, 0x0000016411b50000, 0x0000016418b80000]
CodeHeap 'non-nmethods': size=5760Kb used=1184Kb max_used=1209Kb free=4575Kb
 bounds [0x00000164110b0000, 0x0000016411320000, 0x0000016411650000]
 total_blobs=2925 nmethods=2480 adapters=357
 compilation: enabled
              stopped_count=0, restarted_count=0
 full_count=0

Compilation events (20 events):
Event: 5.503 Thread 0x00000164368cf000 2450       3       java.lang.invoke.ClassSpecializer$Factory::typeLoadOp (90 bytes)
Event: 5.504 Thread 0x00000164368cf000 nmethod 2450 0x0000016411b36290 code [0x0000016411b36500, 0x0000016411b36f18]
Event: 5.507 Thread 0x00000164368cf000 2455       3       java.lang.Exception::<init> (7 bytes)
Event: 5.507 Thread 0x00000164368cf000 nmethod 2455 0x0000016411b37210 code [0x0000016411b373c0, 0x0000016411b374e8]
Event: 5.507 Thread 0x00000164368cf000 2456       3       java.lang.Throwable::<init> (39 bytes)
Event: 5.508 Thread 0x00000164368cf000 nmethod 2456 0x0000016411b37590 code [0x0000016411b37780, 0x0000016411b37ee8]
Event: 5.508 Thread 0x00000164368cf000 2457       3       java.lang.invoke.BoundMethodHandle$Specializer$Factory::chooseFieldName (25 bytes)
Event: 5.509 Thread 0x00000164368cf000 nmethod 2457 0x0000016411b38010 code [0x0000016411b38300, 0x0000016411b39018]
Event: 5.509 Thread 0x00000164368cf000 2458       3       java.lang.invoke.ClassSpecializer$Factory::chooseFieldName (32 bytes)
Event: 5.510 Thread 0x00000164368cf000 nmethod 2458 0x0000016411b39510 code [0x0000016411b397a0, 0x0000016411b3a1b8]
Event: 5.510 Thread 0x00000164368cf000 2460       3       java.lang.invoke.MethodHandles$Lookup::resolveOrFail (48 bytes)
Event: 5.511 Thread 0x00000164368cf000 nmethod 2460 0x0000016411b3a590 code [0x0000016411b3a800, 0x0000016411b3b018]
Event: 5.521 Thread 0x00000164368cf000 2461       3       java.util.concurrent.ConcurrentHashMap::<init> (73 bytes)
Event: 5.521 Thread 0x00000164368cf000 nmethod 2461 0x0000016411b3b390 code [0x0000016411b3b5c0, 0x0000016411b3bb38]
Event: 5.529 Thread 0x00000164368cf000 2462       3       java.util.Spliterators$1Adapter::hasNext (23 bytes)
Event: 5.529 Thread 0x00000164368cf000 nmethod 2462 0x0000016411b3bd10 code [0x0000016411b3bec0, 0x0000016411b3c0e8]
Event: 5.540 Thread 0x00000164368cf000 2463       3       java.lang.Package::<init> (47 bytes)
Event: 5.541 Thread 0x00000164368cf000 nmethod 2463 0x0000016411b3c190 code [0x0000016411b3c380, 0x0000016411b3c7e8]
Event: 5.548 Thread 0x00000164368cf000 2464       3       java.util.concurrent.ConcurrentHashMap::<init> (9 bytes)
Event: 5.548 Thread 0x00000164368cf000 nmethod 2464 0x0000016411b3ca10 code [0x0000016411b3cbe0, 0x0000016411b3cd28]

GC Heap History (6 events):
Event: 1.919 GC heap before
{Heap before GC invocations=0 (full 0):
 garbage-first heap   total 524288K, used 24576K [0x0000000600c00000, 0x0000000800000000)
  region size 2048K, 12 young (24576K), 0 survivors (0K)
 Metaspace       used 10532K, capacity 10718K, committed 10752K, reserved 1058816K
  class space    used 968K, capacity 1020K, committed 1024K, reserved 1048576K
}
Event: 1.926 GC heap after
{Heap after GC invocations=1 (full 0):
 garbage-first heap   total 524288K, used 8194K [0x0000000600c00000, 0x0000000800000000)
  region size 2048K, 2 young (4096K), 2 survivors (4096K)
 Metaspace       used 10532K, capacity 10718K, committed 10752K, reserved 1058816K
  class space    used 968K, capacity 1020K, committed 1024K, reserved 1048576K
}
Event: 2.728 GC heap before
{Heap before GC invocations=1 (full 0):
 garbage-first heap   total 524288K, used 28674K [0x0000000600c00000, 0x0000000800000000)
  region size 2048K, 12 young (24576K), 2 survivors (4096K)
 Metaspace       used 13574K, capacity 13835K, committed 13952K, reserved 1062912K
  class space    used 1323K, capacity 1397K, committed 1408K, reserved 1048576K
}
Event: 2.731 GC heap after
{Heap after GC invocations=2 (full 0):
 garbage-first heap   total 524288K, used 9044K [0x0000000600c00000, 0x0000000800000000)
  region size 2048K, 1 young (2048K), 1 survivors (2048K)
 Metaspace       used 13574K, capacity 13835K, committed 13952K, reserved 1062912K
  class space    used 1323K, capacity 1397K, committed 1408K, reserved 1048576K
}
Event: 4.633 GC heap before
{Heap before GC invocations=2 (full 0):
 garbage-first heap   total 524288K, used 47956K [0x0000000600c00000, 0x0000000800000000)
  region size 2048K, 21 young (43008K), 1 survivors (2048K)
 Metaspace       used 20563K, capacity 21078K, committed 21248K, reserved 1069056K
  class space    used 2234K, capacity 2439K, committed 2560K, reserved 1048576K
}
Event: 4.639 GC heap after
{Heap after GC invocations=3 (full 0):
 garbage-first heap   total 524288K, used 11103K [0x0000000600c00000, 0x0000000800000000)
  region size 2048K, 2 young (4096K), 2 survivors (4096K)
 Metaspace       used 20563K, capacity 21078K, committed 21248K, reserved 1069056K
  class space    used 2234K, capacity 2439K, committed 2560K, reserved 1048576K
}

Deoptimization events (20 events):
Event: 5.195 Thread 0x0000016438b33000 DEOPT PACKING pc=0x0000016411a46bf7 sp=0x00000036f47fe3c0
Event: 5.195 Thread 0x0000016438b33000 DEOPT UNPACKING pc=0x00000164110fa95e sp=0x00000036f47fd848 mode 0
Event: 5.303 Thread 0x0000016408985800 Uncommon trap: trap_request=0xffffffc6 fr.pc=0x0000016418c64dd8 relative=0x0000000000002818
Event: 5.304 Thread 0x0000016408985800 Uncommon trap: reason=bimorphic_or_optimized_type_check action=maybe_recompile pc=0x0000016418c64dd8 method=java.util.HashMap.putVal(ILjava/lang/Object;Ljava/lang/Object;ZZ)Ljava/lang/Object; @ 203 c2
Event: 5.304 Thread 0x0000016408985800 DEOPT PACKING pc=0x0000016418c64dd8 sp=0x00000036f2dfda30
Event: 5.306 Thread 0x0000016408985800 DEOPT UNPACKING pc=0x00000164110fa1af sp=0x00000036f2dfd8f8 mode 2
Event: 5.325 Thread 0x0000016438b33000 DEOPT PACKING pc=0x0000016411976599 sp=0x00000036f47fa9d0
Event: 5.325 Thread 0x0000016438b33000 DEOPT UNPACKING pc=0x00000164110fa95e sp=0x00000036f47f9f18 mode 0
Event: 5.355 Thread 0x0000016438b33000 Uncommon trap: trap_request=0xffffffc6 fr.pc=0x0000016418c64d78 relative=0x00000000000027b8
Event: 5.355 Thread 0x0000016438b33000 Uncommon trap: reason=bimorphic_or_optimized_type_check action=maybe_recompile pc=0x0000016418c64d78 method=java.util.HashMap.putVal(ILjava/lang/Object;Ljava/lang/Object;ZZ)Ljava/lang/Object; @ 203 c2
Event: 5.355 Thread 0x0000016438b33000 DEOPT PACKING pc=0x0000016418c64d78 sp=0x00000036f47feb80
Event: 5.355 Thread 0x0000016438b33000 DEOPT UNPACKING pc=0x00000164110fa1af sp=0x00000036f47fea58 mode 2
Event: 5.361 Thread 0x0000016438b33000 Uncommon trap: trap_request=0xffffffc6 fr.pc=0x0000016418c64d78 relative=0x00000000000027b8
Event: 5.361 Thread 0x0000016438b33000 Uncommon trap: reason=bimorphic_or_optimized_type_check action=maybe_recompile pc=0x0000016418c64d78 method=java.util.HashMap.putVal(ILjava/lang/Object;Ljava/lang/Object;ZZ)Ljava/lang/Object; @ 203 c2
Event: 5.361 Thread 0x0000016438b33000 DEOPT PACKING pc=0x0000016418c64d78 sp=0x00000036f47fec40
Event: 5.362 Thread 0x0000016438b33000 DEOPT UNPACKING pc=0x00000164110fa1af sp=0x00000036f47feb08 mode 2
Event: 5.365 Thread 0x0000016438b33000 Uncommon trap: trap_request=0xffffffc6 fr.pc=0x0000016418c64d78 relative=0x00000000000027b8
Event: 5.365 Thread 0x0000016438b33000 Uncommon trap: reason=bimorphic_or_optimized_type_check action=maybe_recompile pc=0x0000016418c64d78 method=java.util.HashMap.putVal(ILjava/lang/Object;Ljava/lang/Object;ZZ)Ljava/lang/Object; @ 203 c2
Event: 5.365 Thread 0x0000016438b33000 DEOPT PACKING pc=0x0000016418c64d78 sp=0x00000036f47fead0
Event: 5.365 Thread 0x0000016438b33000 DEOPT UNPACKING pc=0x00000164110fa1af sp=0x00000036f47fe998 mode 2

Classes redefined (0 events):
No events

Internal exceptions (20 events):
Event: 4.307 Thread 0x0000016408985800 Exception <a 'java/lang/NoSuchMethodError'{0x000000061e8812c0}: 'void java.lang.invoke.DirectMethodHandle$Holder.invokeStaticInit(java.lang.Object, java.lang.Object, java.lang.Object)'> (0x000000061e8812c0) thrown at [./src/hotspot/share/interpreter/linkResolver.cpp, line 773]
Event: 4.333 Thread 0x0000016408985800 Exception <a 'java/lang/NoSuchMethodError'{0x000000061e8a6200}: 'java.lang.Object java.lang.invoke.DirectMethodHandle$Holder.invokeStaticInit(java.lang.Object, java.lang.Object, java.lang.Object)'> (0x000000061e8a6200) thrown at [./src/hotspot/share/interpreter/linkResolver.cpp, line 773]
Event: 5.052 Thread 0x0000016408985800 Exception <a 'java/lang/ClassNotFoundException'{0x000000061f76ccb8}: java/lang/ObjectCustomizer> (0x000000061f76ccb8) thrown at [./src/hotspot/share/classfile/systemDictionary.cpp, line 230]
Event: 5.064 Thread 0x0000016408985800 Exception <a 'java/lang/ClassNotFoundException'{0x000000061f791e58}: org/springframework/context/annotation/ConfigurationClassPostProcessorCustomizer> (0x000000061f791e58) thrown at [./src/hotspot/share/classfile/systemDictionary.cpp, line 230]
Event: 5.067 Thread 0x0000016408985800 Exception <a 'java/lang/ClassNotFoundException'{0x000000061f5b2028}: org/springframework/beans/factory/support/BeanDefinitionRegistryPostProcessorCustomizer> (0x000000061f5b2028) thrown at [./src/hotspot/share/classfile/systemDictionary.cpp, line 230]
Event: 5.068 Thread 0x0000016408985800 Exception <a 'java/lang/ClassNotFoundException'{0x000000061f5d14b0}: org/springframework/beans/factory/config/BeanFactoryPostProcessorCustomizer> (0x000000061f5d14b0) thrown at [./src/hotspot/share/classfile/systemDictionary.cpp, line 230]
Event: 5.071 Thread 0x0000016408985800 Exception <a 'java/lang/ClassNotFoundException'{0x000000061f5ea318}: org/springframework/core/PriorityOrderedCustomizer> (0x000000061f5ea318) thrown at [./src/hotspot/share/classfile/systemDictionary.cpp, line 230]
Event: 5.072 Thread 0x0000016408985800 Exception <a 'java/lang/ClassNotFoundException'{0x000000061f241cf0}: org/springframework/core/OrderedCustomizer> (0x000000061f241cf0) thrown at [./src/hotspot/share/classfile/systemDictionary.cpp, line 230]
Event: 5.073 Thread 0x0000016408985800 Exception <a 'java/lang/ClassNotFoundException'{0x000000061f25bf08}: org/springframework/context/ResourceLoaderAwareCustomizer> (0x000000061f25bf08) thrown at [./src/hotspot/share/classfile/systemDictionary.cpp, line 230]
Event: 5.074 Thread 0x0000016408985800 Exception <a 'java/lang/ClassNotFoundException'{0x000000061f2747a0}: org/springframework/beans/factory/AwareCustomizer> (0x000000061f2747a0) thrown at [./src/hotspot/share/classfile/systemDictionary.cpp, line 230]
Event: 5.074 Thread 0x0000016408985800 Exception <a 'java/lang/ClassNotFoundException'{0x000000061f28eff8}: org/springframework/context/ApplicationStartupAwareCustomizer> (0x000000061f28eff8) thrown at [./src/hotspot/share/classfile/systemDictionary.cpp, line 230]
Event: 5.077 Thread 0x0000016408985800 Exception <a 'java/lang/ClassNotFoundException'{0x000000061f2a7b08}: org/springframework/beans/factory/AwareCustomizer> (0x000000061f2a7b08) thrown at [./src/hotspot/share/classfile/systemDictionary.cpp, line 230]
Event: 5.078 Thread 0x0000016408985800 Exception <a 'java/lang/ClassNotFoundException'{0x000000061f2c2ba8}: org/springframework/beans/factory/BeanClassLoaderAwareCustomizer> (0x000000061f2c2ba8) thrown at [./src/hotspot/share/classfile/systemDictionary.cpp, line 230]
Event: 5.079 Thread 0x0000016408985800 Exception <a 'java/lang/ClassNotFoundException'{0x000000061f2dc2f0}: org/springframework/beans/factory/AwareCustomizer> (0x000000061f2dc2f0) thrown at [./src/hotspot/share/classfile/systemDictionary.cpp, line 230]
Event: 5.080 Thread 0x0000016408985800 Exception <a 'java/lang/ClassNotFoundException'{0x000000061f2f51d0}: org/springframework/context/EnvironmentAwareCustomizer> (0x000000061f2f51d0) thrown at [./src/hotspot/share/classfile/systemDictionary.cpp, line 230]
Event: 5.081 Thread 0x0000016408985800 Exception <a 'java/lang/ClassNotFoundException'{0x000000061f30d9f8}: org/springframework/beans/factory/AwareCustomizer> (0x000000061f30d9f8) thrown at [./src/hotspot/share/classfile/systemDictionary.cpp, line 230]
Event: 5.458 Thread 0x0000016438b33000 Exception <a 'java/lang/NoSuchMethodError'{0x000000061d409700}: 'java.lang.Object java.lang.invoke.DirectMethodHandle$Holder.invokeStaticInit(java.lang.Object, java.lang.Object, java.lang.Object, java.lang.Object, java.lang.Object)'> (0x000000061d409700) thrown at [./src/hotspot/share/interpreter/linkResolver.cpp, line 773]
Event: 5.486 Thread 0x0000016438b33000 Exception <a 'java/lang/NoSuchMethodError'{0x000000061d4ec7c8}: 'java.lang.Object java.lang.invoke.DirectMethodHandle$Holder.invokeSpecial(java.lang.Object, java.lang.Object, int, int, java.lang.Object, java.lang.Object, java.lang.Object)'> (0x000000061d4ec7c8) thrown at [./src/hotspot/share/interpreter/linkResolver.cpp, line 773]
Event: 5.487 Thread 0x0000016438b33000 Exception <a 'java/lang/NoSuchMethodError'{0x000000061d4efd58}: 'java.lang.Object java.lang.invoke.DelegatingMethodHandle$Holder.reinvoke_L(java.lang.Object, int, int, java.lang.Object, java.lang.Object, java.lang.Object)'> (0x000000061d4efd58) thrown at [./src/hotspot/share/interpreter/linkResolver.cpp, line 773]
Event: 5.488 Thread 0x0000016438b33000 Exception <a 'java/lang/NoSuchMethodError'{0x000000061d4f3c38}: 'java.lang.Object java.lang.invoke.DirectMethodHandle$Holder.invokeStatic(java.lang.Object, java.lang.Object, java.lang.Object, java.lang.Object, int)'> (0x000000061d4f3c38) thrown at [./src/hotspot/share/interpreter/linkResolver.cpp, line 773]

Events (20 events):
Event: 5.574 loading class reactor/core/publisher/Mono
Event: 5.574 loading class reactor/core/publisher/Mono done
Event: 5.574 loading class org/springframework/web/reactive/config/WebFluxConfigurer
Event: 5.574 loading class org/springframework/web/reactive/config/WebFluxConfigurer done
Event: 5.574 Executing VM operation: RevokeBias
Event: 5.575 Executing VM operation: RevokeBias done
Event: 5.575 Executing VM operation: RevokeBias
Event: 5.575 Executing VM operation: RevokeBias done
Event: 5.575 loading class com/fasterxml/jackson/databind/deser/DefaultDeserializationContext
Event: 5.575 loading class com/fasterxml/jackson/databind/deser/DefaultDeserializationContext done
Event: 5.575 loading class org/springframework/web/reactive/function/client/WebClient
Event: 5.575 loading class org/springframework/web/reactive/function/client/WebClient done
Event: 5.575 loading class org/springframework/web/reactive/function/client/WebClient
Event: 5.575 loading class org/springframework/web/reactive/function/client/WebClient done
Event: 5.576 loading class org/springframework/web/filter/CharacterEncodingFilter
Event: 5.576 loading class org/springframework/web/filter/CharacterEncodingFilter done
Event: 5.576 loading class com/fasterxml/jackson/databind/DeserializationContext
Event: 5.576 loading class com/fasterxml/jackson/databind/DeserializationContext done
Event: 5.576 loading class org/springframework/web/filter/OncePerRequestFilter
Event: 5.576 loading class org/springframework/web/filter/OncePerRequestFilter done


Dynamic libraries:
0x00007ff72be00000 - 0x00007ff72be0d000 	C:\Users\triton\.jdks\corretto-11.0.14.1\bin\java.exe
0x00007ffec70f0000 - 0x00007ffec72e5000 	C:\WINDOWS\SYSTEM32\ntdll.dll
0x00007ffec5140000 - 0x00007ffec51fe000 	C:\WINDOWS\System32\KERNEL32.DLL
0x00007ffec4c00000 - 0x00007ffec4ec8000 	C:\WINDOWS\System32\KERNELBASE.dll
0x00007ffec4fb0000 - 0x00007ffec50b0000 	C:\WINDOWS\System32\ucrtbase.dll
0x00007ffebfa30000 - 0x00007ffebfa47000 	C:\Users\triton\.jdks\corretto-11.0.14.1\bin\jli.dll
0x00007ffec0500000 - 0x00007ffec0519000 	C:\Users\triton\.jdks\corretto-11.0.14.1\bin\VCRUNTIME140.dll
0x00007ffec6040000 - 0x00007ffec61e0000 	C:\WINDOWS\System32\USER32.dll
0x00007ffec4800000 - 0x00007ffec4822000 	C:\WINDOWS\System32\win32u.dll
0x00007ffea6640000 - 0x00007ffea68da000 	C:\WINDOWS\WinSxS\amd64_microsoft.windows.common-controls_6595b64144ccf1df_6.0.19041.1110_none_60b5254171f9507e\COMCTL32.dll
0x00007ffec63f0000 - 0x00007ffec641b000 	C:\WINDOWS\System32\GDI32.dll
0x00007ffec5fa0000 - 0x00007ffec603e000 	C:\WINDOWS\System32\msvcrt.dll
0x00007ffec4af0000 - 0x00007ffec4bfd000 	C:\WINDOWS\System32\gdi32full.dll
0x00007ffec4990000 - 0x00007ffec4a2d000 	C:\WINDOWS\System32\msvcp_win.dll
0x00007ffec5260000 - 0x00007ffec5290000 	C:\WINDOWS\System32\IMM32.DLL
0x00007ffe935d0000 - 0x00007ffe9366b000 	C:\Users\triton\.jdks\corretto-11.0.14.1\bin\msvcp140.dll
0x00007ffe80c90000 - 0x00007ffe81813000 	C:\Users\triton\.jdks\corretto-11.0.14.1\bin\server\jvm.dll
0x00007ffec5290000 - 0x00007ffec533e000 	C:\WINDOWS\System32\ADVAPI32.dll
0x00007ffec6dc0000 - 0x00007ffec6e5c000 	C:\WINDOWS\System32\sechost.dll
0x00007ffec6480000 - 0x00007ffec65a5000 	C:\WINDOWS\System32\RPCRT4.dll
0x00007ffec6ec0000 - 0x00007ffec6ec8000 	C:\WINDOWS\System32\PSAPI.DLL
0x00007ffea1c50000 - 0x00007ffea1c59000 	C:\WINDOWS\SYSTEM32\WSOCK32.dll
0x00007ffebd8f0000 - 0x00007ffebd917000 	C:\WINDOWS\SYSTEM32\WINMM.dll
0x00007ffebaf10000 - 0x00007ffebaf1a000 	C:\WINDOWS\SYSTEM32\VERSION.dll
0x00007ffec65b0000 - 0x00007ffec661b000 	C:\WINDOWS\System32\WS2_32.dll
0x00007ffec26f0000 - 0x00007ffec2702000 	C:\WINDOWS\SYSTEM32\kernel.appcore.dll
0x00007ffec0670000 - 0x00007ffec0680000 	C:\Users\triton\.jdks\corretto-11.0.14.1\bin\verify.dll
0x00007ffeba730000 - 0x00007ffeba914000 	C:\WINDOWS\SYSTEM32\DBGHELP.DLL
0x00007ffe9c4a0000 - 0x00007ffe9c4cc000 	C:\WINDOWS\SYSTEM32\dbgcore.DLL
0x00007ffec50b0000 - 0x00007ffec5132000 	C:\WINDOWS\System32\bcryptPrimitives.dll
0x00007ffebedd0000 - 0x00007ffebedf8000 	C:\Users\triton\.jdks\corretto-11.0.14.1\bin\java.dll
0x00007ffec0610000 - 0x00007ffec061a000 	C:\Users\triton\.jdks\corretto-11.0.14.1\bin\jimage.dll
0x00007ffebf220000 - 0x00007ffebf22e000 	C:\Users\triton\.jdks\corretto-11.0.14.1\bin\instrument.dll
0x00007ffebf0c0000 - 0x00007ffebf0d8000 	C:\Users\triton\.jdks\corretto-11.0.14.1\bin\zip.dll
0x00007ffec5850000 - 0x00007ffec5f94000 	C:\WINDOWS\System32\SHELL32.dll
0x00007ffec28f0000 - 0x00007ffec3084000 	C:\WINDOWS\SYSTEM32\windows.storage.dll
0x00007ffec6a60000 - 0x00007ffec6db5000 	C:\WINDOWS\System32\combase.dll
0x00007ffec4250000 - 0x00007ffec427e000 	C:\WINDOWS\SYSTEM32\Wldp.dll
0x00007ffec7000000 - 0x00007ffec70ad000 	C:\WINDOWS\System32\SHCORE.dll
0x00007ffec5200000 - 0x00007ffec5255000 	C:\WINDOWS\System32\shlwapi.dll
0x00007ffec4740000 - 0x00007ffec475f000 	C:\WINDOWS\SYSTEM32\profapi.dll
0x00007ffebedb0000 - 0x00007ffebedc9000 	C:\Users\triton\.jdks\corretto-11.0.14.1\bin\net.dll
0x00007ffebd360000 - 0x00007ffebd46c000 	C:\WINDOWS\SYSTEM32\WINHTTP.dll
0x00007ffec3fb0000 - 0x00007ffec401a000 	C:\WINDOWS\system32\mswsock.dll
0x00007ffebd740000 - 0x00007ffebd753000 	C:\Users\triton\.jdks\corretto-11.0.14.1\bin\nio.dll
0x00007ffebd720000 - 0x00007ffebd73a000 	D:\IntelliJIdea\IntelliJ IDEA 2021.3.2\bin\breakgen64.dll
0x00007ffebf030000 - 0x00007ffebf039000 	C:\Users\triton\.jdks\corretto-11.0.14.1\bin\management.dll
0x00007ffebeda0000 - 0x00007ffebedab000 	C:\Users\triton\.jdks\corretto-11.0.14.1\bin\management_ext.dll
0x00007ffe9c320000 - 0x00007ffe9c337000 	C:\WINDOWS\system32\napinsp.dll
0x00007ffe9c300000 - 0x00007ffe9c31b000 	C:\WINDOWS\system32\pnrpnsp.dll
0x00007ffebf5a0000 - 0x00007ffebf5b5000 	C:\WINDOWS\system32\wshbth.dll
0x00007ffec03a0000 - 0x00007ffec03bd000 	C:\WINDOWS\system32\NLAapi.dll
0x00007ffec3c50000 - 0x00007ffec3c8b000 	C:\WINDOWS\SYSTEM32\IPHLPAPI.DLL
0x00007ffec3c90000 - 0x00007ffec3d5b000 	C:\WINDOWS\SYSTEM32\DNSAPI.dll
0x00007ffec57c0000 - 0x00007ffec57c8000 	C:\WINDOWS\System32\NSI.dll
0x00007ffe9c2e0000 - 0x00007ffe9c2f2000 	C:\WINDOWS\System32\winrnr.dll
0x00007ffea7840000 - 0x00007ffea784a000 	C:\Windows\System32\rasadhlp.dll
0x00007ffeb9a70000 - 0x00007ffeb9aef000 	C:\WINDOWS\System32\fwpuclnt.dll
0x00007ffec4f80000 - 0x00007ffec4fa7000 	C:\WINDOWS\System32\bcrypt.dll

dbghelp: loaded successfully - version: 4.0.5 - missing functions: none
symbol engine: initialized successfully - sym options: 0x614 - pdb path: .;C:\Users\triton\.jdks\corretto-11.0.14.1\bin;C:\WINDOWS\SYSTEM32;C:\WINDOWS\WinSxS\amd64_microsoft.windows.common-controls_6595b64144ccf1df_6.0.19041.1110_none_60b5254171f9507e;C:\Users\triton\.jdks\corretto-11.0.14.1\bin\server;D:\IntelliJIdea\IntelliJ IDEA 2021.3.2\bin

VM Arguments:
jvm_args: -ea -Didea.test.cyclic.buffer.size=26214400 -javaagent:D:\IntelliJIdea\IntelliJ IDEA 2021.3.2\lib\idea_rt.jar=53912:D:\IntelliJIdea\IntelliJ IDEA 2021.3.2\bin -Dfile.encoding=UTF-8 
java_command: com.intellij.rt.junit.JUnitStarter -ideVersion5 -junit4 com.voxloud.imageservicevoxloud.ImageServiceTest
java_class_path (initial): D:\IntelliJIdea\IntelliJ IDEA 2021.3.2\lib\idea_rt.jar;D:\IntelliJIdea\IntelliJ IDEA 2021.3.2\plugins\junit\lib\junit5-rt.jar;D:\IntelliJIdea\IntelliJ IDEA 2021.3.2\plugins\junit\lib\junit-rt.jar;D:\JavaProjects\MyImageService\ImageServiceVoxLoud\target\test-classes;D:\JavaProjects\MyImageService\ImageServiceVoxLoud\target\classes;C:\Users\triton\AppData\Roaming\JetBrains\IntelliJIdea2021.3\javascript\extLibs\http_cdn.datatables.net_1.10.15_css_dataTables.jqueryui.css;C:\Users\triton\AppData\Roaming\JetBrains\IntelliJIdea2021.3\javascript\extLibs\http_cdn.datatables.net_1.10.15_js_dataTables.jqueryui.js;C:\Users\triton\AppData\Roaming\JetBrains\IntelliJIdea2021.3\javascript\extLibs\http_cdn.datatables.net_v_dt_dt-1.11.5_datatables.js;C:\Users\triton\.m2\repository\org\springframework\boot\spring-boot-starter-data-jpa\2.6.5\spring-boot-starter-data-jpa-2.6.5.jar;C:\Users\triton\.m2\repository\org\springframework\boot\spring-boot-starter-aop\2.6.6\spring-boot-starter-aop-2.6.6.jar;C:\Users\triton\.m2\repository\org\aspectj\aspectjweaver\1.9.7\aspectjweaver-1.9.7.jar;C:\Users\triton\.m2\repository\org\springframework\boot\spring-boot-starter-jdbc\2.6.6\spring-boot-starter-jdbc-2.6.6.jar;C:\Users\triton\.m2\repository\com\zaxxer\HikariCP\4.0.3\HikariCP-4.0.3.jar;C:\Users\triton\.m2\repository\org\springframework\spring-jdbc\5.3.18\spring-jdbc-5.3.18.jar;C:\Users\triton\.m2\repository\jakarta\transaction\jakarta.transaction-api\1.3.3\jakarta.transaction-api-1.3.3.jar;C:\Users\triton\.m2\repository\jakarta\persistence\jakarta.persistence-api\2.2.3\jakarta.persistence-api-2.2.3.jar;C:\Users\triton\.m2\repository\org\hibernate\hibernate-core\5.6.7.Final\hibernate-core-5.6.7.Final.jar;C:\Users\triton\.m2\repository\org\jboss\logging\jboss-logging\3.4.3.Final\jboss-logging-3.4.3.Final.jar;C:\Users\triton\.m2\repository\net\bytebuddy\byte-buddy\1.11.22\byte-buddy-1.11.22.jar;C:\Users\triton\.m2\repository\antlr\antlr\2.7.7\antlr-2.7.7.jar;C:\Users\
Launcher Type: SUN_STANDARD

[Global flags]
     intx CICompilerCount                          = 4                                         {product} {ergonomic}
     uint ConcGCThreads                            = 2                                         {product} {ergonomic}
     uint G1ConcRefinementThreads                  = 8                                         {product} {ergonomic}
   size_t G1HeapRegionSize                         = 2097152                                   {product} {ergonomic}
    uintx GCDrainStackTargetSize                   = 64                                        {product} {ergonomic}
   size_t InitialHeapSize                          = 536870912                                 {product} {ergonomic}
   size_t MarkStackSize                            = 4194304                                   {product} {ergonomic}
   size_t MaxHeapSize                              = 8577351680                                {product} {ergonomic}
   size_t MaxNewSize                               = 5146411008                                {product} {ergonomic}
   size_t MinHeapDeltaBytes                        = 2097152                                   {product} {ergonomic}
    uintx NonNMethodCodeHeapSize                   = 5836300                                {pd product} {ergonomic}
    uintx NonProfiledCodeHeapSize                  = 122910970                              {pd product} {ergonomic}
    uintx ProfiledCodeHeapSize                     = 122910970                              {pd product} {ergonomic}
    uintx ReservedCodeCacheSize                    = 251658240                              {pd product} {ergonomic}
     bool SegmentedCodeCache                       = true                                      {product} {ergonomic}
     bool UseCompressedClassPointers               = true                                 {lp64_product} {ergonomic}
     bool UseCompressedOops                        = true                                 {lp64_product} {ergonomic}
     bool UseG1GC                                  = true                                      {product} {ergonomic}
     bool UseLargePagesIndividualAllocation        = false                                  {pd product} {ergonomic}

Logging:
Log output configuration:
 #0: stdout all=warning uptime,level,tags
 #1: stderr all=off uptime,level,tags

Environment Variables:
JAVA_HOME=C:\Program Files\Java\jdk-11.0.13
PATH=C:\Program Files\Common Files\Oracle\Java\javapath;C:\Program Files (x86)\Common Files\Oracle\Java\javapath;C:\WINDOWS\system32;C:\WINDOWS;C:\WINDOWS\System32\Wbem;C:\WINDOWS\System32\WindowsPowerShell\v1.0\;C:\WINDOWS\System32\OpenSSH\;C:\Program Files\dotnet\;C:\Program Files\Microsoft SQL Server\130\Tools\Binn\;C:\Program Files (x86)\NVIDIA Corporation\PhysX\Common;C:\Program Files\Microsoft SQL Server\Client SDK\ODBC\170\Tools\Binn\;C:\ProgramData\chocolatey\bin;C:\Program Files\NVIDIA Corporation\NVIDIA NvDLISR;C:\WINDOWS\system32;C:\WINDOWS;C:\WINDOWS\System32\Wbem;C:\WINDOWS\System32\WindowsPowerShell\v1.0\;C:\WINDOWS\System32\OpenSSH\;C:\Program Files\Git\cmd;D:\Golang\bin;C:\Program Files (x86)\dotnet\;C:\Program Files\Docker\Docker\resources\bin;C:\ProgramData\DockerDesktop\version-bin;C:\Program Files\Java\jdk-11.0.13;C:\pmd\bin;C:\Program Files\nodejs\;C:\Program Files\MySQL\MySQL Shell 8.0\bin\;C:\Users\triton\scoop\shims;C:\Users\triton\AppData\Local\Microsoft\WindowsApps;D:\IDEA Java\IntelliJ IDEA 2019.1.1\bin;D:\Pycharm\PyCharm 2019.2.3\bin;C:\Users\triton\AppData\Local\Microsoft\WindowsApps;;D:\IntelliJIdea\IntelliJ IDEA 2021.1.1\bin;;C:\Users\triton\.dotnet\tools;D:\Goland IDE\GoLand 2021.2.1\bin;;C:\Users\triton\go\bin;C:\Users\triton\.dotnet\tools;D:\IntelliJIdea\IntelliJ IDEA 2021.3.2\bin;;C:\Program Files\sfdx\bin;C:\Users\triton\AppData\Local\Programs\Microsoft VS Code\bin;C:\Users\triton\AppData\Roaming\npm
USERNAME=triton
OS=Windows_NT
PROCESSOR_IDENTIFIER=Intel64 Family 6 Model 158 Stepping 9, GenuineIntel



---------------  S Y S T E M  ---------------

OS: Windows 10 , 64 bit Build 19041 (10.0.19041.1499)
OS uptime: 0 days 4:24 hours

CPU:total 8 (initial active 8) (4 cores per cpu, 2 threads per core) family 6 model 158 stepping 9 microcode 0xb4, cmov, cx8, fxsr, mmx, sse, sse2, sse3, ssse3, sse4.1, sse4.2, popcnt, avx, avx2, aes, clmul, erms, 3dnowpref, lzcnt, ht, tsc, tscinvbit, bmi1, bmi2, adx, fma

Memory: 4k page, system-wide physical 32717M (9190M free)
TotalPageFile size 32717M (AvailPageFile size 6M)
current process WorkingSet (physical memory assigned to process): 194M, peak: 194M
current process commit charge ("private bytes"): 670M, peak: 671M

vm_info: OpenJDK 64-Bit Server VM (11.0.14.1+10-LTS) for windows-amd64 JRE (11.0.14.1+10-LTS), built on Feb  8 2022 00:13:20 by "Administrator" with unknown MS VC++:1916

END.
