#
# There is insufficient memory for the Java Runtime Environment to continue.
# Native memory allocation (malloc) failed to allocate 1022656 bytes for Chunk::new
# Possible reasons:
#   The system is out of physical RAM or swap space
#   The process is running with CompressedOops enabled, and the Java Heap may be blocking the growth of the native heap
# Possible solutions:
#   Reduce memory load on the system
#   Increase physical memory or swap space
#   Check if swap backing store is full
#   Decrease Java heap size (-Xmx/-Xms)
#   Decrease number of Java threads
#   Decrease Java thread stack sizes (-Xss)
#   Set larger code cache with -XX:ReservedCodeCacheSize=
#   JVM is running with Zero Based Compressed Oops mode in which the Java heap is
#     placed in the first 32GB address space. The Java Heap base address is the
#     maximum limit for the native heap growth. Please use -XX:HeapBaseMinAddress
#     to set the Java Heap base and to place the Java Heap above 32GB virtual address.
# This output file may be truncated or incomplete.
#
#  Out of Memory Error (./src/hotspot/share/memory/arena.cpp:197), pid=20112, tid=5972
#
# JRE version: OpenJDK Runtime Environment Corretto-11.0.14.10.1 (11.0.14.1+10) (build 11.0.14.1+10-LTS)
# Java VM: OpenJDK 64-Bit Server VM Corretto-11.0.14.10.1 (11.0.14.1+10-LTS, mixed mode, tiered, compressed oops, g1 gc, windows-amd64)
# No core dump will be written. Minidumps are not enabled by default on client versions of Windows
#

---------------  S U M M A R Y ------------

Command Line: -ea -Didea.test.cyclic.buffer.size=26214400 -javaagent:D:\IntelliJIdea\IntelliJ IDEA 2021.3.2\lib\idea_rt.jar=53870:D:\IntelliJIdea\IntelliJ IDEA 2021.3.2\bin -Dfile.encoding=UTF-8 com.intellij.rt.junit.JUnitStarter -ideVersion5 -junit4 com.voxloud.imageservicevoxloud.ImageServiceTest

Host: Intel(R) Core(TM) i7-7700HQ CPU @ 2.80GHz, 8 cores, 31G,  Windows 10 , 64 bit Build 19041 (10.0.19041.1499)
Time: Mon Apr 11 14:14:08 2022 Финляндия (лето) elapsed time: 16.593903 seconds (0d 0h 0m 16s)

---------------  T H R E A D  ---------------

Current thread (0x000002319bc41000):  JavaThread "C2 CompilerThread2" daemon [_thread_in_native, id=5972, stack(0x00000047c0700000,0x00000047c0800000)]


Current CompileTask:
C2:  16594 5543       4       org.springframework.boot.context.properties.source.ConfigurationPropertyName$ElementsParser::parse (234 bytes)

Stack: [0x00000047c0700000,0x00000047c0800000]
Native frames: (J=compiled Java code, j=interpreted, Vv=VM code, C=native code)
V  [jvm.dll+0x61e62a]
V  [jvm.dll+0x7ab569]
V  [jvm.dll+0x7acc58]
V  [jvm.dll+0x7ad333]
V  [jvm.dll+0x24f7f8]
V  [jvm.dll+0xc260c]
V  [jvm.dll+0xc2bcc]
V  [jvm.dll+0x2c16c4]
V  [jvm.dll+0x52d929]
V  [jvm.dll+0x20a60b]
V  [jvm.dll+0x207cfb]
V  [jvm.dll+0x18a2d1]
V  [jvm.dll+0x217574]
V  [jvm.dll+0x2157bb]
V  [jvm.dll+0x76e0c0]
V  [jvm.dll+0x767024]
V  [jvm.dll+0x61d486]
C  [ucrtbase.dll+0x21bb2]
C  [KERNEL32.DLL+0x17034]
C  [ntdll.dll+0x52651]


---------------  P R O C E S S  ---------------

Threads class SMR info:
_java_thread_list=0x000002319a5b6f00, length=14, elements={
0x00000231ec42b800, 0x000002319a38a800, 0x000002319a38b800, 0x000002319a413800,
0x000002319a414800, 0x000002319a416800, 0x000002319a423800, 0x000002319a42a000,
0x000002319a43f000, 0x000002319a7d8000, 0x000002319a873000, 0x000002319eca6000,
0x00000231a0386000, 0x000002319bc41000
}

Java Threads: ( => current thread )
  0x00000231ec42b800 JavaThread "main" [_thread_in_vm, id=5480, stack(0x00000047beb00000,0x00000047bec00000)]
  0x000002319a38a800 JavaThread "Reference Handler" daemon [_thread_blocked, id=11236, stack(0x00000047bf200000,0x00000047bf300000)]
  0x000002319a38b800 JavaThread "Finalizer" daemon [_thread_blocked, id=20572, stack(0x00000047bf300000,0x00000047bf400000)]
  0x000002319a413800 JavaThread "Signal Dispatcher" daemon [_thread_blocked, id=18620, stack(0x00000047bf400000,0x00000047bf500000)]
  0x000002319a414800 JavaThread "Attach Listener" daemon [_thread_blocked, id=9124, stack(0x00000047bf500000,0x00000047bf600000)]
  0x000002319a416800 JavaThread "Service Thread" daemon [_thread_blocked, id=22512, stack(0x00000047bf600000,0x00000047bf700000)]
  0x000002319a423800 JavaThread "C2 CompilerThread0" daemon [_thread_in_native, id=22136, stack(0x00000047bf700000,0x00000047bf800000)]
  0x000002319a42a000 JavaThread "C1 CompilerThread0" daemon [_thread_blocked, id=20164, stack(0x00000047bf800000,0x00000047bf900000)]
  0x000002319a43f000 JavaThread "Sweeper thread" daemon [_thread_blocked, id=8160, stack(0x00000047bf900000,0x00000047bfa00000)]
  0x000002319a7d8000 JavaThread "Common-Cleaner" daemon [_thread_blocked, id=22104, stack(0x00000047bfa00000,0x00000047bfb00000)]
  0x000002319a873000 JavaThread "Monitor Ctrl-Break" daemon [_thread_in_native, id=712, stack(0x00000047bfb00000,0x00000047bfc00000)]
  0x000002319eca6000 JavaThread "HikariPool-1 housekeeper" daemon [_thread_blocked, id=22352, stack(0x00000047c0500000,0x00000047c0600000)]
  0x00000231a0386000 JavaThread "C2 CompilerThread1" daemon [_thread_in_native, id=716, stack(0x00000047bfd00000,0x00000047bfe00000)]
=>0x000002319bc41000 JavaThread "C2 CompilerThread2" daemon [_thread_in_native, id=5972, stack(0x00000047c0700000,0x00000047c0800000)]

Other Threads:
  0x000002319a389800 VMThread "VM Thread" [stack: 0x00000047bf100000,0x00000047bf200000] [id=19980]
  0x000002319a878800 WatcherThread [stack: 0x00000047bfc00000,0x00000047bfd00000] [id=19656]
  0x00000231ec443000 GCTaskThread "GC Thread#0" [stack: 0x00000047bec00000,0x00000047bed00000] [id=7668]
  0x000002319b2fb000 GCTaskThread "GC Thread#1" [stack: 0x00000047bfe00000,0x00000047bff00000] [id=8728]
  0x000002319b5f2000 GCTaskThread "GC Thread#2" [stack: 0x00000047bff00000,0x00000047c0000000] [id=16156]
  0x000002319b5f2800 GCTaskThread "GC Thread#3" [stack: 0x00000047c0000000,0x00000047c0100000] [id=22120]
  0x000002319b671800 GCTaskThread "GC Thread#4" [stack: 0x00000047c0100000,0x00000047c0200000] [id=21980]
  0x000002319b672000 GCTaskThread "GC Thread#5" [stack: 0x00000047c0200000,0x00000047c0300000] [id=2588]
  0x000002319b2a9800 GCTaskThread "GC Thread#6" [stack: 0x00000047c0300000,0x00000047c0400000] [id=21976]
  0x000002319b2aa000 GCTaskThread "GC Thread#7" [stack: 0x00000047c0400000,0x00000047c0500000] [id=1112]
  0x00000231ea28a000 ConcurrentGCThread "G1 Main Marker" [stack: 0x00000047bed00000,0x00000047bee00000] [id=3044]
  0x00000231ea28c800 ConcurrentGCThread "G1 Conc#0" [stack: 0x00000047bee00000,0x00000047bef00000] [id=21720]
  0x000002319b816800 ConcurrentGCThread "G1 Conc#1" [stack: 0x00000047c0600000,0x00000047c0700000] [id=13352]
  0x00000231999e6800 ConcurrentGCThread "G1 Refine#0" [stack: 0x00000047bef00000,0x00000047bf000000] [id=12304]
  0x00000231999e7800 ConcurrentGCThread "G1 Young RemSet Sampling" [stack: 0x00000047bf000000,0x00000047bf100000] [id=18116]

Threads with active compile tasks:
C2 CompilerThread0  16633 5535       4       org.springframework.boot.context.properties.source.ConfigurationPropertyName$ElementsParser::add (220 bytes)
C2 CompilerThread1  16633 5540       4       org.springframework.boot.context.properties.source.SpringConfigurationPropertySources$SourcesIterator::fetchNext (138 bytes)
C2 CompilerThread2  16633 5543       4       org.springframework.boot.context.properties.source.ConfigurationPropertyName$ElementsParser::parse (234 bytes)

VM state:not at safepoint (normal execution)

VM Mutex/Monitor currently owned by a thread: None

Heap address: 0x0000000600c00000, size: 8180 MB, Compressed Oops mode: Zero based, Oop shift amount: 3
Narrow klass base: 0x0000000800000000, Narrow klass shift: 0
Compressed class space size: 1073741824 Address: 0x0000000800000000

Heap:
 garbage-first heap   total 524288K, used 154972K [0x0000000600c00000, 0x0000000800000000)
  region size 2048K, 73 young (149504K), 8 survivors (16384K)
 Metaspace       used 68524K, capacity 70197K, committed 70400K, reserved 1110016K
  class space    used 8685K, capacity 9353K, committed 9472K, reserved 1048576K
Heap Regions: E=young(eden), S=young(survivor), O=old, HS=humongous(starts), HC=humongous(continues), CS=collection set, F=free, A=archive, TAMS=top-at-mark-start (previous, next)
|   0|0x0000000600c00000, 0x0000000600e00000, 0x0000000600e00000|100%| O|  |TAMS 0x0000000600e00000, 0x0000000600c00000| Untracked 
|   1|0x0000000600e00000, 0x0000000601000000, 0x0000000601000000|100%| O|  |TAMS 0x0000000601000000, 0x0000000600e00000| Untracked 
|   2|0x0000000601000000, 0x0000000601200000, 0x0000000601200000|100%| O|  |TAMS 0x0000000601200000, 0x0000000601000000| Untracked 
|   3|0x0000000601200000, 0x00000006013ff000, 0x0000000601400000| 99%| O|  |TAMS 0x00000006013ff000, 0x0000000601200000| Untracked 
|   4|0x0000000601400000, 0x0000000601400000, 0x0000000601600000|  0%| F|  |TAMS 0x0000000601400000, 0x0000000601400000| Untracked 
|   5|0x0000000601600000, 0x0000000601600000, 0x0000000601800000|  0%| F|  |TAMS 0x0000000601600000, 0x0000000601600000| Untracked 
|   6|0x0000000601800000, 0x0000000601800000, 0x0000000601a00000|  0%| F|  |TAMS 0x0000000601800000, 0x0000000601800000| Untracked 
|   7|0x0000000601a00000, 0x0000000601a00000, 0x0000000601c00000|  0%| F|  |TAMS 0x0000000601a00000, 0x0000000601a00000| Untracked 
|   8|0x0000000601c00000, 0x0000000601c00000, 0x0000000601e00000|  0%| F|  |TAMS 0x0000000601c00000, 0x0000000601c00000| Untracked 
|   9|0x0000000601e00000, 0x0000000601e00000, 0x0000000602000000|  0%| F|  |TAMS 0x0000000601e00000, 0x0000000601e00000| Untracked 
|  10|0x0000000602000000, 0x0000000602000000, 0x0000000602200000|  0%| F|  |TAMS 0x0000000602000000, 0x0000000602000000| Untracked 
|  11|0x0000000602200000, 0x0000000602200000, 0x0000000602400000|  0%| F|  |TAMS 0x0000000602200000, 0x0000000602200000| Untracked 
|  12|0x0000000602400000, 0x0000000602400000, 0x0000000602600000|  0%| F|  |TAMS 0x0000000602400000, 0x0000000602400000| Untracked 
|  13|0x0000000602600000, 0x0000000602600000, 0x0000000602800000|  0%| F|  |TAMS 0x0000000602600000, 0x0000000602600000| Untracked 
|  14|0x0000000602800000, 0x0000000602800000, 0x0000000602a00000|  0%| F|  |TAMS 0x0000000602800000, 0x0000000602800000| Untracked 
|  15|0x0000000602a00000, 0x0000000602a00000, 0x0000000602c00000|  0%| F|  |TAMS 0x0000000602a00000, 0x0000000602a00000| Untracked 
|  16|0x0000000602c00000, 0x0000000602c00000, 0x0000000602e00000|  0%| F|  |TAMS 0x0000000602c00000, 0x0000000602c00000| Untracked 
|  17|0x0000000602e00000, 0x0000000602e00000, 0x0000000603000000|  0%| F|  |TAMS 0x0000000602e00000, 0x0000000602e00000| Untracked 
|  18|0x0000000603000000, 0x0000000603000000, 0x0000000603200000|  0%| F|  |TAMS 0x0000000603000000, 0x0000000603000000| Untracked 
|  19|0x0000000603200000, 0x0000000603200000, 0x0000000603400000|  0%| F|  |TAMS 0x0000000603200000, 0x0000000603200000| Untracked 
|  20|0x0000000603400000, 0x0000000603400000, 0x0000000603600000|  0%| F|  |TAMS 0x0000000603400000, 0x0000000603400000| Untracked 
|  21|0x0000000603600000, 0x0000000603600000, 0x0000000603800000|  0%| F|  |TAMS 0x0000000603600000, 0x0000000603600000| Untracked 
|  22|0x0000000603800000, 0x0000000603800000, 0x0000000603a00000|  0%| F|  |TAMS 0x0000000603800000, 0x0000000603800000| Untracked 
|  23|0x0000000603a00000, 0x0000000603a00000, 0x0000000603c00000|  0%| F|  |TAMS 0x0000000603a00000, 0x0000000603a00000| Untracked 
|  24|0x0000000603c00000, 0x0000000603c00000, 0x0000000603e00000|  0%| F|  |TAMS 0x0000000603c00000, 0x0000000603c00000| Untracked 
|  25|0x0000000603e00000, 0x0000000603e00000, 0x0000000604000000|  0%| F|  |TAMS 0x0000000603e00000, 0x0000000603e00000| Untracked 
|  26|0x0000000604000000, 0x0000000604000000, 0x0000000604200000|  0%| F|  |TAMS 0x0000000604000000, 0x0000000604000000| Untracked 
|  27|0x0000000604200000, 0x0000000604200000, 0x0000000604400000|  0%| F|  |TAMS 0x0000000604200000, 0x0000000604200000| Untracked 
|  28|0x0000000604400000, 0x0000000604400000, 0x0000000604600000|  0%| F|  |TAMS 0x0000000604400000, 0x0000000604400000| Untracked 
|  29|0x0000000604600000, 0x0000000604600000, 0x0000000604800000|  0%| F|  |TAMS 0x0000000604600000, 0x0000000604600000| Untracked 
|  30|0x0000000604800000, 0x0000000604800000, 0x0000000604a00000|  0%| F|  |TAMS 0x0000000604800000, 0x0000000604800000| Untracked 
|  31|0x0000000604a00000, 0x0000000604a00000, 0x0000000604c00000|  0%| F|  |TAMS 0x0000000604a00000, 0x0000000604a00000| Untracked 
|  32|0x0000000604c00000, 0x0000000604c00000, 0x0000000604e00000|  0%| F|  |TAMS 0x0000000604c00000, 0x0000000604c00000| Untracked 
|  33|0x0000000604e00000, 0x0000000604e00000, 0x0000000605000000|  0%| F|  |TAMS 0x0000000604e00000, 0x0000000604e00000| Untracked 
|  34|0x0000000605000000, 0x0000000605000000, 0x0000000605200000|  0%| F|  |TAMS 0x0000000605000000, 0x0000000605000000| Untracked 
|  35|0x0000000605200000, 0x0000000605200000, 0x0000000605400000|  0%| F|  |TAMS 0x0000000605200000, 0x0000000605200000| Untracked 
|  36|0x0000000605400000, 0x0000000605400000, 0x0000000605600000|  0%| F|  |TAMS 0x0000000605400000, 0x0000000605400000| Untracked 
|  37|0x0000000605600000, 0x0000000605600000, 0x0000000605800000|  0%| F|  |TAMS 0x0000000605600000, 0x0000000605600000| Untracked 
|  38|0x0000000605800000, 0x0000000605800000, 0x0000000605a00000|  0%| F|  |TAMS 0x0000000605800000, 0x0000000605800000| Untracked 
|  39|0x0000000605a00000, 0x0000000605a00000, 0x0000000605c00000|  0%| F|  |TAMS 0x0000000605a00000, 0x0000000605a00000| Untracked 
|  40|0x0000000605c00000, 0x0000000605c00000, 0x0000000605e00000|  0%| F|  |TAMS 0x0000000605c00000, 0x0000000605c00000| Untracked 
|  41|0x0000000605e00000, 0x0000000605e00000, 0x0000000606000000|  0%| F|  |TAMS 0x0000000605e00000, 0x0000000605e00000| Untracked 
|  42|0x0000000606000000, 0x0000000606000000, 0x0000000606200000|  0%| F|  |TAMS 0x0000000606000000, 0x0000000606000000| Untracked 
|  43|0x0000000606200000, 0x0000000606200000, 0x0000000606400000|  0%| F|  |TAMS 0x0000000606200000, 0x0000000606200000| Untracked 
|  44|0x0000000606400000, 0x0000000606400000, 0x0000000606600000|  0%| F|  |TAMS 0x0000000606400000, 0x0000000606400000| Untracked 
|  45|0x0000000606600000, 0x0000000606600000, 0x0000000606800000|  0%| F|  |TAMS 0x0000000606600000, 0x0000000606600000| Untracked 
|  46|0x0000000606800000, 0x0000000606800000, 0x0000000606a00000|  0%| F|  |TAMS 0x0000000606800000, 0x0000000606800000| Untracked 
|  47|0x0000000606a00000, 0x0000000606a00000, 0x0000000606c00000|  0%| F|  |TAMS 0x0000000606a00000, 0x0000000606a00000| Untracked 
|  48|0x0000000606c00000, 0x0000000606c00000, 0x0000000606e00000|  0%| F|  |TAMS 0x0000000606c00000, 0x0000000606c00000| Untracked 
|  49|0x0000000606e00000, 0x0000000606e00000, 0x0000000607000000|  0%| F|  |TAMS 0x0000000606e00000, 0x0000000606e00000| Untracked 
|  50|0x0000000607000000, 0x0000000607000000, 0x0000000607200000|  0%| F|  |TAMS 0x0000000607000000, 0x0000000607000000| Untracked 
|  51|0x0000000607200000, 0x0000000607200000, 0x0000000607400000|  0%| F|  |TAMS 0x0000000607200000, 0x0000000607200000| Untracked 
|  52|0x0000000607400000, 0x0000000607400000, 0x0000000607600000|  0%| F|  |TAMS 0x0000000607400000, 0x0000000607400000| Untracked 
|  53|0x0000000607600000, 0x0000000607600000, 0x0000000607800000|  0%| F|  |TAMS 0x0000000607600000, 0x0000000607600000| Untracked 
|  54|0x0000000607800000, 0x0000000607800000, 0x0000000607a00000|  0%| F|  |TAMS 0x0000000607800000, 0x0000000607800000| Untracked 
|  55|0x0000000607a00000, 0x0000000607a00000, 0x0000000607c00000|  0%| F|  |TAMS 0x0000000607a00000, 0x0000000607a00000| Untracked 
|  56|0x0000000607c00000, 0x0000000607c00000, 0x0000000607e00000|  0%| F|  |TAMS 0x0000000607c00000, 0x0000000607c00000| Untracked 
|  57|0x0000000607e00000, 0x0000000607e00000, 0x0000000608000000|  0%| F|  |TAMS 0x0000000607e00000, 0x0000000607e00000| Untracked 
|  58|0x0000000608000000, 0x0000000608000000, 0x0000000608200000|  0%| F|  |TAMS 0x0000000608000000, 0x0000000608000000| Untracked 
|  59|0x0000000608200000, 0x0000000608200000, 0x0000000608400000|  0%| F|  |TAMS 0x0000000608200000, 0x0000000608200000| Untracked 
|  60|0x0000000608400000, 0x0000000608400000, 0x0000000608600000|  0%| F|  |TAMS 0x0000000608400000, 0x0000000608400000| Untracked 
|  61|0x0000000608600000, 0x0000000608600000, 0x0000000608800000|  0%| F|  |TAMS 0x0000000608600000, 0x0000000608600000| Untracked 
|  62|0x0000000608800000, 0x0000000608800000, 0x0000000608a00000|  0%| F|  |TAMS 0x0000000608800000, 0x0000000608800000| Untracked 
|  63|0x0000000608a00000, 0x0000000608a00000, 0x0000000608c00000|  0%| F|  |TAMS 0x0000000608a00000, 0x0000000608a00000| Untracked 
|  64|0x0000000608c00000, 0x0000000608c00000, 0x0000000608e00000|  0%| F|  |TAMS 0x0000000608c00000, 0x0000000608c00000| Untracked 
|  65|0x0000000608e00000, 0x0000000608e00000, 0x0000000609000000|  0%| F|  |TAMS 0x0000000608e00000, 0x0000000608e00000| Untracked 
|  66|0x0000000609000000, 0x0000000609000000, 0x0000000609200000|  0%| F|  |TAMS 0x0000000609000000, 0x0000000609000000| Untracked 
|  67|0x0000000609200000, 0x0000000609200000, 0x0000000609400000|  0%| F|  |TAMS 0x0000000609200000, 0x0000000609200000| Untracked 
|  68|0x0000000609400000, 0x0000000609400000, 0x0000000609600000|  0%| F|  |TAMS 0x0000000609400000, 0x0000000609400000| Untracked 
|  69|0x0000000609600000, 0x0000000609600000, 0x0000000609800000|  0%| F|  |TAMS 0x0000000609600000, 0x0000000609600000| Untracked 
|  70|0x0000000609800000, 0x0000000609800000, 0x0000000609a00000|  0%| F|  |TAMS 0x0000000609800000, 0x0000000609800000| Untracked 
|  71|0x0000000609a00000, 0x0000000609a00000, 0x0000000609c00000|  0%| F|  |TAMS 0x0000000609a00000, 0x0000000609a00000| Untracked 
|  72|0x0000000609c00000, 0x0000000609c00000, 0x0000000609e00000|  0%| F|  |TAMS 0x0000000609c00000, 0x0000000609c00000| Untracked 
|  73|0x0000000609e00000, 0x0000000609e00000, 0x000000060a000000|  0%| F|  |TAMS 0x0000000609e00000, 0x0000000609e00000| Untracked 
|  74|0x000000060a000000, 0x000000060a000000, 0x000000060a200000|  0%| F|  |TAMS 0x000000060a000000, 0x000000060a000000| Untracked 
|  75|0x000000060a200000, 0x000000060a200000, 0x000000060a400000|  0%| F|  |TAMS 0x000000060a200000, 0x000000060a200000| Untracked 
|  76|0x000000060a400000, 0x000000060a400000, 0x000000060a600000|  0%| F|  |TAMS 0x000000060a400000, 0x000000060a400000| Untracked 
|  77|0x000000060a600000, 0x000000060a600000, 0x000000060a800000|  0%| F|  |TAMS 0x000000060a600000, 0x000000060a600000| Untracked 
|  78|0x000000060a800000, 0x000000060a800000, 0x000000060aa00000|  0%| F|  |TAMS 0x000000060a800000, 0x000000060a800000| Untracked 
|  79|0x000000060aa00000, 0x000000060aa00000, 0x000000060ac00000|  0%| F|  |TAMS 0x000000060aa00000, 0x000000060aa00000| Untracked 
|  80|0x000000060ac00000, 0x000000060ac00000, 0x000000060ae00000|  0%| F|  |TAMS 0x000000060ac00000, 0x000000060ac00000| Untracked 
|  81|0x000000060ae00000, 0x000000060ae00000, 0x000000060b000000|  0%| F|  |TAMS 0x000000060ae00000, 0x000000060ae00000| Untracked 
|  82|0x000000060b000000, 0x000000060b000000, 0x000000060b200000|  0%| F|  |TAMS 0x000000060b000000, 0x000000060b000000| Untracked 
|  83|0x000000060b200000, 0x000000060b200000, 0x000000060b400000|  0%| F|  |TAMS 0x000000060b200000, 0x000000060b200000| Untracked 
|  84|0x000000060b400000, 0x000000060b400000, 0x000000060b600000|  0%| F|  |TAMS 0x000000060b400000, 0x000000060b400000| Untracked 
|  85|0x000000060b600000, 0x000000060b600000, 0x000000060b800000|  0%| F|  |TAMS 0x000000060b600000, 0x000000060b600000| Untracked 
|  86|0x000000060b800000, 0x000000060b800000, 0x000000060ba00000|  0%| F|  |TAMS 0x000000060b800000, 0x000000060b800000| Untracked 
|  87|0x000000060ba00000, 0x000000060ba00000, 0x000000060bc00000|  0%| F|  |TAMS 0x000000060ba00000, 0x000000060ba00000| Untracked 
|  88|0x000000060bc00000, 0x000000060bc00000, 0x000000060be00000|  0%| F|  |TAMS 0x000000060bc00000, 0x000000060bc00000| Untracked 
|  89|0x000000060be00000, 0x000000060be00000, 0x000000060c000000|  0%| F|  |TAMS 0x000000060be00000, 0x000000060be00000| Untracked 
|  90|0x000000060c000000, 0x000000060c000000, 0x000000060c200000|  0%| F|  |TAMS 0x000000060c000000, 0x000000060c000000| Untracked 
|  91|0x000000060c200000, 0x000000060c200000, 0x000000060c400000|  0%| F|  |TAMS 0x000000060c200000, 0x000000060c200000| Untracked 
|  92|0x000000060c400000, 0x000000060c400000, 0x000000060c600000|  0%| F|  |TAMS 0x000000060c400000, 0x000000060c400000| Untracked 
|  93|0x000000060c600000, 0x000000060c600000, 0x000000060c800000|  0%| F|  |TAMS 0x000000060c600000, 0x000000060c600000| Untracked 
|  94|0x000000060c800000, 0x000000060c800000, 0x000000060ca00000|  0%| F|  |TAMS 0x000000060c800000, 0x000000060c800000| Untracked 
|  95|0x000000060ca00000, 0x000000060ca00000, 0x000000060cc00000|  0%| F|  |TAMS 0x000000060ca00000, 0x000000060ca00000| Untracked 
|  96|0x000000060cc00000, 0x000000060cc00000, 0x000000060ce00000|  0%| F|  |TAMS 0x000000060cc00000, 0x000000060cc00000| Untracked 
|  97|0x000000060ce00000, 0x000000060ce00000, 0x000000060d000000|  0%| F|  |TAMS 0x000000060ce00000, 0x000000060ce00000| Untracked 
|  98|0x000000060d000000, 0x000000060d000000, 0x000000060d200000|  0%| F|  |TAMS 0x000000060d000000, 0x000000060d000000| Untracked 
|  99|0x000000060d200000, 0x000000060d200000, 0x000000060d400000|  0%| F|  |TAMS 0x000000060d200000, 0x000000060d200000| Untracked 
| 100|0x000000060d400000, 0x000000060d400000, 0x000000060d600000|  0%| F|  |TAMS 0x000000060d400000, 0x000000060d400000| Untracked 
| 101|0x000000060d600000, 0x000000060d600000, 0x000000060d800000|  0%| F|  |TAMS 0x000000060d600000, 0x000000060d600000| Untracked 
| 102|0x000000060d800000, 0x000000060d800000, 0x000000060da00000|  0%| F|  |TAMS 0x000000060d800000, 0x000000060d800000| Untracked 
| 103|0x000000060da00000, 0x000000060da00000, 0x000000060dc00000|  0%| F|  |TAMS 0x000000060da00000, 0x000000060da00000| Untracked 
| 104|0x000000060dc00000, 0x000000060dc00000, 0x000000060de00000|  0%| F|  |TAMS 0x000000060dc00000, 0x000000060dc00000| Untracked 
| 105|0x000000060de00000, 0x000000060de00000, 0x000000060e000000|  0%| F|  |TAMS 0x000000060de00000, 0x000000060de00000| Untracked 
| 106|0x000000060e000000, 0x000000060e000000, 0x000000060e200000|  0%| F|  |TAMS 0x000000060e000000, 0x000000060e000000| Untracked 
| 107|0x000000060e200000, 0x000000060e200000, 0x000000060e400000|  0%| F|  |TAMS 0x000000060e200000, 0x000000060e200000| Untracked 
| 108|0x000000060e400000, 0x000000060e400000, 0x000000060e600000|  0%| F|  |TAMS 0x000000060e400000, 0x000000060e400000| Untracked 
| 109|0x000000060e600000, 0x000000060e600000, 0x000000060e800000|  0%| F|  |TAMS 0x000000060e600000, 0x000000060e600000| Untracked 
| 110|0x000000060e800000, 0x000000060e800000, 0x000000060ea00000|  0%| F|  |TAMS 0x000000060e800000, 0x000000060e800000| Untracked 
| 111|0x000000060ea00000, 0x000000060ea00000, 0x000000060ec00000|  0%| F|  |TAMS 0x000000060ea00000, 0x000000060ea00000| Untracked 
| 112|0x000000060ec00000, 0x000000060ec00000, 0x000000060ee00000|  0%| F|  |TAMS 0x000000060ec00000, 0x000000060ec00000| Untracked 
| 113|0x000000060ee00000, 0x000000060ee00000, 0x000000060f000000|  0%| F|  |TAMS 0x000000060ee00000, 0x000000060ee00000| Untracked 
| 114|0x000000060f000000, 0x000000060f000000, 0x000000060f200000|  0%| F|  |TAMS 0x000000060f000000, 0x000000060f000000| Untracked 
| 115|0x000000060f200000, 0x000000060f200000, 0x000000060f400000|  0%| F|  |TAMS 0x000000060f200000, 0x000000060f200000| Untracked 
| 116|0x000000060f400000, 0x000000060f400000, 0x000000060f600000|  0%| F|  |TAMS 0x000000060f400000, 0x000000060f400000| Untracked 
| 117|0x000000060f600000, 0x000000060f600000, 0x000000060f800000|  0%| F|  |TAMS 0x000000060f600000, 0x000000060f600000| Untracked 
| 118|0x000000060f800000, 0x000000060f800000, 0x000000060fa00000|  0%| F|  |TAMS 0x000000060f800000, 0x000000060f800000| Untracked 
| 119|0x000000060fa00000, 0x000000060fa00000, 0x000000060fc00000|  0%| F|  |TAMS 0x000000060fa00000, 0x000000060fa00000| Untracked 
| 120|0x000000060fc00000, 0x000000060fc00000, 0x000000060fe00000|  0%| F|  |TAMS 0x000000060fc00000, 0x000000060fc00000| Untracked 
| 121|0x000000060fe00000, 0x000000060fe00000, 0x0000000610000000|  0%| F|  |TAMS 0x000000060fe00000, 0x000000060fe00000| Untracked 
| 122|0x0000000610000000, 0x0000000610000000, 0x0000000610200000|  0%| F|  |TAMS 0x0000000610000000, 0x0000000610000000| Untracked 
| 123|0x0000000610200000, 0x0000000610200000, 0x0000000610400000|  0%| F|  |TAMS 0x0000000610200000, 0x0000000610200000| Untracked 
| 124|0x0000000610400000, 0x0000000610400000, 0x0000000610600000|  0%| F|  |TAMS 0x0000000610400000, 0x0000000610400000| Untracked 
| 125|0x0000000610600000, 0x0000000610600000, 0x0000000610800000|  0%| F|  |TAMS 0x0000000610600000, 0x0000000610600000| Untracked 
| 126|0x0000000610800000, 0x0000000610800000, 0x0000000610a00000|  0%| F|  |TAMS 0x0000000610800000, 0x0000000610800000| Untracked 
| 127|0x0000000610a00000, 0x0000000610a00000, 0x0000000610c00000|  0%| F|  |TAMS 0x0000000610a00000, 0x0000000610a00000| Untracked 
| 128|0x0000000610c00000, 0x0000000610c00000, 0x0000000610e00000|  0%| F|  |TAMS 0x0000000610c00000, 0x0000000610c00000| Untracked 
| 129|0x0000000610e00000, 0x0000000610e00000, 0x0000000611000000|  0%| F|  |TAMS 0x0000000610e00000, 0x0000000610e00000| Untracked 
| 130|0x0000000611000000, 0x0000000611000000, 0x0000000611200000|  0%| F|  |TAMS 0x0000000611000000, 0x0000000611000000| Untracked 
| 131|0x0000000611200000, 0x0000000611200000, 0x0000000611400000|  0%| F|  |TAMS 0x0000000611200000, 0x0000000611200000| Untracked 
| 132|0x0000000611400000, 0x0000000611400000, 0x0000000611600000|  0%| F|  |TAMS 0x0000000611400000, 0x0000000611400000| Untracked 
| 133|0x0000000611600000, 0x0000000611600000, 0x0000000611800000|  0%| F|  |TAMS 0x0000000611600000, 0x0000000611600000| Untracked 
| 134|0x0000000611800000, 0x0000000611800000, 0x0000000611a00000|  0%| F|  |TAMS 0x0000000611800000, 0x0000000611800000| Untracked 
| 135|0x0000000611a00000, 0x0000000611a00000, 0x0000000611c00000|  0%| F|  |TAMS 0x0000000611a00000, 0x0000000611a00000| Untracked 
| 136|0x0000000611c00000, 0x0000000611c00000, 0x0000000611e00000|  0%| F|  |TAMS 0x0000000611c00000, 0x0000000611c00000| Untracked 
| 137|0x0000000611e00000, 0x0000000611e00000, 0x0000000612000000|  0%| F|  |TAMS 0x0000000611e00000, 0x0000000611e00000| Untracked 
| 138|0x0000000612000000, 0x0000000612000000, 0x0000000612200000|  0%| F|  |TAMS 0x0000000612000000, 0x0000000612000000| Untracked 
| 139|0x0000000612200000, 0x0000000612200000, 0x0000000612400000|  0%| F|  |TAMS 0x0000000612200000, 0x0000000612200000| Untracked 
| 140|0x0000000612400000, 0x0000000612400000, 0x0000000612600000|  0%| F|  |TAMS 0x0000000612400000, 0x0000000612400000| Untracked 
| 141|0x0000000612600000, 0x0000000612600000, 0x0000000612800000|  0%| F|  |TAMS 0x0000000612600000, 0x0000000612600000| Untracked 
| 142|0x0000000612800000, 0x0000000612800000, 0x0000000612a00000|  0%| F|  |TAMS 0x0000000612800000, 0x0000000612800000| Untracked 
| 143|0x0000000612a00000, 0x0000000612a00000, 0x0000000612c00000|  0%| F|  |TAMS 0x0000000612a00000, 0x0000000612a00000| Untracked 
| 144|0x0000000612c00000, 0x0000000612c00000, 0x0000000612e00000|  0%| F|  |TAMS 0x0000000612c00000, 0x0000000612c00000| Untracked 
| 145|0x0000000612e00000, 0x0000000612e00000, 0x0000000613000000|  0%| F|  |TAMS 0x0000000612e00000, 0x0000000612e00000| Untracked 
| 146|0x0000000613000000, 0x0000000613000000, 0x0000000613200000|  0%| F|  |TAMS 0x0000000613000000, 0x0000000613000000| Untracked 
| 147|0x0000000613200000, 0x0000000613200000, 0x0000000613400000|  0%| F|  |TAMS 0x0000000613200000, 0x0000000613200000| Untracked 
| 148|0x0000000613400000, 0x0000000613400000, 0x0000000613600000|  0%| F|  |TAMS 0x0000000613400000, 0x0000000613400000| Untracked 
| 149|0x0000000613600000, 0x0000000613600000, 0x0000000613800000|  0%| F|  |TAMS 0x0000000613600000, 0x0000000613600000| Untracked 
| 150|0x0000000613800000, 0x0000000613800000, 0x0000000613a00000|  0%| F|  |TAMS 0x0000000613800000, 0x0000000613800000| Untracked 
| 151|0x0000000613a00000, 0x0000000613a00000, 0x0000000613c00000|  0%| F|  |TAMS 0x0000000613a00000, 0x0000000613a00000| Untracked 
| 152|0x0000000613c00000, 0x0000000613c00000, 0x0000000613e00000|  0%| F|  |TAMS 0x0000000613c00000, 0x0000000613c00000| Untracked 
| 153|0x0000000613e00000, 0x0000000613e00000, 0x0000000614000000|  0%| F|  |TAMS 0x0000000613e00000, 0x0000000613e00000| Untracked 
| 154|0x0000000614000000, 0x0000000614000000, 0x0000000614200000|  0%| F|  |TAMS 0x0000000614000000, 0x0000000614000000| Untracked 
| 155|0x0000000614200000, 0x0000000614200000, 0x0000000614400000|  0%| F|  |TAMS 0x0000000614200000, 0x0000000614200000| Untracked 
| 156|0x0000000614400000, 0x0000000614400000, 0x0000000614600000|  0%| F|  |TAMS 0x0000000614400000, 0x0000000614400000| Untracked 
| 157|0x0000000614600000, 0x0000000614600000, 0x0000000614800000|  0%| F|  |TAMS 0x0000000614600000, 0x0000000614600000| Untracked 
| 158|0x0000000614800000, 0x0000000614800000, 0x0000000614a00000|  0%| F|  |TAMS 0x0000000614800000, 0x0000000614800000| Untracked 
| 159|0x0000000614a00000, 0x0000000614a00000, 0x0000000614c00000|  0%| F|  |TAMS 0x0000000614a00000, 0x0000000614a00000| Untracked 
| 160|0x0000000614c00000, 0x0000000614c00000, 0x0000000614e00000|  0%| F|  |TAMS 0x0000000614c00000, 0x0000000614c00000| Untracked 
| 161|0x0000000614e00000, 0x0000000614e00000, 0x0000000615000000|  0%| F|  |TAMS 0x0000000614e00000, 0x0000000614e00000| Untracked 
| 162|0x0000000615000000, 0x0000000615000000, 0x0000000615200000|  0%| F|  |TAMS 0x0000000615000000, 0x0000000615000000| Untracked 
| 163|0x0000000615200000, 0x0000000615200000, 0x0000000615400000|  0%| F|  |TAMS 0x0000000615200000, 0x0000000615200000| Untracked 
| 164|0x0000000615400000, 0x0000000615400000, 0x0000000615600000|  0%| F|  |TAMS 0x0000000615400000, 0x0000000615400000| Untracked 
| 165|0x0000000615600000, 0x0000000615600000, 0x0000000615800000|  0%| F|  |TAMS 0x0000000615600000, 0x0000000615600000| Untracked 
| 166|0x0000000615800000, 0x0000000615800000, 0x0000000615a00000|  0%| F|  |TAMS 0x0000000615800000, 0x0000000615800000| Untracked 
| 167|0x0000000615a00000, 0x0000000615a00000, 0x0000000615c00000|  0%| F|  |TAMS 0x0000000615a00000, 0x0000000615a00000| Untracked 
| 168|0x0000000615c00000, 0x0000000615c00000, 0x0000000615e00000|  0%| F|  |TAMS 0x0000000615c00000, 0x0000000615c00000| Untracked 
| 169|0x0000000615e00000, 0x0000000615e00000, 0x0000000616000000|  0%| F|  |TAMS 0x0000000615e00000, 0x0000000615e00000| Untracked 
| 170|0x0000000616000000, 0x0000000616000000, 0x0000000616200000|  0%| F|  |TAMS 0x0000000616000000, 0x0000000616000000| Untracked 
| 171|0x0000000616200000, 0x0000000616200000, 0x0000000616400000|  0%| F|  |TAMS 0x0000000616200000, 0x0000000616200000| Untracked 
| 172|0x0000000616400000, 0x0000000616400000, 0x0000000616600000|  0%| F|  |TAMS 0x0000000616400000, 0x0000000616400000| Untracked 
| 173|0x0000000616600000, 0x0000000616600000, 0x0000000616800000|  0%| F|  |TAMS 0x0000000616600000, 0x0000000616600000| Untracked 
| 174|0x0000000616800000, 0x0000000616800000, 0x0000000616a00000|  0%| F|  |TAMS 0x0000000616800000, 0x0000000616800000| Untracked 
| 175|0x0000000616a00000, 0x0000000616a00000, 0x0000000616c00000|  0%| F|  |TAMS 0x0000000616a00000, 0x0000000616a00000| Untracked 
| 176|0x0000000616c00000, 0x0000000616c00000, 0x0000000616e00000|  0%| F|  |TAMS 0x0000000616c00000, 0x0000000616c00000| Untracked 
| 177|0x0000000616e00000, 0x0000000616e00000, 0x0000000617000000|  0%| F|  |TAMS 0x0000000616e00000, 0x0000000616e00000| Untracked 
| 178|0x0000000617000000, 0x0000000617000000, 0x0000000617200000|  0%| F|  |TAMS 0x0000000617000000, 0x0000000617000000| Untracked 
| 179|0x0000000617200000, 0x0000000617200000, 0x0000000617400000|  0%| F|  |TAMS 0x0000000617200000, 0x0000000617200000| Untracked 
| 180|0x0000000617400000, 0x0000000617400000, 0x0000000617600000|  0%| F|  |TAMS 0x0000000617400000, 0x0000000617400000| Untracked 
| 181|0x0000000617600000, 0x0000000617600000, 0x0000000617800000|  0%| F|  |TAMS 0x0000000617600000, 0x0000000617600000| Untracked 
| 182|0x0000000617800000, 0x0000000617800000, 0x0000000617a00000|  0%| F|  |TAMS 0x0000000617800000, 0x0000000617800000| Untracked 
| 183|0x0000000617a00000, 0x0000000617c00000, 0x0000000617c00000|100%| E|  |TAMS 0x0000000617a00000, 0x0000000617a00000| Complete 
| 184|0x0000000617c00000, 0x0000000617e00000, 0x0000000617e00000|100%| E|CS|TAMS 0x0000000617c00000, 0x0000000617c00000| Complete 
| 185|0x0000000617e00000, 0x0000000618000000, 0x0000000618000000|100%| E|CS|TAMS 0x0000000617e00000, 0x0000000617e00000| Complete 
| 186|0x0000000618000000, 0x0000000618200000, 0x0000000618200000|100%| E|CS|TAMS 0x0000000618000000, 0x0000000618000000| Complete 
| 187|0x0000000618200000, 0x0000000618400000, 0x0000000618400000|100%| E|CS|TAMS 0x0000000618200000, 0x0000000618200000| Complete 
| 188|0x0000000618400000, 0x0000000618600000, 0x0000000618600000|100%| E|CS|TAMS 0x0000000618400000, 0x0000000618400000| Complete 
| 189|0x0000000618600000, 0x0000000618800000, 0x0000000618800000|100%| E|CS|TAMS 0x0000000618600000, 0x0000000618600000| Complete 
| 190|0x0000000618800000, 0x0000000618a00000, 0x0000000618a00000|100%| E|CS|TAMS 0x0000000618800000, 0x0000000618800000| Complete 
| 191|0x0000000618a00000, 0x0000000618c00000, 0x0000000618c00000|100%| E|CS|TAMS 0x0000000618a00000, 0x0000000618a00000| Complete 
| 192|0x0000000618c00000, 0x0000000618e00000, 0x0000000618e00000|100%| E|CS|TAMS 0x0000000618c00000, 0x0000000618c00000| Complete 
| 193|0x0000000618e00000, 0x0000000619000000, 0x0000000619000000|100%| E|CS|TAMS 0x0000000618e00000, 0x0000000618e00000| Complete 
| 194|0x0000000619000000, 0x0000000619200000, 0x0000000619200000|100%| E|CS|TAMS 0x0000000619000000, 0x0000000619000000| Complete 
| 195|0x0000000619200000, 0x0000000619400000, 0x0000000619400000|100%| E|CS|TAMS 0x0000000619200000, 0x0000000619200000| Complete 
| 196|0x0000000619400000, 0x0000000619600000, 0x0000000619600000|100%| E|CS|TAMS 0x0000000619400000, 0x0000000619400000| Complete 
| 197|0x0000000619600000, 0x0000000619800000, 0x0000000619800000|100%| E|CS|TAMS 0x0000000619600000, 0x0000000619600000| Complete 
| 198|0x0000000619800000, 0x0000000619a00000, 0x0000000619a00000|100%| E|CS|TAMS 0x0000000619800000, 0x0000000619800000| Complete 
| 199|0x0000000619a00000, 0x0000000619c00000, 0x0000000619c00000|100%| E|CS|TAMS 0x0000000619a00000, 0x0000000619a00000| Complete 
| 200|0x0000000619c00000, 0x0000000619e00000, 0x0000000619e00000|100%| E|CS|TAMS 0x0000000619c00000, 0x0000000619c00000| Complete 
| 201|0x0000000619e00000, 0x000000061a000000, 0x000000061a000000|100%| E|CS|TAMS 0x0000000619e00000, 0x0000000619e00000| Complete 
| 202|0x000000061a000000, 0x000000061a200000, 0x000000061a200000|100%| E|CS|TAMS 0x000000061a000000, 0x000000061a000000| Complete 
| 203|0x000000061a200000, 0x000000061a400000, 0x000000061a400000|100%| E|CS|TAMS 0x000000061a200000, 0x000000061a200000| Complete 
| 204|0x000000061a400000, 0x000000061a600000, 0x000000061a600000|100%| E|CS|TAMS 0x000000061a400000, 0x000000061a400000| Complete 
| 205|0x000000061a600000, 0x000000061a800000, 0x000000061a800000|100%| E|CS|TAMS 0x000000061a600000, 0x000000061a600000| Complete 
| 206|0x000000061a800000, 0x000000061aa00000, 0x000000061aa00000|100%| E|CS|TAMS 0x000000061a800000, 0x000000061a800000| Complete 
| 207|0x000000061aa00000, 0x000000061ac00000, 0x000000061ac00000|100%| E|CS|TAMS 0x000000061aa00000, 0x000000061aa00000| Complete 
| 208|0x000000061ac00000, 0x000000061ae00000, 0x000000061ae00000|100%| E|CS|TAMS 0x000000061ac00000, 0x000000061ac00000| Complete 
| 209|0x000000061ae00000, 0x000000061b000000, 0x000000061b000000|100%| E|CS|TAMS 0x000000061ae00000, 0x000000061ae00000| Complete 
| 210|0x000000061b000000, 0x000000061b200000, 0x000000061b200000|100%| E|CS|TAMS 0x000000061b000000, 0x000000061b000000| Complete 
| 211|0x000000061b200000, 0x000000061b400000, 0x000000061b400000|100%| E|CS|TAMS 0x000000061b200000, 0x000000061b200000| Complete 
| 212|0x000000061b400000, 0x000000061b600000, 0x000000061b600000|100%| E|CS|TAMS 0x000000061b400000, 0x000000061b400000| Complete 
| 213|0x000000061b600000, 0x000000061b800000, 0x000000061b800000|100%| E|CS|TAMS 0x000000061b600000, 0x000000061b600000| Complete 
| 214|0x000000061b800000, 0x000000061ba00000, 0x000000061ba00000|100%| E|CS|TAMS 0x000000061b800000, 0x000000061b800000| Complete 
| 215|0x000000061ba00000, 0x000000061bc00000, 0x000000061bc00000|100%| E|CS|TAMS 0x000000061ba00000, 0x000000061ba00000| Complete 
| 216|0x000000061bc00000, 0x000000061be00000, 0x000000061be00000|100%| E|CS|TAMS 0x000000061bc00000, 0x000000061bc00000| Complete 
| 217|0x000000061be00000, 0x000000061c000000, 0x000000061c000000|100%| E|CS|TAMS 0x000000061be00000, 0x000000061be00000| Complete 
| 218|0x000000061c000000, 0x000000061c200000, 0x000000061c200000|100%| E|CS|TAMS 0x000000061c000000, 0x000000061c000000| Complete 
| 219|0x000000061c200000, 0x000000061c400000, 0x000000061c400000|100%| E|CS|TAMS 0x000000061c200000, 0x000000061c200000| Complete 
| 220|0x000000061c400000, 0x000000061c600000, 0x000000061c600000|100%| E|CS|TAMS 0x000000061c400000, 0x000000061c400000| Complete 
| 221|0x000000061c600000, 0x000000061c800000, 0x000000061c800000|100%| E|CS|TAMS 0x000000061c600000, 0x000000061c600000| Complete 
| 222|0x000000061c800000, 0x000000061ca00000, 0x000000061ca00000|100%| E|CS|TAMS 0x000000061c800000, 0x000000061c800000| Complete 
| 223|0x000000061ca00000, 0x000000061cc00000, 0x000000061cc00000|100%| E|CS|TAMS 0x000000061ca00000, 0x000000061ca00000| Complete 
| 224|0x000000061cc00000, 0x000000061ce00000, 0x000000061ce00000|100%| E|CS|TAMS 0x000000061cc00000, 0x000000061cc00000| Complete 
| 225|0x000000061ce00000, 0x000000061d000000, 0x000000061d000000|100%| E|CS|TAMS 0x000000061ce00000, 0x000000061ce00000| Complete 
| 226|0x000000061d000000, 0x000000061d200000, 0x000000061d200000|100%| E|CS|TAMS 0x000000061d000000, 0x000000061d000000| Complete 
| 227|0x000000061d200000, 0x000000061d400000, 0x000000061d400000|100%| E|CS|TAMS 0x000000061d200000, 0x000000061d200000| Complete 
| 228|0x000000061d400000, 0x000000061d600000, 0x000000061d600000|100%| E|CS|TAMS 0x000000061d400000, 0x000000061d400000| Complete 
| 229|0x000000061d600000, 0x000000061d800000, 0x000000061d800000|100%| E|CS|TAMS 0x000000061d600000, 0x000000061d600000| Complete 
| 230|0x000000061d800000, 0x000000061da00000, 0x000000061da00000|100%| E|CS|TAMS 0x000000061d800000, 0x000000061d800000| Complete 
| 231|0x000000061da00000, 0x000000061dc00000, 0x000000061dc00000|100%| E|CS|TAMS 0x000000061da00000, 0x000000061da00000| Complete 
| 232|0x000000061dc00000, 0x000000061de00000, 0x000000061de00000|100%| E|CS|TAMS 0x000000061dc00000, 0x000000061dc00000| Complete 
| 233|0x000000061de00000, 0x000000061e000000, 0x000000061e000000|100%| E|CS|TAMS 0x000000061de00000, 0x000000061de00000| Complete 
| 234|0x000000061e000000, 0x000000061e200000, 0x000000061e200000|100%| E|CS|TAMS 0x000000061e000000, 0x000000061e000000| Complete 
| 235|0x000000061e200000, 0x000000061e3581f0, 0x000000061e400000| 67%| S|CS|TAMS 0x000000061e200000, 0x000000061e200000| Complete 
| 236|0x000000061e400000, 0x000000061e600000, 0x000000061e600000|100%| S|CS|TAMS 0x000000061e400000, 0x000000061e400000| Complete 
| 237|0x000000061e600000, 0x000000061e800000, 0x000000061e800000|100%| S|CS|TAMS 0x000000061e600000, 0x000000061e600000| Complete 
| 238|0x000000061e800000, 0x000000061ea00000, 0x000000061ea00000|100%| S|CS|TAMS 0x000000061e800000, 0x000000061e800000| Complete 
| 239|0x000000061ea00000, 0x000000061ec00000, 0x000000061ec00000|100%| S|CS|TAMS 0x000000061ea00000, 0x000000061ea00000| Complete 
| 240|0x000000061ec00000, 0x000000061ee00000, 0x000000061ee00000|100%| S|CS|TAMS 0x000000061ec00000, 0x000000061ec00000| Complete 
| 241|0x000000061ee00000, 0x000000061f000000, 0x000000061f000000|100%| S|CS|TAMS 0x000000061ee00000, 0x000000061ee00000| Complete 
| 242|0x000000061f000000, 0x000000061f200000, 0x000000061f200000|100%| S|CS|TAMS 0x000000061f000000, 0x000000061f000000| Complete 
| 243|0x000000061f200000, 0x000000061f400000, 0x000000061f400000|100%| E|CS|TAMS 0x000000061f200000, 0x000000061f200000| Complete 
| 244|0x000000061f400000, 0x000000061f600000, 0x000000061f600000|100%| E|CS|TAMS 0x000000061f400000, 0x000000061f400000| Complete 
| 245|0x000000061f600000, 0x000000061f800000, 0x000000061f800000|100%| E|CS|TAMS 0x000000061f600000, 0x000000061f600000| Complete 
| 246|0x000000061f800000, 0x000000061fa00000, 0x000000061fa00000|100%| E|CS|TAMS 0x000000061f800000, 0x000000061f800000| Complete 
| 247|0x000000061fa00000, 0x000000061fc00000, 0x000000061fc00000|100%| E|CS|TAMS 0x000000061fa00000, 0x000000061fa00000| Complete 
| 248|0x000000061fc00000, 0x000000061fe00000, 0x000000061fe00000|100%| E|CS|TAMS 0x000000061fc00000, 0x000000061fc00000| Complete 
| 249|0x000000061fe00000, 0x0000000620000000, 0x0000000620000000|100%| E|CS|TAMS 0x000000061fe00000, 0x000000061fe00000| Complete 
| 250|0x0000000620000000, 0x0000000620200000, 0x0000000620200000|100%| E|CS|TAMS 0x0000000620000000, 0x0000000620000000| Complete 
| 251|0x0000000620200000, 0x0000000620400000, 0x0000000620400000|100%| E|CS|TAMS 0x0000000620200000, 0x0000000620200000| Complete 
| 252|0x0000000620400000, 0x0000000620600000, 0x0000000620600000|100%| E|CS|TAMS 0x0000000620400000, 0x0000000620400000| Complete 
| 253|0x0000000620600000, 0x0000000620800000, 0x0000000620800000|100%| E|CS|TAMS 0x0000000620600000, 0x0000000620600000| Complete 
| 254|0x0000000620800000, 0x0000000620a00000, 0x0000000620a00000|100%| E|CS|TAMS 0x0000000620800000, 0x0000000620800000| Complete 
| 255|0x0000000620a00000, 0x0000000620c00000, 0x0000000620c00000|100%| E|CS|TAMS 0x0000000620a00000, 0x0000000620a00000| Complete 

Card table byte_map: [0x00000231f5e80000,0x00000231f6e80000] _byte_map_base: 0x00000231f2e7a000

Marking Bits (Prev, Next): (CMBitMap*) 0x00000231ec4b3340, (CMBitMap*) 0x00000231ec4b3308
 Prev Bits: [0x000002318f000000, 0x0000023196fd0000)
 Next Bits: [0x00000231f7e80000, 0x00000231ffe50000)

Polling page: 0x00000231ea3b0000

Metaspace:

Usage:
  Non-class:     59.50 MB capacity,    58.49 MB ( 98%) used,   813.17 KB (  1%) free+waste,   215.81 KB ( <1%) overhead. 
      Class:      9.17 MB capacity,     8.50 MB ( 93%) used,   584.00 KB (  6%) free+waste,   101.25 KB (  1%) overhead. 
       Both:     68.67 MB capacity,    67.00 MB ( 98%) used,     1.36 MB (  2%) free+waste,   317.06 KB ( <1%) overhead. 

Virtual space:
  Non-class space:       60.00 MB reserved,      59.75 MB (>99%) committed 
      Class space:        1.00 GB reserved,       9.25 MB ( <1%) committed 
             Both:        1.06 GB reserved,      69.00 MB (  6%) committed 

Chunk freelists:
   Non-Class:  0 bytes
       Class:  0 bytes
        Both:  0 bytes

MaxMetaspaceSize: 17179869184.00 GB
CompressedClassSpaceSize: 1.00 GB
Initial GC threshold: 20.80 MB
Current GC threshold: 98.13 MB
CDS: off

CodeHeap 'non-profiled nmethods': size=120000Kb used=4473Kb max_used=4473Kb free=115526Kb
 bounds [0x0000023187ad0000, 0x0000023187f30000, 0x000002318f000000]
CodeHeap 'profiled nmethods': size=120000Kb used=12765Kb max_used=12765Kb free=107234Kb
 bounds [0x00000231805a0000, 0x0000023181220000, 0x0000023187ad0000]
CodeHeap 'non-nmethods': size=5760Kb used=1311Kb max_used=1372Kb free=4448Kb
 bounds [0x0000023180000000, 0x0000023180270000, 0x00000231805a0000]
 total_blobs=6136 nmethods=5523 adapters=525
 compilation: enabled
              stopped_count=0, restarted_count=0
 full_count=0

Compilation events (20 events):
Event: 16.511 Thread 0x000002319a42a000 5547       3       com.sun.beans.introspect.ClassInfo::<init> (21 bytes)
Event: 16.512 Thread 0x000002319a42a000 nmethod 5547 0x0000023181210810 code [0x00000231812109e0, 0x0000023181210cb8]
Event: 16.517 Thread 0x000002319a42a000 5548       3       com.sun.beans.introspect.ClassInfo$1::create (9 bytes)
Event: 16.517 Thread 0x000002319a42a000 nmethod 5548 0x0000023181210d90 code [0x0000023181210f80, 0x0000023181211498]
Event: 16.517 Thread 0x000002319a42a000 5549       3       com.sun.beans.introspect.ClassInfo$1::create (9 bytes)
Event: 16.518 Thread 0x000002319a42a000 nmethod 5549 0x0000023181211610 code [0x00000231812117e0, 0x0000023181211b98]
Event: 16.545 Thread 0x00000231a0386000 nmethod 5514 0x0000023187f26e10 code [0x0000023187f27200, 0x0000023187f2baa8]
Event: 16.546 Thread 0x00000231a0386000 5542       4       java.util.ArrayDeque::peek (5 bytes)
Event: 16.547 Thread 0x00000231a0386000 nmethod 5542 0x0000023187f2d790 code [0x0000023187f2d920, 0x0000023187f2d9b8]
Event: 16.547 Thread 0x00000231a0386000 5540       4       org.springframework.boot.context.properties.source.SpringConfigurationPropertySources$SourcesIterator::fetchNext (138 bytes)
Event: 16.547 Thread 0x000002319a42a000 5550       3       org.springframework.beans.factory.support.RootBeanDefinition::<init> (43 bytes)
Event: 16.547 Thread 0x000002319a42a000 nmethod 5550 0x0000023181211d10 code [0x0000023181211ee0, 0x0000023181212288]
Event: 16.548 Thread 0x000002319a42a000 5551       3       org.springframework.core.MethodParameter::getParameterAnnotations (97 bytes)
Event: 16.549 Thread 0x000002319a42a000 nmethod 5551 0x0000023181212390 code [0x0000023181212600, 0x0000023181213228]
Event: 16.551 Thread 0x000002319a42a000 5552   !   3       com.sun.proxy.$Proxy72::annotationType (29 bytes)
Event: 16.552 Thread 0x000002319a42a000 nmethod 5552 0x0000023181213590 code [0x0000023181213780, 0x0000023181213b98]
Event: 16.552 Thread 0x000002319a42a000 5553   !   3       com.sun.proxy.$Proxy59::annotationType (29 bytes)
Event: 16.552 Thread 0x000002319a42a000 nmethod 5553 0x0000023181213d90 code [0x0000023181213f80, 0x0000023181214398]
Event: 16.566 Thread 0x000002319a42a000 5554   !   3       java.util.concurrent.ConcurrentHashMap::putVal (432 bytes)
Event: 16.569 Thread 0x000002319a42a000 nmethod 5554 0x0000023181214590 code [0x0000023181214920, 0x0000023181216b38]

GC Heap History (14 events):
Event: 1.849 GC heap before
{Heap before GC invocations=0 (full 0):
 garbage-first heap   total 524288K, used 24576K [0x0000000600c00000, 0x0000000800000000)
  region size 2048K, 12 young (24576K), 0 survivors (0K)
 Metaspace       used 10502K, capacity 10720K, committed 10752K, reserved 1058816K
  class space    used 965K, capacity 1018K, committed 1024K, reserved 1048576K
}
Event: 1.879 GC heap after
{Heap after GC invocations=1 (full 0):
 garbage-first heap   total 524288K, used 8263K [0x0000000600c00000, 0x0000000800000000)
  region size 2048K, 2 young (4096K), 2 survivors (4096K)
 Metaspace       used 10502K, capacity 10720K, committed 10752K, reserved 1058816K
  class space    used 965K, capacity 1018K, committed 1024K, reserved 1048576K
}
Event: 2.705 GC heap before
{Heap before GC invocations=1 (full 0):
 garbage-first heap   total 524288K, used 28743K [0x0000000600c00000, 0x0000000800000000)
  region size 2048K, 12 young (24576K), 2 survivors (4096K)
 Metaspace       used 13420K, capacity 13698K, committed 13952K, reserved 1062912K
  class space    used 1304K, capacity 1391K, committed 1408K, reserved 1048576K
}
Event: 2.709 GC heap after
{Heap after GC invocations=2 (full 0):
 garbage-first heap   total 524288K, used 9062K [0x0000000600c00000, 0x0000000800000000)
  region size 2048K, 1 young (2048K), 1 survivors (2048K)
 Metaspace       used 13420K, capacity 13698K, committed 13952K, reserved 1062912K
  class space    used 1304K, capacity 1391K, committed 1408K, reserved 1048576K
}
Event: 4.247 GC heap before
{Heap before GC invocations=2 (full 0):
 garbage-first heap   total 524288K, used 50022K [0x0000000600c00000, 0x0000000800000000)
  region size 2048K, 22 young (45056K), 1 survivors (2048K)
 Metaspace       used 20636K, capacity 21152K, committed 21504K, reserved 1069056K
  class space    used 2235K, capacity 2439K, committed 2560K, reserved 1048576K
}
Event: 4.254 GC heap after
{Heap after GC invocations=3 (full 0):
 garbage-first heap   total 524288K, used 11060K [0x0000000600c00000, 0x0000000800000000)
  region size 2048K, 2 young (4096K), 2 survivors (4096K)
 Metaspace       used 20636K, capacity 21152K, committed 21504K, reserved 1069056K
  class space    used 2235K, capacity 2439K, committed 2560K, reserved 1048576K
}
Event: 5.356 GC heap before
{Heap before GC invocations=4 (full 0):
 garbage-first heap   total 524288K, used 90932K [0x0000000600c00000, 0x0000000800000000)
  region size 2048K, 41 young (83968K), 2 survivors (4096K)
 Metaspace       used 29216K, capacity 29900K, committed 30080K, reserved 1075200K
  class space    used 3342K, capacity 3609K, committed 3712K, reserved 1048576K
}
Event: 5.362 GC heap after
{Heap after GC invocations=5 (full 0):
 garbage-first heap   total 524288K, used 13639K [0x0000000600c00000, 0x0000000800000000)
  region size 2048K, 3 young (6144K), 3 survivors (6144K)
 Metaspace       used 29216K, capacity 29900K, committed 30080K, reserved 1075200K
  class space    used 3342K, capacity 3609K, committed 3712K, reserved 1048576K
}
Event: 6.987 GC heap before
{Heap before GC invocations=5 (full 0):
 garbage-first heap   total 524288K, used 83271K [0x0000000600c00000, 0x0000000800000000)
  region size 2048K, 38 young (77824K), 3 survivors (6144K)
 Metaspace       used 34974K, capacity 35813K, committed 35840K, reserved 1081344K
  class space    used 4138K, capacity 4465K, committed 4480K, reserved 1048576K
}
Event: 7.001 GC heap after
{Heap after GC invocations=6 (full 0):
 garbage-first heap   total 524288K, used 15863K [0x0000000600c00000, 0x0000000800000000)
  region size 2048K, 4 young (8192K), 4 survivors (8192K)
 Metaspace       used 34974K, capacity 35813K, committed 35840K, reserved 1081344K
  class space    used 4138K, capacity 4465K, committed 4480K, reserved 1048576K
}
Event: 12.358 GC heap before
{Heap before GC invocations=7 (full 0):
 garbage-first heap   total 524288K, used 161271K [0x0000000600c00000, 0x0000000800000000)
  region size 2048K, 76 young (155648K), 4 survivors (8192K)
 Metaspace       used 56663K, capacity 57791K, committed 57856K, reserved 1099776K
  class space    used 7167K, capacity 7636K, committed 7680K, reserved 1048576K
}
Event: 12.372 GC heap after
{Heap after GC invocations=8 (full 0):
 garbage-first heap   total 524288K, used 21895K [0x0000000600c00000, 0x0000000800000000)
  region size 2048K, 7 young (14336K), 7 survivors (14336K)
 Metaspace       used 56663K, capacity 57791K, committed 57856K, reserved 1099776K
  class space    used 7167K, capacity 7636K, committed 7680K, reserved 1048576K
}
Event: 13.078 GC heap before
{Heap before GC invocations=8 (full 0):
 garbage-first heap   total 524288K, used 46471K [0x0000000600c00000, 0x0000000800000000)
  region size 2048K, 20 young (40960K), 7 survivors (14336K)
 Metaspace       used 58923K, capacity 60104K, committed 60160K, reserved 1101824K
  class space    used 7451K, capacity 7918K, committed 7936K, reserved 1048576K
}
Event: 13.102 GC heap after
{Heap after GC invocations=9 (full 0):
 garbage-first heap   total 524288K, used 23900K [0x0000000600c00000, 0x0000000800000000)
  region size 2048K, 8 young (16384K), 8 survivors (16384K)
 Metaspace       used 58923K, capacity 60104K, committed 60160K, reserved 1101824K
  class space    used 7451K, capacity 7918K, committed 7936K, reserved 1048576K
}

Deoptimization events (20 events):
Event: 16.321 Thread 0x00000231ec42b800 Uncommon trap: trap_request=0xffffff4d fr.pc=0x0000023187c2b5e0 relative=0x0000000000000300
Event: 16.321 Thread 0x00000231ec42b800 Uncommon trap: reason=unstable_if action=reinterpret pc=0x0000023187c2b5e0 method=java.io.WinNTFileSystem.prefixLength(Ljava/lang/String;)I @ 42 c2
Event: 16.321 Thread 0x00000231ec42b800 DEOPT PACKING pc=0x0000023187c2b5e0 sp=0x00000047bebfc990
Event: 16.321 Thread 0x00000231ec42b800 DEOPT UNPACKING pc=0x000002318004a1af sp=0x00000047bebfc918 mode 2
Event: 16.486 Thread 0x00000231ec42b800 DEOPT PACKING pc=0x0000023181198611 sp=0x00000047bebfad10
Event: 16.486 Thread 0x00000231ec42b800 DEOPT UNPACKING pc=0x000002318004a95e sp=0x00000047bebfa1e8 mode 0
Event: 16.487 Thread 0x00000231ec42b800 Uncommon trap: trap_request=0xffffffde fr.pc=0x0000023187bb1a98 relative=0x0000000000000138
Event: 16.487 Thread 0x00000231ec42b800 Uncommon trap: reason=class_check action=maybe_recompile pc=0x0000023187bb1a98 method=org.springframework.boot.context.properties.source.ConfigurationPropertyName$Elements.charAt(II)C @ 43 c2
Event: 16.487 Thread 0x00000231ec42b800 DEOPT PACKING pc=0x0000023187bb1a98 sp=0x00000047bebfad80
Event: 16.487 Thread 0x00000231ec42b800 DEOPT UNPACKING pc=0x000002318004a1af sp=0x00000047bebfacf8 mode 2
Event: 16.487 Thread 0x00000231ec42b800 Uncommon trap: trap_request=0xffffffde fr.pc=0x0000023187bb1a98 relative=0x0000000000000138
Event: 16.488 Thread 0x00000231ec42b800 Uncommon trap: reason=class_check action=maybe_recompile pc=0x0000023187bb1a98 method=org.springframework.boot.context.properties.source.ConfigurationPropertyName$Elements.charAt(II)C @ 43 c2
Event: 16.488 Thread 0x00000231ec42b800 DEOPT PACKING pc=0x0000023187bb1a98 sp=0x00000047bebfad80
Event: 16.488 Thread 0x00000231ec42b800 DEOPT UNPACKING pc=0x000002318004a1af sp=0x00000047bebfacf8 mode 2
Event: 16.497 Thread 0x00000231ec42b800 DEOPT PACKING pc=0x0000023181198611 sp=0x00000047bebfad10
Event: 16.497 Thread 0x00000231ec42b800 DEOPT UNPACKING pc=0x000002318004a95e sp=0x00000047bebfa1e8 mode 0
Event: 16.544 Thread 0x00000231ec42b800 Uncommon trap: trap_request=0xffffff4d fr.pc=0x0000023187d38a1c relative=0x00000000000014bc
Event: 16.544 Thread 0x00000231ec42b800 Uncommon trap: reason=unstable_if action=reinterpret pc=0x0000023187d38a1c method=java.util.concurrent.ConcurrentHashMap.putVal(Ljava/lang/Object;Ljava/lang/Object;Z)Ljava/lang/Object; @ 401 c2
Event: 16.544 Thread 0x00000231ec42b800 DEOPT PACKING pc=0x0000023187d38a1c sp=0x00000047bebfc9e0
Event: 16.544 Thread 0x00000231ec42b800 DEOPT UNPACKING pc=0x000002318004a1af sp=0x00000047bebfc980 mode 2

Classes redefined (0 events):
No events

Internal exceptions (20 events):
Event: 16.504 Thread 0x00000231ec42b800 Exception <a 'java/lang/ClassNotFoundException'{0x0000000617feb250}: java/lang/ObjectCustomizer> (0x0000000617feb250) thrown at [./src/hotspot/share/classfile/systemDictionary.cpp, line 230]
Event: 16.511 Thread 0x00000231ec42b800 Exception <a 'java/lang/ClassNotFoundException'{0x0000000617c11860}: org/springframework/boot/autoconfigure/web/servlet/ServletWebServerFactoryCustomizerCustomizer> (0x0000000617c11860) thrown at [./src/hotspot/share/classfile/systemDictionary.cpp, line 230]
Event: 16.513 Thread 0x00000231ec42b800 Exception <a 'java/lang/ClassNotFoundException'{0x0000000617c33768}: org/springframework/boot/web/server/WebServerFactoryCustomizerCustomizer> (0x0000000617c33768) thrown at [./src/hotspot/share/classfile/systemDictionary.cpp, line 230]
Event: 16.514 Thread 0x00000231ec42b800 Exception <a 'java/lang/ClassNotFoundException'{0x0000000617c4a250}: org/springframework/core/OrderedCustomizer> (0x0000000617c4a250) thrown at [./src/hotspot/share/classfile/systemDictionary.cpp, line 230]
Event: 16.516 Thread 0x00000231ec42b800 Exception <a 'java/lang/ClassNotFoundException'{0x0000000617c56198}: java/lang/ObjectCustomizer> (0x0000000617c56198) thrown at [./src/hotspot/share/classfile/systemDictionary.cpp, line 230]
Event: 16.517 Thread 0x00000231ec42b800 Exception <a 'java/lang/ClassNotFoundException'{0x0000000617c7d8e8}: org/springframework/boot/autoconfigure/web/servlet/TomcatServletWebServerFactoryCustomizerCustomizer> (0x0000000617c7d8e8) thrown at [./src/hotspot/share/classfile/systemDictionary.cpp, line 230]
Event: 16.519 Thread 0x00000231ec42b800 Exception <a 'java/lang/ClassNotFoundException'{0x0000000617c9f828}: org/springframework/boot/web/server/WebServerFactoryCustomizerCustomizer> (0x0000000617c9f828) thrown at [./src/hotspot/share/classfile/systemDictionary.cpp, line 230]
Event: 16.520 Thread 0x00000231ec42b800 Exception <a 'java/lang/ClassNotFoundException'{0x0000000617cb6310}: org/springframework/core/OrderedCustomizer> (0x0000000617cb6310) thrown at [./src/hotspot/share/classfile/systemDictionary.cpp, line 230]
Event: 16.522 Thread 0x00000231ec42b800 Exception <a 'java/lang/ClassNotFoundException'{0x0000000617cc21c8}: java/lang/ObjectCustomizer> (0x0000000617cc21c8) thrown at [./src/hotspot/share/classfile/systemDictionary.cpp, line 230]
Event: 16.523 Thread 0x00000231ec42b800 Exception <a 'java/lang/ClassNotFoundException'{0x0000000617cf7cf8}: org/springframework/boot/autoconfigure/web/embedded/EmbeddedWebServerFactoryCustomizerAutoConfiguration$TomcatWebServerFactoryCustomizerConfigurationCustomizer> (0x0000000617cf7cf8) thrown at [./src/hotspot/share/classfile/systemDictionary.cpp, line 230]
Event: 16.533 Thread 0x00000231ec42b800 Exception <a 'java/lang/ClassNotFoundException'{0x0000000617d0f440}: java/lang/ObjectCustomizer> (0x0000000617d0f440) thrown at [./src/hotspot/share/classfile/systemDictionary.cpp, line 230]
Event: 16.537 Thread 0x00000231ec42b800 Exception <a 'java/lang/ClassNotFoundException'{0x0000000617d35570}: org/springframework/boot/autoconfigure/web/embedded/TomcatWebServerFactoryCustomizerCustomizer> (0x0000000617d35570) thrown at [./src/hotspot/share/classfile/systemDictionary.cpp, line 230]
Event: 16.537 Thread 0x00000231ec42b800 Exception <a 'java/lang/ClassNotFoundException'{0x0000000617d57430}: org/springframework/boot/web/server/WebServerFactoryCustomizerCustomizer> (0x0000000617d57430) thrown at [./src/hotspot/share/classfile/systemDictionary.cpp, line 230]
Event: 16.543 Thread 0x00000231ec42b800 Exception <a 'java/lang/ClassNotFoundException'{0x0000000617d6df18}: org/springframework/core/OrderedCustomizer> (0x0000000617d6df18) thrown at [./src/hotspot/share/classfile/systemDictionary.cpp, line 230]
Event: 16.549 Thread 0x00000231ec42b800 Exception <a 'java/lang/ClassNotFoundException'{0x0000000617d8b878}: java/lang/ObjectCustomizer> (0x0000000617d8b878) thrown at [./src/hotspot/share/classfile/systemDictionary.cpp, line 230]
Event: 16.551 Thread 0x00000231ec42b800 Exception <a 'java/lang/ClassNotFoundException'{0x0000000617db0728}: org/springframework/boot/autoconfigure/web/servlet/HttpEncodingAutoConfigurationCustomizer> (0x0000000617db0728) thrown at [./src/hotspot/share/classfile/systemDictionary.cpp, line 230]
Event: 16.554 Thread 0x00000231ec42b800 Exception <a 'java/lang/ClassNotFoundException'{0x0000000617dbd5b8}: java/lang/ObjectCustomizer> (0x0000000617dbd5b8) thrown at [./src/hotspot/share/classfile/systemDictionary.cpp, line 230]
Event: 16.556 Thread 0x00000231ec42b800 Exception <a 'java/lang/ClassNotFoundException'{0x0000000617dea028}: org/springframework/boot/autoconfigure/web/servlet/HttpEncodingAutoConfiguration$LocaleCharsetMappingsCustomizerCustomizer> (0x0000000617dea028) thrown at [./src/hotspot/share/classfile/systemDictionary.cpp, line 230]
Event: 16.560 Thread 0x00000231ec42b800 Exception <a 'java/lang/ClassNotFoundException'{0x0000000617a0dbb0}: org/springframework/boot/web/server/WebServerFactoryCustomizerCustomizer> (0x0000000617a0dbb0) thrown at [./src/hotspot/share/classfile/systemDictionary.cpp, line 230]
Event: 16.562 Thread 0x00000231ec42b800 Exception <a 'java/lang/ClassNotFoundException'{0x0000000617a24698}: org/springframework/core/OrderedCustomizer> (0x0000000617a24698) thrown at [./src/hotspot/share/classfile/systemDictionary.cpp, line 230]

Events (20 events):
Event: 16.571 loading class org/apache/catalina/Context
Event: 16.571 loading class org/apache/catalina/Context done
Event: 16.571 loading class org/apache/catalina/Context
Event: 16.571 loading class org/apache/catalina/Context done
Event: 16.571 loading class org/springframework/boot/web/embedded/tomcat/TomcatContextCustomizer
Event: 16.571 loading class org/springframework/boot/web/embedded/tomcat/TomcatContextCustomizer done
Event: 16.572 loading class org/springframework/boot/context/properties/PropertyMapper
Event: 16.572 loading class org/springframework/boot/context/properties/PropertyMapper done
Event: 16.577 loading class org/springframework/boot/context/properties/PropertyMapper$Source
Event: 16.577 loading class org/springframework/boot/context/properties/PropertyMapper$Source done
Event: 16.577 loading class org/springframework/boot/context/properties/PropertyMapper$Source
Event: 16.577 loading class org/springframework/boot/context/properties/PropertyMapper$Source done
Event: 16.583 loading class org/springframework/boot/context/properties/PropertyMapper$Source
Event: 16.583 loading class org/springframework/boot/context/properties/PropertyMapper$Source done
Event: 16.583 loading class org/springframework/boot/context/properties/PropertyMapper
Event: 16.583 loading class org/springframework/boot/context/properties/PropertyMapper done
Event: 16.583 loading class org/springframework/boot/context/properties/PropertyMapper$SourceOperator
Event: 16.583 loading class org/springframework/boot/context/properties/PropertyMapper$SourceOperator done
Event: 16.584 loading class org/springframework/boot/autoconfigure/web/ServerProperties
Event: 16.584 loading class org/springframework/boot/autoconfigure/web/ServerProperties done


Dynamic libraries:
0x00007ff72be00000 - 0x00007ff72be0d000 	C:\Users\triton\.jdks\corretto-11.0.14.1\bin\java.exe
0x00007ffec70f0000 - 0x00007ffec72e5000 	C:\WINDOWS\SYSTEM32\ntdll.dll
0x00007ffec5140000 - 0x00007ffec51fe000 	C:\WINDOWS\System32\KERNEL32.DLL
0x00007ffec4c00000 - 0x00007ffec4ec8000 	C:\WINDOWS\System32\KERNELBASE.dll
0x00007ffec4fb0000 - 0x00007ffec50b0000 	C:\WINDOWS\System32\ucrtbase.dll
0x00007ffebfa30000 - 0x00007ffebfa47000 	C:\Users\triton\.jdks\corretto-11.0.14.1\bin\jli.dll
0x00007ffec6040000 - 0x00007ffec61e0000 	C:\WINDOWS\System32\USER32.dll
0x00007ffec4800000 - 0x00007ffec4822000 	C:\WINDOWS\System32\win32u.dll
0x00007ffec63f0000 - 0x00007ffec641b000 	C:\WINDOWS\System32\GDI32.dll
0x00007ffec4af0000 - 0x00007ffec4bfd000 	C:\WINDOWS\System32\gdi32full.dll
0x00007ffec4990000 - 0x00007ffec4a2d000 	C:\WINDOWS\System32\msvcp_win.dll
0x00007ffec0500000 - 0x00007ffec0519000 	C:\Users\triton\.jdks\corretto-11.0.14.1\bin\VCRUNTIME140.dll
0x00007ffea6640000 - 0x00007ffea68da000 	C:\WINDOWS\WinSxS\amd64_microsoft.windows.common-controls_6595b64144ccf1df_6.0.19041.1110_none_60b5254171f9507e\COMCTL32.dll
0x00007ffec5fa0000 - 0x00007ffec603e000 	C:\WINDOWS\System32\msvcrt.dll
0x00007ffec5260000 - 0x00007ffec5290000 	C:\WINDOWS\System32\IMM32.DLL
0x00007ffe935d0000 - 0x00007ffe9366b000 	C:\Users\triton\.jdks\corretto-11.0.14.1\bin\msvcp140.dll
0x00007ffe80c90000 - 0x00007ffe81813000 	C:\Users\triton\.jdks\corretto-11.0.14.1\bin\server\jvm.dll
0x00007ffec5290000 - 0x00007ffec533e000 	C:\WINDOWS\System32\ADVAPI32.dll
0x00007ffec6dc0000 - 0x00007ffec6e5c000 	C:\WINDOWS\System32\sechost.dll
0x00007ffec6480000 - 0x00007ffec65a5000 	C:\WINDOWS\System32\RPCRT4.dll
0x00007ffec6ec0000 - 0x00007ffec6ec8000 	C:\WINDOWS\System32\PSAPI.DLL
0x00007ffebd8f0000 - 0x00007ffebd917000 	C:\WINDOWS\SYSTEM32\WINMM.dll
0x00007ffea1c50000 - 0x00007ffea1c59000 	C:\WINDOWS\SYSTEM32\WSOCK32.dll
0x00007ffebaf10000 - 0x00007ffebaf1a000 	C:\WINDOWS\SYSTEM32\VERSION.dll
0x00007ffec65b0000 - 0x00007ffec661b000 	C:\WINDOWS\System32\WS2_32.dll
0x00007ffec26f0000 - 0x00007ffec2702000 	C:\WINDOWS\SYSTEM32\kernel.appcore.dll
0x00007ffec0670000 - 0x00007ffec0680000 	C:\Users\triton\.jdks\corretto-11.0.14.1\bin\verify.dll
0x00007ffeba730000 - 0x00007ffeba914000 	C:\WINDOWS\SYSTEM32\DBGHELP.DLL
0x00007ffe9c4a0000 - 0x00007ffe9c4cc000 	C:\WINDOWS\SYSTEM32\dbgcore.DLL
0x00007ffec50b0000 - 0x00007ffec5132000 	C:\WINDOWS\System32\bcryptPrimitives.dll
0x00007ffebedd0000 - 0x00007ffebedf8000 	C:\Users\triton\.jdks\corretto-11.0.14.1\bin\java.dll
0x00007ffec0610000 - 0x00007ffec061a000 	C:\Users\triton\.jdks\corretto-11.0.14.1\bin\jimage.dll
0x00007ffebf220000 - 0x00007ffebf22e000 	C:\Users\triton\.jdks\corretto-11.0.14.1\bin\instrument.dll
0x00007ffebf0c0000 - 0x00007ffebf0d8000 	C:\Users\triton\.jdks\corretto-11.0.14.1\bin\zip.dll
0x00007ffec5850000 - 0x00007ffec5f94000 	C:\WINDOWS\System32\SHELL32.dll
0x00007ffec28f0000 - 0x00007ffec3084000 	C:\WINDOWS\SYSTEM32\windows.storage.dll
0x00007ffec6a60000 - 0x00007ffec6db5000 	C:\WINDOWS\System32\combase.dll
0x00007ffec4250000 - 0x00007ffec427e000 	C:\WINDOWS\SYSTEM32\Wldp.dll
0x00007ffec7000000 - 0x00007ffec70ad000 	C:\WINDOWS\System32\SHCORE.dll
0x00007ffec5200000 - 0x00007ffec5255000 	C:\WINDOWS\System32\shlwapi.dll
0x00007ffec4740000 - 0x00007ffec475f000 	C:\WINDOWS\SYSTEM32\profapi.dll
0x00007ffebedb0000 - 0x00007ffebedc9000 	C:\Users\triton\.jdks\corretto-11.0.14.1\bin\net.dll
0x00007ffebd360000 - 0x00007ffebd46c000 	C:\WINDOWS\SYSTEM32\WINHTTP.dll
0x00007ffec3fb0000 - 0x00007ffec401a000 	C:\WINDOWS\system32\mswsock.dll
0x00007ffebd740000 - 0x00007ffebd753000 	C:\Users\triton\.jdks\corretto-11.0.14.1\bin\nio.dll
0x00007ffebd720000 - 0x00007ffebd73a000 	D:\IntelliJIdea\IntelliJ IDEA 2021.3.2\bin\breakgen64.dll
0x00007ffebf030000 - 0x00007ffebf039000 	C:\Users\triton\.jdks\corretto-11.0.14.1\bin\management.dll
0x00007ffebeda0000 - 0x00007ffebedab000 	C:\Users\triton\.jdks\corretto-11.0.14.1\bin\management_ext.dll
0x00007ffe9c320000 - 0x00007ffe9c337000 	C:\WINDOWS\system32\napinsp.dll
0x00007ffe9c300000 - 0x00007ffe9c31b000 	C:\WINDOWS\system32\pnrpnsp.dll
0x00007ffebf5a0000 - 0x00007ffebf5b5000 	C:\WINDOWS\system32\wshbth.dll
0x00007ffec03a0000 - 0x00007ffec03bd000 	C:\WINDOWS\system32\NLAapi.dll
0x00007ffec3c50000 - 0x00007ffec3c8b000 	C:\WINDOWS\SYSTEM32\IPHLPAPI.DLL
0x00007ffec3c90000 - 0x00007ffec3d5b000 	C:\WINDOWS\SYSTEM32\DNSAPI.dll
0x00007ffec57c0000 - 0x00007ffec57c8000 	C:\WINDOWS\System32\NSI.dll
0x00007ffe9c2e0000 - 0x00007ffe9c2f2000 	C:\WINDOWS\System32\winrnr.dll
0x00007ffea7840000 - 0x00007ffea784a000 	C:\Windows\System32\rasadhlp.dll
0x00007ffeb9a70000 - 0x00007ffeb9aef000 	C:\WINDOWS\System32\fwpuclnt.dll
0x00007ffec4f80000 - 0x00007ffec4fa7000 	C:\WINDOWS\System32\bcrypt.dll
0x00007ffec41a0000 - 0x00007ffec41b8000 	C:\WINDOWS\SYSTEM32\CRYPTSP.dll
0x00007ffec38c0000 - 0x00007ffec38f4000 	C:\WINDOWS\system32\rsaenh.dll
0x00007ffec4700000 - 0x00007ffec472e000 	C:\WINDOWS\SYSTEM32\USERENV.dll
0x00007ffec41c0000 - 0x00007ffec41cc000 	C:\WINDOWS\SYSTEM32\CRYPTBASE.dll
0x00007ffebb7e0000 - 0x00007ffebb7f7000 	C:\WINDOWS\SYSTEM32\dhcpcsvc6.DLL
0x00007ffebc8e0000 - 0x00007ffebc8fd000 	C:\WINDOWS\SYSTEM32\dhcpcsvc.DLL

dbghelp: loaded successfully - version: 4.0.5 - missing functions: none
symbol engine: initialized successfully - sym options: 0x614 - pdb path: .;C:\Users\triton\.jdks\corretto-11.0.14.1\bin;C:\WINDOWS\SYSTEM32;C:\WINDOWS\WinSxS\amd64_microsoft.windows.common-controls_6595b64144ccf1df_6.0.19041.1110_none_60b5254171f9507e;C:\Users\triton\.jdks\corretto-11.0.14.1\bin\server;D:\IntelliJIdea\IntelliJ IDEA 2021.3.2\bin

VM Arguments:
jvm_args: -ea -Didea.test.cyclic.buffer.size=26214400 -javaagent:D:\IntelliJIdea\IntelliJ IDEA 2021.3.2\lib\idea_rt.jar=53870:D:\IntelliJIdea\IntelliJ IDEA 2021.3.2\bin -Dfile.encoding=UTF-8 
java_command: com.intellij.rt.junit.JUnitStarter -ideVersion5 -junit4 com.voxloud.imageservicevoxloud.ImageServiceTest
java_class_path (initial): D:\IntelliJIdea\IntelliJ IDEA 2021.3.2\lib\idea_rt.jar;D:\IntelliJIdea\IntelliJ IDEA 2021.3.2\plugins\junit\lib\junit5-rt.jar;D:\IntelliJIdea\IntelliJ IDEA 2021.3.2\plugins\junit\lib\junit-rt.jar;D:\JavaProjects\MyImageService\ImageServiceVoxLoud\target\test-classes;D:\JavaProjects\MyImageService\ImageServiceVoxLoud\target\classes;C:\Users\triton\AppData\Roaming\JetBrains\IntelliJIdea2021.3\javascript\extLibs\http_cdn.datatables.net_1.10.15_css_dataTables.jqueryui.css;C:\Users\triton\AppData\Roaming\JetBrains\IntelliJIdea2021.3\javascript\extLibs\http_cdn.datatables.net_1.10.15_js_dataTables.jqueryui.js;C:\Users\triton\AppData\Roaming\JetBrains\IntelliJIdea2021.3\javascript\extLibs\http_cdn.datatables.net_v_dt_dt-1.11.5_datatables.js;C:\Users\triton\.m2\repository\org\springframework\boot\spring-boot-starter-data-jpa\2.6.5\spring-boot-starter-data-jpa-2.6.5.jar;C:\Users\triton\.m2\repository\org\springframework\boot\spring-boot-starter-aop\2.6.6\spring-boot-starter-aop-2.6.6.jar;C:\Users\triton\.m2\repository\org\aspectj\aspectjweaver\1.9.7\aspectjweaver-1.9.7.jar;C:\Users\triton\.m2\repository\org\springframework\boot\spring-boot-starter-jdbc\2.6.6\spring-boot-starter-jdbc-2.6.6.jar;C:\Users\triton\.m2\repository\com\zaxxer\HikariCP\4.0.3\HikariCP-4.0.3.jar;C:\Users\triton\.m2\repository\org\springframework\spring-jdbc\5.3.18\spring-jdbc-5.3.18.jar;C:\Users\triton\.m2\repository\jakarta\transaction\jakarta.transaction-api\1.3.3\jakarta.transaction-api-1.3.3.jar;C:\Users\triton\.m2\repository\jakarta\persistence\jakarta.persistence-api\2.2.3\jakarta.persistence-api-2.2.3.jar;C:\Users\triton\.m2\repository\org\hibernate\hibernate-core\5.6.7.Final\hibernate-core-5.6.7.Final.jar;C:\Users\triton\.m2\repository\org\jboss\logging\jboss-logging\3.4.3.Final\jboss-logging-3.4.3.Final.jar;C:\Users\triton\.m2\repository\net\bytebuddy\byte-buddy\1.11.22\byte-buddy-1.11.22.jar;C:\Users\triton\.m2\repository\antlr\antlr\2.7.7\antlr-2.7.7.jar;C:\Users\
Launcher Type: SUN_STANDARD

[Global flags]
     intx CICompilerCount                          = 4                                         {product} {ergonomic}
     uint ConcGCThreads                            = 2                                         {product} {ergonomic}
     uint G1ConcRefinementThreads                  = 8                                         {product} {ergonomic}
   size_t G1HeapRegionSize                         = 2097152                                   {product} {ergonomic}
    uintx GCDrainStackTargetSize                   = 64                                        {product} {ergonomic}
   size_t InitialHeapSize                          = 536870912                                 {product} {ergonomic}
   size_t MarkStackSize                            = 4194304                                   {product} {ergonomic}
   size_t MaxHeapSize                              = 8577351680                                {product} {ergonomic}
   size_t MaxNewSize                               = 5146411008                                {product} {ergonomic}
   size_t MinHeapDeltaBytes                        = 2097152                                   {product} {ergonomic}
    uintx NonNMethodCodeHeapSize                   = 5836300                                {pd product} {ergonomic}
    uintx NonProfiledCodeHeapSize                  = 122910970                              {pd product} {ergonomic}
    uintx ProfiledCodeHeapSize                     = 122910970                              {pd product} {ergonomic}
    uintx ReservedCodeCacheSize                    = 251658240                              {pd product} {ergonomic}
     bool SegmentedCodeCache                       = true                                      {product} {ergonomic}
     bool UseCompressedClassPointers               = true                                 {lp64_product} {ergonomic}
     bool UseCompressedOops                        = true                                 {lp64_product} {ergonomic}
     bool UseG1GC                                  = true                                      {product} {ergonomic}
     bool UseLargePagesIndividualAllocation        = false                                  {pd product} {ergonomic}

Logging:
Log output configuration:
 #0: stdout all=warning uptime,level,tags
 #1: stderr all=off uptime,level,tags

Environment Variables:
JAVA_HOME=C:\Program Files\Java\jdk-11.0.13
PATH=C:\Program Files\Common Files\Oracle\Java\javapath;C:\Program Files (x86)\Common Files\Oracle\Java\javapath;C:\WINDOWS\system32;C:\WINDOWS;C:\WINDOWS\System32\Wbem;C:\WINDOWS\System32\WindowsPowerShell\v1.0\;C:\WINDOWS\System32\OpenSSH\;C:\Program Files\dotnet\;C:\Program Files\Microsoft SQL Server\130\Tools\Binn\;C:\Program Files (x86)\NVIDIA Corporation\PhysX\Common;C:\Program Files\Microsoft SQL Server\Client SDK\ODBC\170\Tools\Binn\;C:\ProgramData\chocolatey\bin;C:\Program Files\NVIDIA Corporation\NVIDIA NvDLISR;C:\WINDOWS\system32;C:\WINDOWS;C:\WINDOWS\System32\Wbem;C:\WINDOWS\System32\WindowsPowerShell\v1.0\;C:\WINDOWS\System32\OpenSSH\;C:\Program Files\Git\cmd;D:\Golang\bin;C:\Program Files (x86)\dotnet\;C:\Program Files\Docker\Docker\resources\bin;C:\ProgramData\DockerDesktop\version-bin;C:\Program Files\Java\jdk-11.0.13;C:\pmd\bin;C:\Program Files\nodejs\;C:\Program Files\MySQL\MySQL Shell 8.0\bin\;C:\Users\triton\scoop\shims;C:\Users\triton\AppData\Local\Microsoft\WindowsApps;D:\IDEA Java\IntelliJ IDEA 2019.1.1\bin;D:\Pycharm\PyCharm 2019.2.3\bin;C:\Users\triton\AppData\Local\Microsoft\WindowsApps;;D:\IntelliJIdea\IntelliJ IDEA 2021.1.1\bin;;C:\Users\triton\.dotnet\tools;D:\Goland IDE\GoLand 2021.2.1\bin;;C:\Users\triton\go\bin;C:\Users\triton\.dotnet\tools;D:\IntelliJIdea\IntelliJ IDEA 2021.3.2\bin;;C:\Program Files\sfdx\bin;C:\Users\triton\AppData\Local\Programs\Microsoft VS Code\bin;C:\Users\triton\AppData\Roaming\npm
USERNAME=triton
OS=Windows_NT
PROCESSOR_IDENTIFIER=Intel64 Family 6 Model 158 Stepping 9, GenuineIntel



---------------  S Y S T E M  ---------------

OS: Windows 10 , 64 bit Build 19041 (10.0.19041.1499)
OS uptime: 0 days 4:20 hours

CPU:total 8 (initial active 8) (4 cores per cpu, 2 threads per core) family 6 model 158 stepping 9 microcode 0xb4, cmov, cx8, fxsr, mmx, sse, sse2, sse3, ssse3, sse4.1, sse4.2, popcnt, avx, avx2, aes, clmul, erms, 3dnowpref, lzcnt, ht, tsc, tscinvbit, bmi1, bmi2, adx, fma

Memory: 4k page, system-wide physical 32717M (9102M free)
TotalPageFile size 32717M (AvailPageFile size 5M)
current process WorkingSet (physical memory assigned to process): 374M, peak: 406M
current process commit charge ("private bytes"): 755M, peak: 786M

vm_info: OpenJDK 64-Bit Server VM (11.0.14.1+10-LTS) for windows-amd64 JRE (11.0.14.1+10-LTS), built on Feb  8 2022 00:13:20 by "Administrator" with unknown MS VC++:1916

END.
