#
# There is insufficient memory for the Java Runtime Environment to continue.
# Native memory allocation (malloc) failed to allocate 1050576 bytes for Chunk::new
# Possible reasons:
#   The system is out of physical RAM or swap space
#   The process is running with CompressedOops enabled, and the Java Heap may be blocking the growth of the native heap
# Possible solutions:
#   Reduce memory load on the system
#   Increase physical memory or swap space
#   Check if swap backing store is full
#   Decrease Java heap size (-Xmx/-Xms)
#   Decrease number of Java threads
#   Decrease Java thread stack sizes (-Xss)
#   Set larger code cache with -XX:ReservedCodeCacheSize=
#   JVM is running with Zero Based Compressed Oops mode in which the Java heap is
#     placed in the first 32GB address space. The Java Heap base address is the
#     maximum limit for the native heap growth. Please use -XX:HeapBaseMinAddress
#     to set the Java Heap base and to place the Java Heap above 32GB virtual address.
# This output file may be truncated or incomplete.
#
#  Out of Memory Error (./src/hotspot/share/memory/arena.cpp:197), pid=12908, tid=18388
#
# JRE version: OpenJDK Runtime Environment Corretto-11.0.14.10.1 (11.0.14.1+10) (build 11.0.14.1+10-LTS)
# Java VM: OpenJDK 64-Bit Server VM Corretto-11.0.14.10.1 (11.0.14.1+10-LTS, mixed mode, tiered, compressed oops, g1 gc, windows-amd64)
# No core dump will be written. Minidumps are not enabled by default on client versions of Windows
#

---------------  S U M M A R Y ------------

Command Line: -ea -Didea.test.cyclic.buffer.size=26214400 -javaagent:D:\IntelliJIdea\IntelliJ IDEA 2021.3.2\lib\idea_rt.jar=53811:D:\IntelliJIdea\IntelliJ IDEA 2021.3.2\bin -Dfile.encoding=UTF-8 com.intellij.rt.junit.JUnitStarter -ideVersion5 -junit4 com.voxloud.imageservicevoxloud.ImageServiceTest

Host: Intel(R) Core(TM) i7-7700HQ CPU @ 2.80GHz, 8 cores, 31G,  Windows 10 , 64 bit Build 19041 (10.0.19041.1499)
Time: Mon Apr 11 14:11:24 2022 Финляндия (лето) elapsed time: 16.023563 seconds (0d 0h 0m 16s)

---------------  T H R E A D  ---------------

Current thread (0x000001e677a27800):  JavaThread "C2 CompilerThread2" daemon [_thread_in_native, id=18388, stack(0x0000009cdcc00000,0x0000009cdcd00000)]


Current CompileTask:
C2:  16023 5292       4       org.springframework.core.annotation.AnnotationsScanner::scan (18 bytes)

Stack: [0x0000009cdcc00000,0x0000009cdcd00000]
Native frames: (J=compiled Java code, j=interpreted, Vv=VM code, C=native code)
V  [jvm.dll+0x61e62a]
V  [jvm.dll+0x7ab569]
V  [jvm.dll+0x7acc58]
V  [jvm.dll+0x7ad333]
V  [jvm.dll+0x24f7f8]
V  [jvm.dll+0xc260c]
V  [jvm.dll+0xc2bcc]
V  [jvm.dll+0x2c16c4]
V  [jvm.dll+0x52d929]
V  [jvm.dll+0x210e0d]
V  [jvm.dll+0x20aba6]
V  [jvm.dll+0x207cfb]
V  [jvm.dll+0x18a2d1]
V  [jvm.dll+0x217574]
V  [jvm.dll+0x2157bb]
V  [jvm.dll+0x76e0c0]
V  [jvm.dll+0x767024]
V  [jvm.dll+0x61d486]
C  [ucrtbase.dll+0x21bb2]
C  [KERNEL32.DLL+0x17034]
C  [ntdll.dll+0x52651]


---------------  P R O C E S S  ---------------

Threads class SMR info:
_java_thread_list=0x000001e6780ac370, length=14, elements={
0x000001e643cb7800, 0x000001e671b77800, 0x000001e671b78800, 0x000001e671c01800,
0x000001e671c02800, 0x000001e671c05000, 0x000001e671c12000, 0x000001e671c18800,
0x000001e671c24000, 0x000001e671b51800, 0x000001e671d85000, 0x000001e678bfe800,
0x000001e676ac6000, 0x000001e677a27800
}

Java Threads: ( => current thread )
  0x000001e643cb7800 JavaThread "main" [_thread_in_native, id=22136, stack(0x0000009cdaf00000,0x0000009cdb000000)]
  0x000001e671b77800 JavaThread "Reference Handler" daemon [_thread_blocked, id=13160, stack(0x0000009cdb600000,0x0000009cdb700000)]
  0x000001e671b78800 JavaThread "Finalizer" daemon [_thread_blocked, id=21904, stack(0x0000009cdb700000,0x0000009cdb800000)]
  0x000001e671c01800 JavaThread "Signal Dispatcher" daemon [_thread_blocked, id=20288, stack(0x0000009cdb800000,0x0000009cdb900000)]
  0x000001e671c02800 JavaThread "Attach Listener" daemon [_thread_blocked, id=8980, stack(0x0000009cdb900000,0x0000009cdba00000)]
  0x000001e671c05000 JavaThread "Service Thread" daemon [_thread_blocked, id=11432, stack(0x0000009cdba00000,0x0000009cdbb00000)]
  0x000001e671c12000 JavaThread "C2 CompilerThread0" daemon [_thread_in_native, id=20916, stack(0x0000009cdbb00000,0x0000009cdbc00000)]
  0x000001e671c18800 JavaThread "C1 CompilerThread0" daemon [_thread_blocked, id=21536, stack(0x0000009cdbc00000,0x0000009cdbd00000)]
  0x000001e671c24000 JavaThread "Sweeper thread" daemon [_thread_blocked, id=5480, stack(0x0000009cdbd00000,0x0000009cdbe00000)]
  0x000001e671b51800 JavaThread "Common-Cleaner" daemon [_thread_blocked, id=3044, stack(0x0000009cdbe00000,0x0000009cdbf00000)]
  0x000001e671d85000 JavaThread "Monitor Ctrl-Break" daemon [_thread_in_native, id=21720, stack(0x0000009cdbf00000,0x0000009cdc000000)]
  0x000001e678bfe800 JavaThread "HikariPool-1 housekeeper" daemon [_thread_blocked, id=20428, stack(0x0000009cdc900000,0x0000009cdca00000)]
  0x000001e676ac6000 JavaThread "C2 CompilerThread1" daemon [_thread_in_native, id=20164, stack(0x0000009cdc800000,0x0000009cdc900000)]
=>0x000001e677a27800 JavaThread "C2 CompilerThread2" daemon [_thread_in_native, id=18388, stack(0x0000009cdcc00000,0x0000009cdcd00000)]

Other Threads:
  0x000001e671b77000 VMThread "VM Thread" [stack: 0x0000009cdb500000,0x0000009cdb600000] [id=20748]
  0x000001e672041800 WatcherThread [stack: 0x0000009cdc000000,0x0000009cdc100000] [id=7668]
  0x000001e643ccd800 GCTaskThread "GC Thread#0" [stack: 0x0000009cdb000000,0x0000009cdb100000] [id=21836]
  0x000001e672087800 GCTaskThread "GC Thread#1" [stack: 0x0000009cdc100000,0x0000009cdc200000] [id=18116]
  0x000001e6729dc000 GCTaskThread "GC Thread#2" [stack: 0x0000009cdc200000,0x0000009cdc300000] [id=19980]
  0x000001e672c7f000 GCTaskThread "GC Thread#3" [stack: 0x0000009cdc300000,0x0000009cdc400000] [id=11236]
  0x000001e6720a3000 GCTaskThread "GC Thread#4" [stack: 0x0000009cdc400000,0x0000009cdc500000] [id=20572]
  0x000001e672214000 GCTaskThread "GC Thread#5" [stack: 0x0000009cdc500000,0x0000009cdc600000] [id=18620]
  0x000001e672880800 GCTaskThread "GC Thread#6" [stack: 0x0000009cdc600000,0x0000009cdc700000] [id=9124]
  0x000001e672881800 GCTaskThread "GC Thread#7" [stack: 0x0000009cdc700000,0x0000009cdc800000] [id=22512]
  0x000001e643d50000 ConcurrentGCThread "G1 Main Marker" [stack: 0x0000009cdb100000,0x0000009cdb200000] [id=22320]
  0x000001e643d51800 ConcurrentGCThread "G1 Conc#0" [stack: 0x0000009cdb200000,0x0000009cdb300000] [id=13048]
  0x000001e673e79800 ConcurrentGCThread "G1 Conc#1" [stack: 0x0000009cdca00000,0x0000009cdcb00000] [id=8160]
  0x000001e6711d4800 ConcurrentGCThread "G1 Refine#0" [stack: 0x0000009cdb300000,0x0000009cdb400000] [id=21692]
  0x000001e6711d5800 ConcurrentGCThread "G1 Young RemSet Sampling" [stack: 0x0000009cdb400000,0x0000009cdb500000] [id=15896]

Threads with active compile tasks:
C2 CompilerThread0  16069 5291 %     4       org.springframework.boot.context.properties.source.ConfigurationPropertyName$ElementsParser::parse @ 23 (234 bytes)
C2 CompilerThread1  16069 5210   !   4       org.springframework.core.annotation.AnnotationsScanner::processMethodHierarchy (276 bytes)
C2 CompilerThread2  16069 5292       4       org.springframework.core.annotation.AnnotationsScanner::scan (18 bytes)

VM state:not at safepoint (normal execution)

VM Mutex/Monitor currently owned by a thread: None

Heap address: 0x0000000600c00000, size: 8180 MB, Compressed Oops mode: Zero based, Oop shift amount: 3
Narrow klass base: 0x0000000800000000, Narrow klass shift: 0
Compressed class space size: 1073741824 Address: 0x0000000800000000

Heap:
 garbage-first heap   total 524288K, used 105685K [0x0000000600c00000, 0x0000000800000000)
  region size 2048K, 49 young (100352K), 8 survivors (16384K)
 Metaspace       used 66519K, capacity 68019K, committed 68172K, reserved 1107968K
  class space    used 8407K, capacity 9008K, committed 9088K, reserved 1048576K
Heap Regions: E=young(eden), S=young(survivor), O=old, HS=humongous(starts), HC=humongous(continues), CS=collection set, F=free, A=archive, TAMS=top-at-mark-start (previous, next)
|   0|0x0000000600c00000, 0x0000000600e00000, 0x0000000600e00000|100%| O|  |TAMS 0x0000000600e00000, 0x0000000600c00000| Untracked 
|   1|0x0000000600e00000, 0x0000000601000000, 0x0000000601000000|100%| O|  |TAMS 0x0000000601000000, 0x0000000600e00000| Untracked 
|   2|0x0000000601000000, 0x0000000601200000, 0x0000000601200000|100%| O|  |TAMS 0x0000000601200000, 0x0000000601000000| Untracked 
|   3|0x0000000601200000, 0x0000000601400000, 0x0000000601400000|100%| O|  |TAMS 0x0000000601400000, 0x0000000601200000| Untracked 
|   4|0x0000000601400000, 0x0000000601422800, 0x0000000601600000|  6%| O|  |TAMS 0x0000000601422800, 0x0000000601400000| Untracked 
|   5|0x0000000601600000, 0x0000000601600000, 0x0000000601800000|  0%| F|  |TAMS 0x0000000601600000, 0x0000000601600000| Untracked 
|   6|0x0000000601800000, 0x0000000601800000, 0x0000000601a00000|  0%| F|  |TAMS 0x0000000601800000, 0x0000000601800000| Untracked 
|   7|0x0000000601a00000, 0x0000000601a00000, 0x0000000601c00000|  0%| F|  |TAMS 0x0000000601a00000, 0x0000000601a00000| Untracked 
|   8|0x0000000601c00000, 0x0000000601c00000, 0x0000000601e00000|  0%| F|  |TAMS 0x0000000601c00000, 0x0000000601c00000| Untracked 
|   9|0x0000000601e00000, 0x0000000601e00000, 0x0000000602000000|  0%| F|  |TAMS 0x0000000601e00000, 0x0000000601e00000| Untracked 
|  10|0x0000000602000000, 0x0000000602000000, 0x0000000602200000|  0%| F|  |TAMS 0x0000000602000000, 0x0000000602000000| Untracked 
|  11|0x0000000602200000, 0x0000000602200000, 0x0000000602400000|  0%| F|  |TAMS 0x0000000602200000, 0x0000000602200000| Untracked 
|  12|0x0000000602400000, 0x0000000602400000, 0x0000000602600000|  0%| F|  |TAMS 0x0000000602400000, 0x0000000602400000| Untracked 
|  13|0x0000000602600000, 0x0000000602600000, 0x0000000602800000|  0%| F|  |TAMS 0x0000000602600000, 0x0000000602600000| Untracked 
|  14|0x0000000602800000, 0x0000000602800000, 0x0000000602a00000|  0%| F|  |TAMS 0x0000000602800000, 0x0000000602800000| Untracked 
|  15|0x0000000602a00000, 0x0000000602a00000, 0x0000000602c00000|  0%| F|  |TAMS 0x0000000602a00000, 0x0000000602a00000| Untracked 
|  16|0x0000000602c00000, 0x0000000602c00000, 0x0000000602e00000|  0%| F|  |TAMS 0x0000000602c00000, 0x0000000602c00000| Untracked 
|  17|0x0000000602e00000, 0x0000000602e00000, 0x0000000603000000|  0%| F|  |TAMS 0x0000000602e00000, 0x0000000602e00000| Untracked 
|  18|0x0000000603000000, 0x0000000603000000, 0x0000000603200000|  0%| F|  |TAMS 0x0000000603000000, 0x0000000603000000| Untracked 
|  19|0x0000000603200000, 0x0000000603200000, 0x0000000603400000|  0%| F|  |TAMS 0x0000000603200000, 0x0000000603200000| Untracked 
|  20|0x0000000603400000, 0x0000000603400000, 0x0000000603600000|  0%| F|  |TAMS 0x0000000603400000, 0x0000000603400000| Untracked 
|  21|0x0000000603600000, 0x0000000603600000, 0x0000000603800000|  0%| F|  |TAMS 0x0000000603600000, 0x0000000603600000| Untracked 
|  22|0x0000000603800000, 0x0000000603800000, 0x0000000603a00000|  0%| F|  |TAMS 0x0000000603800000, 0x0000000603800000| Untracked 
|  23|0x0000000603a00000, 0x0000000603a00000, 0x0000000603c00000|  0%| F|  |TAMS 0x0000000603a00000, 0x0000000603a00000| Untracked 
|  24|0x0000000603c00000, 0x0000000603c00000, 0x0000000603e00000|  0%| F|  |TAMS 0x0000000603c00000, 0x0000000603c00000| Untracked 
|  25|0x0000000603e00000, 0x0000000603e00000, 0x0000000604000000|  0%| F|  |TAMS 0x0000000603e00000, 0x0000000603e00000| Untracked 
|  26|0x0000000604000000, 0x0000000604000000, 0x0000000604200000|  0%| F|  |TAMS 0x0000000604000000, 0x0000000604000000| Untracked 
|  27|0x0000000604200000, 0x0000000604200000, 0x0000000604400000|  0%| F|  |TAMS 0x0000000604200000, 0x0000000604200000| Untracked 
|  28|0x0000000604400000, 0x0000000604400000, 0x0000000604600000|  0%| F|  |TAMS 0x0000000604400000, 0x0000000604400000| Untracked 
|  29|0x0000000604600000, 0x0000000604600000, 0x0000000604800000|  0%| F|  |TAMS 0x0000000604600000, 0x0000000604600000| Untracked 
|  30|0x0000000604800000, 0x0000000604800000, 0x0000000604a00000|  0%| F|  |TAMS 0x0000000604800000, 0x0000000604800000| Untracked 
|  31|0x0000000604a00000, 0x0000000604a00000, 0x0000000604c00000|  0%| F|  |TAMS 0x0000000604a00000, 0x0000000604a00000| Untracked 
|  32|0x0000000604c00000, 0x0000000604c00000, 0x0000000604e00000|  0%| F|  |TAMS 0x0000000604c00000, 0x0000000604c00000| Untracked 
|  33|0x0000000604e00000, 0x0000000604e00000, 0x0000000605000000|  0%| F|  |TAMS 0x0000000604e00000, 0x0000000604e00000| Untracked 
|  34|0x0000000605000000, 0x0000000605000000, 0x0000000605200000|  0%| F|  |TAMS 0x0000000605000000, 0x0000000605000000| Untracked 
|  35|0x0000000605200000, 0x0000000605200000, 0x0000000605400000|  0%| F|  |TAMS 0x0000000605200000, 0x0000000605200000| Untracked 
|  36|0x0000000605400000, 0x0000000605400000, 0x0000000605600000|  0%| F|  |TAMS 0x0000000605400000, 0x0000000605400000| Untracked 
|  37|0x0000000605600000, 0x0000000605600000, 0x0000000605800000|  0%| F|  |TAMS 0x0000000605600000, 0x0000000605600000| Untracked 
|  38|0x0000000605800000, 0x0000000605800000, 0x0000000605a00000|  0%| F|  |TAMS 0x0000000605800000, 0x0000000605800000| Untracked 
|  39|0x0000000605a00000, 0x0000000605a00000, 0x0000000605c00000|  0%| F|  |TAMS 0x0000000605a00000, 0x0000000605a00000| Untracked 
|  40|0x0000000605c00000, 0x0000000605c00000, 0x0000000605e00000|  0%| F|  |TAMS 0x0000000605c00000, 0x0000000605c00000| Untracked 
|  41|0x0000000605e00000, 0x0000000605e00000, 0x0000000606000000|  0%| F|  |TAMS 0x0000000605e00000, 0x0000000605e00000| Untracked 
|  42|0x0000000606000000, 0x0000000606000000, 0x0000000606200000|  0%| F|  |TAMS 0x0000000606000000, 0x0000000606000000| Untracked 
|  43|0x0000000606200000, 0x0000000606200000, 0x0000000606400000|  0%| F|  |TAMS 0x0000000606200000, 0x0000000606200000| Untracked 
|  44|0x0000000606400000, 0x0000000606400000, 0x0000000606600000|  0%| F|  |TAMS 0x0000000606400000, 0x0000000606400000| Untracked 
|  45|0x0000000606600000, 0x0000000606600000, 0x0000000606800000|  0%| F|  |TAMS 0x0000000606600000, 0x0000000606600000| Untracked 
|  46|0x0000000606800000, 0x0000000606800000, 0x0000000606a00000|  0%| F|  |TAMS 0x0000000606800000, 0x0000000606800000| Untracked 
|  47|0x0000000606a00000, 0x0000000606a00000, 0x0000000606c00000|  0%| F|  |TAMS 0x0000000606a00000, 0x0000000606a00000| Untracked 
|  48|0x0000000606c00000, 0x0000000606c00000, 0x0000000606e00000|  0%| F|  |TAMS 0x0000000606c00000, 0x0000000606c00000| Untracked 
|  49|0x0000000606e00000, 0x0000000606e00000, 0x0000000607000000|  0%| F|  |TAMS 0x0000000606e00000, 0x0000000606e00000| Untracked 
|  50|0x0000000607000000, 0x0000000607000000, 0x0000000607200000|  0%| F|  |TAMS 0x0000000607000000, 0x0000000607000000| Untracked 
|  51|0x0000000607200000, 0x0000000607200000, 0x0000000607400000|  0%| F|  |TAMS 0x0000000607200000, 0x0000000607200000| Untracked 
|  52|0x0000000607400000, 0x0000000607400000, 0x0000000607600000|  0%| F|  |TAMS 0x0000000607400000, 0x0000000607400000| Untracked 
|  53|0x0000000607600000, 0x0000000607600000, 0x0000000607800000|  0%| F|  |TAMS 0x0000000607600000, 0x0000000607600000| Untracked 
|  54|0x0000000607800000, 0x0000000607800000, 0x0000000607a00000|  0%| F|  |TAMS 0x0000000607800000, 0x0000000607800000| Untracked 
|  55|0x0000000607a00000, 0x0000000607a00000, 0x0000000607c00000|  0%| F|  |TAMS 0x0000000607a00000, 0x0000000607a00000| Untracked 
|  56|0x0000000607c00000, 0x0000000607c00000, 0x0000000607e00000|  0%| F|  |TAMS 0x0000000607c00000, 0x0000000607c00000| Untracked 
|  57|0x0000000607e00000, 0x0000000607e00000, 0x0000000608000000|  0%| F|  |TAMS 0x0000000607e00000, 0x0000000607e00000| Untracked 
|  58|0x0000000608000000, 0x0000000608000000, 0x0000000608200000|  0%| F|  |TAMS 0x0000000608000000, 0x0000000608000000| Untracked 
|  59|0x0000000608200000, 0x0000000608200000, 0x0000000608400000|  0%| F|  |TAMS 0x0000000608200000, 0x0000000608200000| Untracked 
|  60|0x0000000608400000, 0x0000000608400000, 0x0000000608600000|  0%| F|  |TAMS 0x0000000608400000, 0x0000000608400000| Untracked 
|  61|0x0000000608600000, 0x0000000608600000, 0x0000000608800000|  0%| F|  |TAMS 0x0000000608600000, 0x0000000608600000| Untracked 
|  62|0x0000000608800000, 0x0000000608800000, 0x0000000608a00000|  0%| F|  |TAMS 0x0000000608800000, 0x0000000608800000| Untracked 
|  63|0x0000000608a00000, 0x0000000608a00000, 0x0000000608c00000|  0%| F|  |TAMS 0x0000000608a00000, 0x0000000608a00000| Untracked 
|  64|0x0000000608c00000, 0x0000000608c00000, 0x0000000608e00000|  0%| F|  |TAMS 0x0000000608c00000, 0x0000000608c00000| Untracked 
|  65|0x0000000608e00000, 0x0000000608e00000, 0x0000000609000000|  0%| F|  |TAMS 0x0000000608e00000, 0x0000000608e00000| Untracked 
|  66|0x0000000609000000, 0x0000000609000000, 0x0000000609200000|  0%| F|  |TAMS 0x0000000609000000, 0x0000000609000000| Untracked 
|  67|0x0000000609200000, 0x0000000609200000, 0x0000000609400000|  0%| F|  |TAMS 0x0000000609200000, 0x0000000609200000| Untracked 
|  68|0x0000000609400000, 0x0000000609400000, 0x0000000609600000|  0%| F|  |TAMS 0x0000000609400000, 0x0000000609400000| Untracked 
|  69|0x0000000609600000, 0x0000000609600000, 0x0000000609800000|  0%| F|  |TAMS 0x0000000609600000, 0x0000000609600000| Untracked 
|  70|0x0000000609800000, 0x0000000609800000, 0x0000000609a00000|  0%| F|  |TAMS 0x0000000609800000, 0x0000000609800000| Untracked 
|  71|0x0000000609a00000, 0x0000000609a00000, 0x0000000609c00000|  0%| F|  |TAMS 0x0000000609a00000, 0x0000000609a00000| Untracked 
|  72|0x0000000609c00000, 0x0000000609c00000, 0x0000000609e00000|  0%| F|  |TAMS 0x0000000609c00000, 0x0000000609c00000| Untracked 
|  73|0x0000000609e00000, 0x0000000609e00000, 0x000000060a000000|  0%| F|  |TAMS 0x0000000609e00000, 0x0000000609e00000| Untracked 
|  74|0x000000060a000000, 0x000000060a000000, 0x000000060a200000|  0%| F|  |TAMS 0x000000060a000000, 0x000000060a000000| Untracked 
|  75|0x000000060a200000, 0x000000060a200000, 0x000000060a400000|  0%| F|  |TAMS 0x000000060a200000, 0x000000060a200000| Untracked 
|  76|0x000000060a400000, 0x000000060a400000, 0x000000060a600000|  0%| F|  |TAMS 0x000000060a400000, 0x000000060a400000| Untracked 
|  77|0x000000060a600000, 0x000000060a600000, 0x000000060a800000|  0%| F|  |TAMS 0x000000060a600000, 0x000000060a600000| Untracked 
|  78|0x000000060a800000, 0x000000060a800000, 0x000000060aa00000|  0%| F|  |TAMS 0x000000060a800000, 0x000000060a800000| Untracked 
|  79|0x000000060aa00000, 0x000000060aa00000, 0x000000060ac00000|  0%| F|  |TAMS 0x000000060aa00000, 0x000000060aa00000| Untracked 
|  80|0x000000060ac00000, 0x000000060ac00000, 0x000000060ae00000|  0%| F|  |TAMS 0x000000060ac00000, 0x000000060ac00000| Untracked 
|  81|0x000000060ae00000, 0x000000060ae00000, 0x000000060b000000|  0%| F|  |TAMS 0x000000060ae00000, 0x000000060ae00000| Untracked 
|  82|0x000000060b000000, 0x000000060b000000, 0x000000060b200000|  0%| F|  |TAMS 0x000000060b000000, 0x000000060b000000| Untracked 
|  83|0x000000060b200000, 0x000000060b200000, 0x000000060b400000|  0%| F|  |TAMS 0x000000060b200000, 0x000000060b200000| Untracked 
|  84|0x000000060b400000, 0x000000060b400000, 0x000000060b600000|  0%| F|  |TAMS 0x000000060b400000, 0x000000060b400000| Untracked 
|  85|0x000000060b600000, 0x000000060b600000, 0x000000060b800000|  0%| F|  |TAMS 0x000000060b600000, 0x000000060b600000| Untracked 
|  86|0x000000060b800000, 0x000000060b800000, 0x000000060ba00000|  0%| F|  |TAMS 0x000000060b800000, 0x000000060b800000| Untracked 
|  87|0x000000060ba00000, 0x000000060ba00000, 0x000000060bc00000|  0%| F|  |TAMS 0x000000060ba00000, 0x000000060ba00000| Untracked 
|  88|0x000000060bc00000, 0x000000060bc00000, 0x000000060be00000|  0%| F|  |TAMS 0x000000060bc00000, 0x000000060bc00000| Untracked 
|  89|0x000000060be00000, 0x000000060be00000, 0x000000060c000000|  0%| F|  |TAMS 0x000000060be00000, 0x000000060be00000| Untracked 
|  90|0x000000060c000000, 0x000000060c000000, 0x000000060c200000|  0%| F|  |TAMS 0x000000060c000000, 0x000000060c000000| Untracked 
|  91|0x000000060c200000, 0x000000060c200000, 0x000000060c400000|  0%| F|  |TAMS 0x000000060c200000, 0x000000060c200000| Untracked 
|  92|0x000000060c400000, 0x000000060c400000, 0x000000060c600000|  0%| F|  |TAMS 0x000000060c400000, 0x000000060c400000| Untracked 
|  93|0x000000060c600000, 0x000000060c600000, 0x000000060c800000|  0%| F|  |TAMS 0x000000060c600000, 0x000000060c600000| Untracked 
|  94|0x000000060c800000, 0x000000060c800000, 0x000000060ca00000|  0%| F|  |TAMS 0x000000060c800000, 0x000000060c800000| Untracked 
|  95|0x000000060ca00000, 0x000000060ca00000, 0x000000060cc00000|  0%| F|  |TAMS 0x000000060ca00000, 0x000000060ca00000| Untracked 
|  96|0x000000060cc00000, 0x000000060cc00000, 0x000000060ce00000|  0%| F|  |TAMS 0x000000060cc00000, 0x000000060cc00000| Untracked 
|  97|0x000000060ce00000, 0x000000060ce00000, 0x000000060d000000|  0%| F|  |TAMS 0x000000060ce00000, 0x000000060ce00000| Untracked 
|  98|0x000000060d000000, 0x000000060d000000, 0x000000060d200000|  0%| F|  |TAMS 0x000000060d000000, 0x000000060d000000| Untracked 
|  99|0x000000060d200000, 0x000000060d200000, 0x000000060d400000|  0%| F|  |TAMS 0x000000060d200000, 0x000000060d200000| Untracked 
| 100|0x000000060d400000, 0x000000060d400000, 0x000000060d600000|  0%| F|  |TAMS 0x000000060d400000, 0x000000060d400000| Untracked 
| 101|0x000000060d600000, 0x000000060d600000, 0x000000060d800000|  0%| F|  |TAMS 0x000000060d600000, 0x000000060d600000| Untracked 
| 102|0x000000060d800000, 0x000000060d800000, 0x000000060da00000|  0%| F|  |TAMS 0x000000060d800000, 0x000000060d800000| Untracked 
| 103|0x000000060da00000, 0x000000060da00000, 0x000000060dc00000|  0%| F|  |TAMS 0x000000060da00000, 0x000000060da00000| Untracked 
| 104|0x000000060dc00000, 0x000000060dc00000, 0x000000060de00000|  0%| F|  |TAMS 0x000000060dc00000, 0x000000060dc00000| Untracked 
| 105|0x000000060de00000, 0x000000060de00000, 0x000000060e000000|  0%| F|  |TAMS 0x000000060de00000, 0x000000060de00000| Untracked 
| 106|0x000000060e000000, 0x000000060e000000, 0x000000060e200000|  0%| F|  |TAMS 0x000000060e000000, 0x000000060e000000| Untracked 
| 107|0x000000060e200000, 0x000000060e200000, 0x000000060e400000|  0%| F|  |TAMS 0x000000060e200000, 0x000000060e200000| Untracked 
| 108|0x000000060e400000, 0x000000060e400000, 0x000000060e600000|  0%| F|  |TAMS 0x000000060e400000, 0x000000060e400000| Untracked 
| 109|0x000000060e600000, 0x000000060e600000, 0x000000060e800000|  0%| F|  |TAMS 0x000000060e600000, 0x000000060e600000| Untracked 
| 110|0x000000060e800000, 0x000000060e800000, 0x000000060ea00000|  0%| F|  |TAMS 0x000000060e800000, 0x000000060e800000| Untracked 
| 111|0x000000060ea00000, 0x000000060ea00000, 0x000000060ec00000|  0%| F|  |TAMS 0x000000060ea00000, 0x000000060ea00000| Untracked 
| 112|0x000000060ec00000, 0x000000060ec00000, 0x000000060ee00000|  0%| F|  |TAMS 0x000000060ec00000, 0x000000060ec00000| Untracked 
| 113|0x000000060ee00000, 0x000000060ee00000, 0x000000060f000000|  0%| F|  |TAMS 0x000000060ee00000, 0x000000060ee00000| Untracked 
| 114|0x000000060f000000, 0x000000060f000000, 0x000000060f200000|  0%| F|  |TAMS 0x000000060f000000, 0x000000060f000000| Untracked 
| 115|0x000000060f200000, 0x000000060f200000, 0x000000060f400000|  0%| F|  |TAMS 0x000000060f200000, 0x000000060f200000| Untracked 
| 116|0x000000060f400000, 0x000000060f400000, 0x000000060f600000|  0%| F|  |TAMS 0x000000060f400000, 0x000000060f400000| Untracked 
| 117|0x000000060f600000, 0x000000060f600000, 0x000000060f800000|  0%| F|  |TAMS 0x000000060f600000, 0x000000060f600000| Untracked 
| 118|0x000000060f800000, 0x000000060f800000, 0x000000060fa00000|  0%| F|  |TAMS 0x000000060f800000, 0x000000060f800000| Untracked 
| 119|0x000000060fa00000, 0x000000060fa00000, 0x000000060fc00000|  0%| F|  |TAMS 0x000000060fa00000, 0x000000060fa00000| Untracked 
| 120|0x000000060fc00000, 0x000000060fc00000, 0x000000060fe00000|  0%| F|  |TAMS 0x000000060fc00000, 0x000000060fc00000| Untracked 
| 121|0x000000060fe00000, 0x000000060fe00000, 0x0000000610000000|  0%| F|  |TAMS 0x000000060fe00000, 0x000000060fe00000| Untracked 
| 122|0x0000000610000000, 0x0000000610000000, 0x0000000610200000|  0%| F|  |TAMS 0x0000000610000000, 0x0000000610000000| Untracked 
| 123|0x0000000610200000, 0x0000000610200000, 0x0000000610400000|  0%| F|  |TAMS 0x0000000610200000, 0x0000000610200000| Untracked 
| 124|0x0000000610400000, 0x0000000610400000, 0x0000000610600000|  0%| F|  |TAMS 0x0000000610400000, 0x0000000610400000| Untracked 
| 125|0x0000000610600000, 0x0000000610600000, 0x0000000610800000|  0%| F|  |TAMS 0x0000000610600000, 0x0000000610600000| Untracked 
| 126|0x0000000610800000, 0x0000000610800000, 0x0000000610a00000|  0%| F|  |TAMS 0x0000000610800000, 0x0000000610800000| Untracked 
| 127|0x0000000610a00000, 0x0000000610a00000, 0x0000000610c00000|  0%| F|  |TAMS 0x0000000610a00000, 0x0000000610a00000| Untracked 
| 128|0x0000000610c00000, 0x0000000610c00000, 0x0000000610e00000|  0%| F|  |TAMS 0x0000000610c00000, 0x0000000610c00000| Untracked 
| 129|0x0000000610e00000, 0x0000000610e00000, 0x0000000611000000|  0%| F|  |TAMS 0x0000000610e00000, 0x0000000610e00000| Untracked 
| 130|0x0000000611000000, 0x0000000611000000, 0x0000000611200000|  0%| F|  |TAMS 0x0000000611000000, 0x0000000611000000| Untracked 
| 131|0x0000000611200000, 0x0000000611200000, 0x0000000611400000|  0%| F|  |TAMS 0x0000000611200000, 0x0000000611200000| Untracked 
| 132|0x0000000611400000, 0x0000000611400000, 0x0000000611600000|  0%| F|  |TAMS 0x0000000611400000, 0x0000000611400000| Untracked 
| 133|0x0000000611600000, 0x0000000611600000, 0x0000000611800000|  0%| F|  |TAMS 0x0000000611600000, 0x0000000611600000| Untracked 
| 134|0x0000000611800000, 0x0000000611800000, 0x0000000611a00000|  0%| F|  |TAMS 0x0000000611800000, 0x0000000611800000| Untracked 
| 135|0x0000000611a00000, 0x0000000611a00000, 0x0000000611c00000|  0%| F|  |TAMS 0x0000000611a00000, 0x0000000611a00000| Untracked 
| 136|0x0000000611c00000, 0x0000000611c00000, 0x0000000611e00000|  0%| F|  |TAMS 0x0000000611c00000, 0x0000000611c00000| Untracked 
| 137|0x0000000611e00000, 0x0000000611e00000, 0x0000000612000000|  0%| F|  |TAMS 0x0000000611e00000, 0x0000000611e00000| Untracked 
| 138|0x0000000612000000, 0x0000000612000000, 0x0000000612200000|  0%| F|  |TAMS 0x0000000612000000, 0x0000000612000000| Untracked 
| 139|0x0000000612200000, 0x0000000612200000, 0x0000000612400000|  0%| F|  |TAMS 0x0000000612200000, 0x0000000612200000| Untracked 
| 140|0x0000000612400000, 0x0000000612400000, 0x0000000612600000|  0%| F|  |TAMS 0x0000000612400000, 0x0000000612400000| Untracked 
| 141|0x0000000612600000, 0x0000000612600000, 0x0000000612800000|  0%| F|  |TAMS 0x0000000612600000, 0x0000000612600000| Untracked 
| 142|0x0000000612800000, 0x0000000612800000, 0x0000000612a00000|  0%| F|  |TAMS 0x0000000612800000, 0x0000000612800000| Untracked 
| 143|0x0000000612a00000, 0x0000000612a00000, 0x0000000612c00000|  0%| F|  |TAMS 0x0000000612a00000, 0x0000000612a00000| Untracked 
| 144|0x0000000612c00000, 0x0000000612c00000, 0x0000000612e00000|  0%| F|  |TAMS 0x0000000612c00000, 0x0000000612c00000| Untracked 
| 145|0x0000000612e00000, 0x0000000612e00000, 0x0000000613000000|  0%| F|  |TAMS 0x0000000612e00000, 0x0000000612e00000| Untracked 
| 146|0x0000000613000000, 0x0000000613000000, 0x0000000613200000|  0%| F|  |TAMS 0x0000000613000000, 0x0000000613000000| Untracked 
| 147|0x0000000613200000, 0x0000000613200000, 0x0000000613400000|  0%| F|  |TAMS 0x0000000613200000, 0x0000000613200000| Untracked 
| 148|0x0000000613400000, 0x0000000613400000, 0x0000000613600000|  0%| F|  |TAMS 0x0000000613400000, 0x0000000613400000| Untracked 
| 149|0x0000000613600000, 0x0000000613600000, 0x0000000613800000|  0%| F|  |TAMS 0x0000000613600000, 0x0000000613600000| Untracked 
| 150|0x0000000613800000, 0x0000000613800000, 0x0000000613a00000|  0%| F|  |TAMS 0x0000000613800000, 0x0000000613800000| Untracked 
| 151|0x0000000613a00000, 0x0000000613a00000, 0x0000000613c00000|  0%| F|  |TAMS 0x0000000613a00000, 0x0000000613a00000| Untracked 
| 152|0x0000000613c00000, 0x0000000613c00000, 0x0000000613e00000|  0%| F|  |TAMS 0x0000000613c00000, 0x0000000613c00000| Untracked 
| 153|0x0000000613e00000, 0x0000000613e00000, 0x0000000614000000|  0%| F|  |TAMS 0x0000000613e00000, 0x0000000613e00000| Untracked 
| 154|0x0000000614000000, 0x0000000614000000, 0x0000000614200000|  0%| F|  |TAMS 0x0000000614000000, 0x0000000614000000| Untracked 
| 155|0x0000000614200000, 0x0000000614200000, 0x0000000614400000|  0%| F|  |TAMS 0x0000000614200000, 0x0000000614200000| Untracked 
| 156|0x0000000614400000, 0x0000000614400000, 0x0000000614600000|  0%| F|  |TAMS 0x0000000614400000, 0x0000000614400000| Untracked 
| 157|0x0000000614600000, 0x0000000614600000, 0x0000000614800000|  0%| F|  |TAMS 0x0000000614600000, 0x0000000614600000| Untracked 
| 158|0x0000000614800000, 0x0000000614800000, 0x0000000614a00000|  0%| F|  |TAMS 0x0000000614800000, 0x0000000614800000| Untracked 
| 159|0x0000000614a00000, 0x0000000614a00000, 0x0000000614c00000|  0%| F|  |TAMS 0x0000000614a00000, 0x0000000614a00000| Untracked 
| 160|0x0000000614c00000, 0x0000000614c00000, 0x0000000614e00000|  0%| F|  |TAMS 0x0000000614c00000, 0x0000000614c00000| Untracked 
| 161|0x0000000614e00000, 0x0000000614e00000, 0x0000000615000000|  0%| F|  |TAMS 0x0000000614e00000, 0x0000000614e00000| Untracked 
| 162|0x0000000615000000, 0x0000000615000000, 0x0000000615200000|  0%| F|  |TAMS 0x0000000615000000, 0x0000000615000000| Untracked 
| 163|0x0000000615200000, 0x0000000615200000, 0x0000000615400000|  0%| F|  |TAMS 0x0000000615200000, 0x0000000615200000| Untracked 
| 164|0x0000000615400000, 0x0000000615400000, 0x0000000615600000|  0%| F|  |TAMS 0x0000000615400000, 0x0000000615400000| Untracked 
| 165|0x0000000615600000, 0x0000000615600000, 0x0000000615800000|  0%| F|  |TAMS 0x0000000615600000, 0x0000000615600000| Untracked 
| 166|0x0000000615800000, 0x0000000615800000, 0x0000000615a00000|  0%| F|  |TAMS 0x0000000615800000, 0x0000000615800000| Untracked 
| 167|0x0000000615a00000, 0x0000000615a00000, 0x0000000615c00000|  0%| F|  |TAMS 0x0000000615a00000, 0x0000000615a00000| Untracked 
| 168|0x0000000615c00000, 0x0000000615c00000, 0x0000000615e00000|  0%| F|  |TAMS 0x0000000615c00000, 0x0000000615c00000| Untracked 
| 169|0x0000000615e00000, 0x0000000615e00000, 0x0000000616000000|  0%| F|  |TAMS 0x0000000615e00000, 0x0000000615e00000| Untracked 
| 170|0x0000000616000000, 0x0000000616000000, 0x0000000616200000|  0%| F|  |TAMS 0x0000000616000000, 0x0000000616000000| Untracked 
| 171|0x0000000616200000, 0x0000000616200000, 0x0000000616400000|  0%| F|  |TAMS 0x0000000616200000, 0x0000000616200000| Untracked 
| 172|0x0000000616400000, 0x0000000616400000, 0x0000000616600000|  0%| F|  |TAMS 0x0000000616400000, 0x0000000616400000| Untracked 
| 173|0x0000000616600000, 0x0000000616600000, 0x0000000616800000|  0%| F|  |TAMS 0x0000000616600000, 0x0000000616600000| Untracked 
| 174|0x0000000616800000, 0x0000000616800000, 0x0000000616a00000|  0%| F|  |TAMS 0x0000000616800000, 0x0000000616800000| Untracked 
| 175|0x0000000616a00000, 0x0000000616a00000, 0x0000000616c00000|  0%| F|  |TAMS 0x0000000616a00000, 0x0000000616a00000| Untracked 
| 176|0x0000000616c00000, 0x0000000616c00000, 0x0000000616e00000|  0%| F|  |TAMS 0x0000000616c00000, 0x0000000616c00000| Untracked 
| 177|0x0000000616e00000, 0x0000000616e00000, 0x0000000617000000|  0%| F|  |TAMS 0x0000000616e00000, 0x0000000616e00000| Untracked 
| 178|0x0000000617000000, 0x0000000617000000, 0x0000000617200000|  0%| F|  |TAMS 0x0000000617000000, 0x0000000617000000| Untracked 
| 179|0x0000000617200000, 0x0000000617200000, 0x0000000617400000|  0%| F|  |TAMS 0x0000000617200000, 0x0000000617200000| Untracked 
| 180|0x0000000617400000, 0x0000000617400000, 0x0000000617600000|  0%| F|  |TAMS 0x0000000617400000, 0x0000000617400000| Untracked 
| 181|0x0000000617600000, 0x0000000617600000, 0x0000000617800000|  0%| F|  |TAMS 0x0000000617600000, 0x0000000617600000| Untracked 
| 182|0x0000000617800000, 0x0000000617800000, 0x0000000617a00000|  0%| F|  |TAMS 0x0000000617800000, 0x0000000617800000| Untracked 
| 183|0x0000000617a00000, 0x0000000617a00000, 0x0000000617c00000|  0%| F|  |TAMS 0x0000000617a00000, 0x0000000617a00000| Untracked 
| 184|0x0000000617c00000, 0x0000000617c00000, 0x0000000617e00000|  0%| F|  |TAMS 0x0000000617c00000, 0x0000000617c00000| Untracked 
| 185|0x0000000617e00000, 0x0000000617e00000, 0x0000000618000000|  0%| F|  |TAMS 0x0000000617e00000, 0x0000000617e00000| Untracked 
| 186|0x0000000618000000, 0x0000000618000000, 0x0000000618200000|  0%| F|  |TAMS 0x0000000618000000, 0x0000000618000000| Untracked 
| 187|0x0000000618200000, 0x0000000618200000, 0x0000000618400000|  0%| F|  |TAMS 0x0000000618200000, 0x0000000618200000| Untracked 
| 188|0x0000000618400000, 0x0000000618400000, 0x0000000618600000|  0%| F|  |TAMS 0x0000000618400000, 0x0000000618400000| Untracked 
| 189|0x0000000618600000, 0x0000000618600000, 0x0000000618800000|  0%| F|  |TAMS 0x0000000618600000, 0x0000000618600000| Untracked 
| 190|0x0000000618800000, 0x0000000618800000, 0x0000000618a00000|  0%| F|  |TAMS 0x0000000618800000, 0x0000000618800000| Untracked 
| 191|0x0000000618a00000, 0x0000000618a00000, 0x0000000618c00000|  0%| F|  |TAMS 0x0000000618a00000, 0x0000000618a00000| Untracked 
| 192|0x0000000618c00000, 0x0000000618c00000, 0x0000000618e00000|  0%| F|  |TAMS 0x0000000618c00000, 0x0000000618c00000| Untracked 
| 193|0x0000000618e00000, 0x0000000618e00000, 0x0000000619000000|  0%| F|  |TAMS 0x0000000618e00000, 0x0000000618e00000| Untracked 
| 194|0x0000000619000000, 0x0000000619000000, 0x0000000619200000|  0%| F|  |TAMS 0x0000000619000000, 0x0000000619000000| Untracked 
| 195|0x0000000619200000, 0x0000000619200000, 0x0000000619400000|  0%| F|  |TAMS 0x0000000619200000, 0x0000000619200000| Untracked 
| 196|0x0000000619400000, 0x0000000619400000, 0x0000000619600000|  0%| F|  |TAMS 0x0000000619400000, 0x0000000619400000| Untracked 
| 197|0x0000000619600000, 0x0000000619600000, 0x0000000619800000|  0%| F|  |TAMS 0x0000000619600000, 0x0000000619600000| Untracked 
| 198|0x0000000619800000, 0x0000000619800000, 0x0000000619a00000|  0%| F|  |TAMS 0x0000000619800000, 0x0000000619800000| Untracked 
| 199|0x0000000619a00000, 0x0000000619a00000, 0x0000000619c00000|  0%| F|  |TAMS 0x0000000619a00000, 0x0000000619a00000| Untracked 
| 200|0x0000000619c00000, 0x0000000619c00000, 0x0000000619e00000|  0%| F|  |TAMS 0x0000000619c00000, 0x0000000619c00000| Untracked 
| 201|0x0000000619e00000, 0x0000000619e00000, 0x000000061a000000|  0%| F|  |TAMS 0x0000000619e00000, 0x0000000619e00000| Untracked 
| 202|0x000000061a000000, 0x000000061a000000, 0x000000061a200000|  0%| F|  |TAMS 0x000000061a000000, 0x000000061a000000| Untracked 
| 203|0x000000061a200000, 0x000000061a200000, 0x000000061a400000|  0%| F|  |TAMS 0x000000061a200000, 0x000000061a200000| Untracked 
| 204|0x000000061a400000, 0x000000061a400000, 0x000000061a600000|  0%| F|  |TAMS 0x000000061a400000, 0x000000061a400000| Untracked 
| 205|0x000000061a600000, 0x000000061a600000, 0x000000061a800000|  0%| F|  |TAMS 0x000000061a600000, 0x000000061a600000| Untracked 
| 206|0x000000061a800000, 0x000000061a800000, 0x000000061aa00000|  0%| F|  |TAMS 0x000000061a800000, 0x000000061a800000| Untracked 
| 207|0x000000061aa00000, 0x000000061ac00000, 0x000000061ac00000|100%| E|  |TAMS 0x000000061aa00000, 0x000000061aa00000| Complete 
| 208|0x000000061ac00000, 0x000000061ae00000, 0x000000061ae00000|100%| E|CS|TAMS 0x000000061ac00000, 0x000000061ac00000| Complete 
| 209|0x000000061ae00000, 0x000000061b000000, 0x000000061b000000|100%| E|CS|TAMS 0x000000061ae00000, 0x000000061ae00000| Complete 
| 210|0x000000061b000000, 0x000000061b200000, 0x000000061b200000|100%| E|CS|TAMS 0x000000061b000000, 0x000000061b000000| Complete 
| 211|0x000000061b200000, 0x000000061b400000, 0x000000061b400000|100%| E|CS|TAMS 0x000000061b200000, 0x000000061b200000| Complete 
| 212|0x000000061b400000, 0x000000061b600000, 0x000000061b600000|100%| E|CS|TAMS 0x000000061b400000, 0x000000061b400000| Complete 
| 213|0x000000061b600000, 0x000000061b800000, 0x000000061b800000|100%| E|CS|TAMS 0x000000061b600000, 0x000000061b600000| Complete 
| 214|0x000000061b800000, 0x000000061ba00000, 0x000000061ba00000|100%| E|CS|TAMS 0x000000061b800000, 0x000000061b800000| Complete 
| 215|0x000000061ba00000, 0x000000061bc00000, 0x000000061bc00000|100%| E|CS|TAMS 0x000000061ba00000, 0x000000061ba00000| Complete 
| 216|0x000000061bc00000, 0x000000061be00000, 0x000000061be00000|100%| E|CS|TAMS 0x000000061bc00000, 0x000000061bc00000| Complete 
| 217|0x000000061be00000, 0x000000061c000000, 0x000000061c000000|100%| E|CS|TAMS 0x000000061be00000, 0x000000061be00000| Complete 
| 218|0x000000061c000000, 0x000000061c200000, 0x000000061c200000|100%| E|CS|TAMS 0x000000061c000000, 0x000000061c000000| Complete 
| 219|0x000000061c200000, 0x000000061c400000, 0x000000061c400000|100%| E|CS|TAMS 0x000000061c200000, 0x000000061c200000| Complete 
| 220|0x000000061c400000, 0x000000061c600000, 0x000000061c600000|100%| E|CS|TAMS 0x000000061c400000, 0x000000061c400000| Complete 
| 221|0x000000061c600000, 0x000000061c800000, 0x000000061c800000|100%| E|CS|TAMS 0x000000061c600000, 0x000000061c600000| Complete 
| 222|0x000000061c800000, 0x000000061ca00000, 0x000000061ca00000|100%| E|CS|TAMS 0x000000061c800000, 0x000000061c800000| Complete 
| 223|0x000000061ca00000, 0x000000061cc00000, 0x000000061cc00000|100%| E|CS|TAMS 0x000000061ca00000, 0x000000061ca00000| Complete 
| 224|0x000000061cc00000, 0x000000061ce00000, 0x000000061ce00000|100%| E|CS|TAMS 0x000000061cc00000, 0x000000061cc00000| Complete 
| 225|0x000000061ce00000, 0x000000061d000000, 0x000000061d000000|100%| E|CS|TAMS 0x000000061ce00000, 0x000000061ce00000| Complete 
| 226|0x000000061d000000, 0x000000061d200000, 0x000000061d200000|100%| E|CS|TAMS 0x000000061d000000, 0x000000061d000000| Complete 
| 227|0x000000061d200000, 0x000000061d400000, 0x000000061d400000|100%| E|CS|TAMS 0x000000061d200000, 0x000000061d200000| Complete 
| 228|0x000000061d400000, 0x000000061d600000, 0x000000061d600000|100%| E|CS|TAMS 0x000000061d400000, 0x000000061d400000| Complete 
| 229|0x000000061d600000, 0x000000061d800000, 0x000000061d800000|100%| E|CS|TAMS 0x000000061d600000, 0x000000061d600000| Complete 
| 230|0x000000061d800000, 0x000000061da00000, 0x000000061da00000|100%| E|CS|TAMS 0x000000061d800000, 0x000000061d800000| Complete 
| 231|0x000000061da00000, 0x000000061dc00000, 0x000000061dc00000|100%| E|CS|TAMS 0x000000061da00000, 0x000000061da00000| Complete 
| 232|0x000000061dc00000, 0x000000061de00000, 0x000000061de00000|100%| E|CS|TAMS 0x000000061dc00000, 0x000000061dc00000| Complete 
| 233|0x000000061de00000, 0x000000061e000000, 0x000000061e000000|100%| E|CS|TAMS 0x000000061de00000, 0x000000061de00000| Complete 
| 234|0x000000061e000000, 0x000000061e200000, 0x000000061e200000|100%| E|CS|TAMS 0x000000061e000000, 0x000000061e000000| Complete 
| 235|0x000000061e200000, 0x000000061e400000, 0x000000061e400000|100%| E|CS|TAMS 0x000000061e200000, 0x000000061e200000| Complete 
| 236|0x000000061e400000, 0x000000061e512d40, 0x000000061e600000| 53%| S|CS|TAMS 0x000000061e400000, 0x000000061e400000| Complete 
| 237|0x000000061e600000, 0x000000061e800000, 0x000000061e800000|100%| S|CS|TAMS 0x000000061e600000, 0x000000061e600000| Complete 
| 238|0x000000061e800000, 0x000000061ea00000, 0x000000061ea00000|100%| S|CS|TAMS 0x000000061e800000, 0x000000061e800000| Complete 
| 239|0x000000061ea00000, 0x000000061ec00000, 0x000000061ec00000|100%| S|CS|TAMS 0x000000061ea00000, 0x000000061ea00000| Complete 
| 240|0x000000061ec00000, 0x000000061ee00000, 0x000000061ee00000|100%| S|CS|TAMS 0x000000061ec00000, 0x000000061ec00000| Complete 
| 241|0x000000061ee00000, 0x000000061f000000, 0x000000061f000000|100%| S|CS|TAMS 0x000000061ee00000, 0x000000061ee00000| Complete 
| 242|0x000000061f000000, 0x000000061f200000, 0x000000061f200000|100%| S|CS|TAMS 0x000000061f000000, 0x000000061f000000| Complete 
| 243|0x000000061f200000, 0x000000061f400000, 0x000000061f400000|100%| S|CS|TAMS 0x000000061f200000, 0x000000061f200000| Complete 
| 244|0x000000061f400000, 0x000000061f600000, 0x000000061f600000|100%| E|CS|TAMS 0x000000061f400000, 0x000000061f400000| Complete 
| 245|0x000000061f600000, 0x000000061f800000, 0x000000061f800000|100%| E|CS|TAMS 0x000000061f600000, 0x000000061f600000| Complete 
| 246|0x000000061f800000, 0x000000061fa00000, 0x000000061fa00000|100%| E|CS|TAMS 0x000000061f800000, 0x000000061f800000| Complete 
| 247|0x000000061fa00000, 0x000000061fc00000, 0x000000061fc00000|100%| E|CS|TAMS 0x000000061fa00000, 0x000000061fa00000| Complete 
| 248|0x000000061fc00000, 0x000000061fe00000, 0x000000061fe00000|100%| E|CS|TAMS 0x000000061fc00000, 0x000000061fc00000| Complete 
| 249|0x000000061fe00000, 0x0000000620000000, 0x0000000620000000|100%| E|CS|TAMS 0x000000061fe00000, 0x000000061fe00000| Complete 
| 250|0x0000000620000000, 0x0000000620200000, 0x0000000620200000|100%| E|CS|TAMS 0x0000000620000000, 0x0000000620000000| Complete 
| 251|0x0000000620200000, 0x0000000620400000, 0x0000000620400000|100%| E|CS|TAMS 0x0000000620200000, 0x0000000620200000| Complete 
| 252|0x0000000620400000, 0x0000000620600000, 0x0000000620600000|100%| E|CS|TAMS 0x0000000620400000, 0x0000000620400000| Complete 
| 253|0x0000000620600000, 0x0000000620800000, 0x0000000620800000|100%| E|CS|TAMS 0x0000000620600000, 0x0000000620600000| Complete 
| 254|0x0000000620800000, 0x0000000620a00000, 0x0000000620a00000|100%| E|CS|TAMS 0x0000000620800000, 0x0000000620800000| Complete 
| 255|0x0000000620a00000, 0x0000000620c00000, 0x0000000620c00000|100%| E|CS|TAMS 0x0000000620a00000, 0x0000000620a00000| Complete 

Card table byte_map: [0x000001e65c720000,0x000001e65d720000] _byte_map_base: 0x000001e65971a000

Marking Bits (Prev, Next): (CMBitMap*) 0x000001e643d3f320, (CMBitMap*) 0x000001e643d3f2e8
 Prev Bits: [0x000001e6666f0000, 0x000001e66e6c0000)
 Next Bits: [0x000001e65e720000, 0x000001e6666f0000)

Polling page: 0x000001e641c50000

Metaspace:

Usage:
  Non-class:     57.69 MB capacity,    56.84 MB ( 99%) used,   669.76 KB (  1%) free+waste,   199.06 KB ( <1%) overhead. 
      Class:      8.80 MB capacity,     8.22 MB ( 93%) used,   498.54 KB (  6%) free+waste,    92.63 KB (  1%) overhead. 
       Both:     66.49 MB capacity,    65.06 MB ( 98%) used,     1.14 MB (  2%) free+waste,   291.69 KB ( <1%) overhead. 

Virtual space:
  Non-class space:       58.00 MB reserved,      57.95 MB (>99%) committed 
      Class space:        1.00 GB reserved,       8.88 MB ( <1%) committed 
             Both:        1.06 GB reserved,      66.82 MB (  6%) committed 

Chunk freelists:
   Non-Class:  9.00 KB
       Class:  16.00 KB
        Both:  25.00 KB

MaxMetaspaceSize: 17179869184.00 GB
CompressedClassSpaceSize: 1.00 GB
Initial GC threshold: 20.80 MB
Current GC threshold: 98.46 MB
CDS: off

CodeHeap 'non-profiled nmethods': size=120000Kb used=4012Kb max_used=4012Kb free=115987Kb
 bounds [0x000001e653eb0000, 0x000001e6542a0000, 0x000001e65b3e0000]
CodeHeap 'profiled nmethods': size=120000Kb used=12447Kb max_used=12447Kb free=107552Kb
 bounds [0x000001e64c980000, 0x000001e64d5b0000, 0x000001e653eb0000]
CodeHeap 'non-nmethods': size=5760Kb used=1312Kb max_used=1378Kb free=4447Kb
 bounds [0x000001e64c3e0000, 0x000001e64c650000, 0x000001e64c980000]
 total_blobs=5947 nmethods=5335 adapters=524
 compilation: enabled
              stopped_count=0, restarted_count=0
 full_count=0

Compilation events (20 events):
Event: 15.957 Thread 0x000001e671c18800 5374       3       org.springframework.cglib.core.TypeUtils::isInterface (14 bytes)
Event: 15.957 Thread 0x000001e671c18800 nmethod 5374 0x000001e64d5a1010 code [0x000001e64d5a11c0, 0x000001e64d5a12f8]
Event: 15.957 Thread 0x000001e671c18800 5375       3       org.springframework.cglib.core.CodeEmitter::end_method (7 bytes)
Event: 15.957 Thread 0x000001e671c18800 nmethod 5375 0x000001e64d5a1390 code [0x000001e64d5a1560, 0x000001e64d5a1948]
Event: 15.957 Thread 0x000001e671c18800 5377       3       org.springframework.asm.MethodWriter::computeMethodInfoSize (557 bytes)
Event: 15.960 Thread 0x000001e671c18800 nmethod 5377 0x000001e64d5a1a90 code [0x000001e64d5a1de0, 0x000001e64d5a2ea8]
Event: 15.960 Thread 0x000001e671c18800 5371       3       org.springframework.asm.ClassWriter::visitMethod (57 bytes)
Event: 15.960 Thread 0x000001e671c18800 nmethod 5371 0x000001e64d5a3590 code [0x000001e64d5a3760, 0x000001e64d5a3ae8]
Event: 15.973 Thread 0x000001e671c18800 5378       3       org.springframework.core.io.support.PathMatchingResourcePatternResolver::getClassLoader (10 bytes)
Event: 15.973 Thread 0x000001e671c18800 nmethod 5378 0x000001e64d5a3c10 code [0x000001e64d5a3dc0, 0x000001e64d5a4028]
Event: 15.976 Thread 0x000001e671c18800 5379       3       java.lang.ThreadLocal$ThreadLocalMap::getEntryAfterMiss (63 bytes)
Event: 15.977 Thread 0x000001e671c18800 nmethod 5379 0x000001e64d5a4110 code [0x000001e64d5a4300, 0x000001e64d5a4868]
Event: 15.979 Thread 0x000001e671c18800 5380       3       org.springframework.expression.spel.standard.Tokenizer::isAlphabetic (25 bytes)
Event: 15.980 Thread 0x000001e671c18800 nmethod 5380 0x000001e64d5a4a10 code [0x000001e64d5a4bc0, 0x000001e64d5a4d98]
Event: 15.989 Thread 0x000001e671c18800 5381       1       org.springframework.context.support.GenericApplicationContext::getBeanFactory (5 bytes)
Event: 15.989 Thread 0x000001e671c18800 nmethod 5381 0x000001e65429aa90 code [0x000001e65429ac40, 0x000001e65429acf8]
Event: 15.992 Thread 0x000001e671c18800 5382       3       java.lang.invoke.MethodHandle::bindArgumentL (10 bytes)
Event: 15.993 Thread 0x000001e671c18800 nmethod 5382 0x000001e64d5a4e90 code [0x000001e64d5a50a0, 0x000001e64d5a5728]
Event: 16.003 Thread 0x000001e671c18800 5383       1       org.springframework.core.convert.TypeDescriptor::getResolvableType (5 bytes)
Event: 16.003 Thread 0x000001e671c18800 nmethod 5383 0x000001e65429ad90 code [0x000001e65429af40, 0x000001e65429aff8]

GC Heap History (14 events):
Event: 1.892 GC heap before
{Heap before GC invocations=0 (full 0):
 garbage-first heap   total 524288K, used 24576K [0x0000000600c00000, 0x0000000800000000)
  region size 2048K, 12 young (24576K), 0 survivors (0K)
 Metaspace       used 10555K, capacity 10722K, committed 10752K, reserved 1058816K
  class space    used 973K, capacity 1020K, committed 1024K, reserved 1048576K
}
Event: 1.914 GC heap after
{Heap after GC invocations=1 (full 0):
 garbage-first heap   total 524288K, used 8367K [0x0000000600c00000, 0x0000000800000000)
  region size 2048K, 2 young (4096K), 2 survivors (4096K)
 Metaspace       used 10555K, capacity 10722K, committed 10752K, reserved 1058816K
  class space    used 973K, capacity 1020K, committed 1024K, reserved 1048576K
}
Event: 2.866 GC heap before
{Heap before GC invocations=1 (full 0):
 garbage-first heap   total 524288K, used 28847K [0x0000000600c00000, 0x0000000800000000)
  region size 2048K, 12 young (24576K), 2 survivors (4096K)
 Metaspace       used 13826K, capacity 14132K, committed 14336K, reserved 1062912K
  class space    used 1340K, capacity 1431K, committed 1536K, reserved 1048576K
}
Event: 2.870 GC heap after
{Heap after GC invocations=2 (full 0):
 garbage-first heap   total 524288K, used 9247K [0x0000000600c00000, 0x0000000800000000)
  region size 2048K, 1 young (2048K), 1 survivors (2048K)
 Metaspace       used 13826K, capacity 14132K, committed 14336K, reserved 1062912K
  class space    used 1340K, capacity 1431K, committed 1536K, reserved 1048576K
}
Event: 4.653 GC heap before
{Heap before GC invocations=2 (full 0):
 garbage-first heap   total 524288K, used 48159K [0x0000000600c00000, 0x0000000800000000)
  region size 2048K, 21 young (43008K), 1 survivors (2048K)
 Metaspace       used 20586K, capacity 21084K, committed 21248K, reserved 1069056K
  class space    used 2236K, capacity 2439K, committed 2560K, reserved 1048576K
}
Event: 4.658 GC heap after
{Heap after GC invocations=3 (full 0):
 garbage-first heap   total 524288K, used 11166K [0x0000000600c00000, 0x0000000800000000)
  region size 2048K, 2 young (4096K), 2 survivors (4096K)
 Metaspace       used 20586K, capacity 21084K, committed 21248K, reserved 1069056K
  class space    used 2236K, capacity 2439K, committed 2560K, reserved 1048576K
}
Event: 5.766 GC heap before
{Heap before GC invocations=4 (full 0):
 garbage-first heap   total 524288K, used 86942K [0x0000000600c00000, 0x0000000800000000)
  region size 2048K, 39 young (79872K), 2 survivors (4096K)
 Metaspace       used 28890K, capacity 29637K, committed 29824K, reserved 1075200K
  class space    used 3323K, capacity 3608K, committed 3712K, reserved 1048576K
}
Event: 5.771 GC heap after
{Heap after GC invocations=5 (full 0):
 garbage-first heap   total 524288K, used 13646K [0x0000000600c00000, 0x0000000800000000)
  region size 2048K, 3 young (6144K), 3 survivors (6144K)
 Metaspace       used 28890K, capacity 29637K, committed 29824K, reserved 1075200K
  class space    used 3323K, capacity 3608K, committed 3712K, reserved 1048576K
}
Event: 7.375 GC heap before
{Heap before GC invocations=5 (full 0):
 garbage-first heap   total 524288K, used 87374K [0x0000000600c00000, 0x0000000800000000)
  region size 2048K, 40 young (81920K), 3 survivors (6144K)
 Metaspace       used 34964K, capacity 35810K, committed 35840K, reserved 1081344K
  class space    used 4138K, capacity 4465K, committed 4480K, reserved 1048576K
}
Event: 7.393 GC heap after
{Heap after GC invocations=6 (full 0):
 garbage-first heap   total 524288K, used 15793K [0x0000000600c00000, 0x0000000800000000)
  region size 2048K, 4 young (8192K), 4 survivors (8192K)
 Metaspace       used 34964K, capacity 35810K, committed 35840K, reserved 1081344K
  class space    used 4138K, capacity 4465K, committed 4480K, reserved 1048576K
}
Event: 12.692 GC heap before
{Heap before GC invocations=7 (full 0):
 garbage-first heap   total 524288K, used 163249K [0x0000000600c00000, 0x0000000800000000)
  region size 2048K, 76 young (155648K), 4 survivors (8192K)
 Metaspace       used 56973K, capacity 58172K, committed 58496K, reserved 1099776K
  class space    used 7217K, capacity 7700K, committed 7808K, reserved 1048576K
}
Event: 12.702 GC heap after
{Heap after GC invocations=8 (full 0):
 garbage-first heap   total 524288K, used 22192K [0x0000000600c00000, 0x0000000800000000)
  region size 2048K, 7 young (14336K), 7 survivors (14336K)
 Metaspace       used 56973K, capacity 58172K, committed 58496K, reserved 1099776K
  class space    used 7217K, capacity 7700K, committed 7808K, reserved 1048576K
}
Event: 13.319 GC heap before
{Heap before GC invocations=8 (full 0):
 garbage-first heap   total 524288K, used 44720K [0x0000000600c00000, 0x0000000800000000)
  region size 2048K, 19 young (38912K), 7 survivors (14336K)
 Metaspace       used 58901K, capacity 60107K, committed 60160K, reserved 1101824K
  class space    used 7452K, capacity 7920K, committed 7936K, reserved 1048576K
}
Event: 13.346 GC heap after
{Heap after GC invocations=9 (full 0):
 garbage-first heap   total 524288K, used 23765K [0x0000000600c00000, 0x0000000800000000)
  region size 2048K, 8 young (16384K), 8 survivors (16384K)
 Metaspace       used 58901K, capacity 60107K, committed 60160K, reserved 1101824K
  class space    used 7452K, capacity 7920K, committed 7936K, reserved 1048576K
}

Deoptimization events (20 events):
Event: 15.633 Thread 0x000001e643cb7800 Uncommon trap: trap_request=0xffffffd6 fr.pc=0x000001e65422d1d4 relative=0x0000000000000bd4
Event: 15.633 Thread 0x000001e643cb7800 Uncommon trap: reason=array_check action=maybe_recompile pc=0x000001e65422d1d4 method=java.util.concurrent.ConcurrentHashMap$CollectionView.toArray([Ljava/lang/Object;)[Ljava/lang/Object; @ 158 c2
Event: 15.633 Thread 0x000001e643cb7800 DEOPT PACKING pc=0x000001e65422d1d4 sp=0x0000009cdaffa740
Event: 15.633 Thread 0x000001e643cb7800 DEOPT UNPACKING pc=0x000001e64c42a1af sp=0x0000009cdaffa6e0 mode 2
Event: 15.633 Thread 0x000001e643cb7800 Uncommon trap: trap_request=0xffffffd6 fr.pc=0x000001e65422d1d4 relative=0x0000000000000bd4
Event: 15.633 Thread 0x000001e643cb7800 Uncommon trap: reason=array_check action=maybe_recompile pc=0x000001e65422d1d4 method=java.util.concurrent.ConcurrentHashMap$CollectionView.toArray([Ljava/lang/Object;)[Ljava/lang/Object; @ 158 c2
Event: 15.633 Thread 0x000001e643cb7800 DEOPT PACKING pc=0x000001e65422d1d4 sp=0x0000009cdaffa740
Event: 15.633 Thread 0x000001e643cb7800 DEOPT UNPACKING pc=0x000001e64c42a1af sp=0x0000009cdaffa6e0 mode 2
Event: 15.778 Thread 0x000001e643cb7800 Uncommon trap: trap_request=0xffffff4d fr.pc=0x000001e65421a1dc relative=0x000000000000387c
Event: 15.778 Thread 0x000001e643cb7800 Uncommon trap: reason=unstable_if action=reinterpret pc=0x000001e65421a1dc method=org.springframework.core.annotation.AnnotationsScanner.processClassInheritedAnnotations(Ljava/lang/Object;Ljava/lang/Class;Lorg/springframework/core/annotation/MergedAnnotat
Event: 15.778 Thread 0x000001e643cb7800 DEOPT PACKING pc=0x000001e65421a1dc sp=0x0000009cdaffbab0
Event: 15.778 Thread 0x000001e643cb7800 DEOPT UNPACKING pc=0x000001e64c42a1af sp=0x0000009cdaffb830 mode 2
Event: 15.778 Thread 0x000001e643cb7800 Uncommon trap: trap_request=0xffffff4d fr.pc=0x000001e6542353c4 relative=0x0000000000003244
Event: 15.778 Thread 0x000001e643cb7800 Uncommon trap: reason=unstable_if action=reinterpret pc=0x000001e6542353c4 method=org.springframework.core.annotation.AnnotationsScanner.processClassInheritedAnnotations(Ljava/lang/Object;Ljava/lang/Class;Lorg/springframework/core/annotation/MergedAnnotat
Event: 15.778 Thread 0x000001e643cb7800 DEOPT PACKING pc=0x000001e6542353c4 sp=0x0000009cdaffb870
Event: 15.778 Thread 0x000001e643cb7800 DEOPT UNPACKING pc=0x000001e64c42a1af sp=0x0000009cdaffb768 mode 2
Event: 15.844 Thread 0x000001e643cb7800 Uncommon trap: trap_request=0xffffff4d fr.pc=0x000001e6541b4538 relative=0x0000000000001478
Event: 15.844 Thread 0x000001e643cb7800 Uncommon trap: reason=unstable_if action=reinterpret pc=0x000001e6541b4538 method=org.springframework.core.annotation.AnnotationsScanner.processClassHierarchy(Ljava/lang/Object;[ILjava/lang/Class;Lorg/springframework/core/annotation/AnnotationsProcessor;Z
Event: 15.844 Thread 0x000001e643cb7800 DEOPT PACKING pc=0x000001e6541b4538 sp=0x0000009cdaffbcc0
Event: 15.844 Thread 0x000001e643cb7800 DEOPT UNPACKING pc=0x000001e64c42a1af sp=0x0000009cdaffbc98 mode 2

Classes redefined (0 events):
No events

Internal exceptions (20 events):
Event: 15.884 Thread 0x000001e643cb7800 Exception <a 'java/lang/ClassNotFoundException'{0x000000061b5d02d8}: org/springframework/security/config/annotation/AbstractSecurityBuilderCustomizer> (0x000000061b5d02d8) thrown at [./src/hotspot/share/classfile/systemDictionary.cpp, line 230]
Event: 15.886 Thread 0x000001e643cb7800 Exception <a 'java/lang/ClassNotFoundException'{0x000000061b5f5440}: org/springframework/security/config/annotation/AbstractConfiguredSecurityBuilderCustomizer> (0x000000061b5f5440) thrown at [./src/hotspot/share/classfile/systemDictionary.cpp, line 230]
Event: 15.890 Thread 0x000001e643cb7800 Exception <a 'java/lang/ClassNotFoundException'{0x000000061b22b880}: org/springframework/security/config/annotation/authentication/builders/AuthenticationManagerBuilderCustomizer> (0x000000061b22b880) thrown at [./src/hotspot/share/classfile/systemDictionary.cpp, line 230]
Event: 15.891 Thread 0x000001e643cb7800 Exception <a 'java/lang/ClassNotFoundException'{0x000000061b271850}: org/springframework/security/config/annotation/authentication/configuration/AuthenticationConfiguration$DefaultPasswordEncoderAuthenticationManagerBuilderCustomizer> (0x000000061b271850) thrown at [./src/hotspot/share/classfile/systemDictionary.cpp, line 230]
Event: 15.893 Thread 0x000001e643cb7800 Exception <a 'java/lang/ClassNotFoundException'{0x000000061b2a0178}: org/springframework/security/config/annotation/authentication/ProviderManagerBuilderCustomizer> (0x000000061b2a0178) thrown at [./src/hotspot/share/classfile/systemDictionary.cpp, line 230]
Event: 15.893 Thread 0x000001e643cb7800 Exception <a 'java/lang/ClassNotFoundException'{0x000000061b2be7c0}: org/springframework/security/config/annotation/SecurityBuilderCustomizer> (0x000000061b2be7c0) thrown at [./src/hotspot/share/classfile/systemDictionary.cpp, line 230]
Event: 15.896 Thread 0x000001e643cb7800 Exception <a 'java/lang/ClassNotFoundException'{0x000000061b2dc9e8}: org/springframework/security/config/annotation/SecurityBuilderCustomizer> (0x000000061b2dc9e8) thrown at [./src/hotspot/share/classfile/systemDictionary.cpp, line 230]
Event: 15.959 Thread 0x000001e643cb7800 Exception <a 'java/lang/ClassNotFoundException'{0x000000061b104ce0}: java/lang/ObjectCustomizer> (0x000000061b104ce0) thrown at [./src/hotspot/share/classfile/systemDictionary.cpp, line 230]
Event: 15.959 Thread 0x000001e643cb7800 Exception <a 'java/lang/ClassNotFoundException'{0x000000061b108918}: com.voxloud.imageservicevoxloud.controller.ImageController$$Lambda$940/0x00000008008bfc40Customizer> (0x000000061b108918) thrown at [./src/hotspot/share/prims/jni.cpp, line 637]
Event: 15.959 Thread 0x000001e643cb7800 Exception <a 'java/lang/ClassNotFoundException'{0x000000061b108f20}: com.voxloud.imageservicevoxloud.controller.ImageController$$Lambda$940/0x00000008008bfc40Customizer> (0x000000061b108f20) thrown at [./src/hotspot/share/prims/jni.cpp, line 637]
Event: 15.959 Thread 0x000001e643cb7800 Exception <a 'java/lang/ClassNotFoundException'{0x000000061b109528}: com.voxloud.imageservicevoxloud.controller.ImageController$$Lambda$940/0x00000008008bfc40Customizer> (0x000000061b109528) thrown at [./src/hotspot/share/prims/jni.cpp, line 637]
Event: 15.960 Thread 0x000001e643cb7800 Exception <a 'java/lang/ClassNotFoundException'{0x000000061b128b58}: org/springframework/boot/web/server/WebServerFactoryCustomizerCustomizer> (0x000000061b128b58) thrown at [./src/hotspot/share/classfile/systemDictionary.cpp, line 230]
Event: 15.965 Thread 0x000001e643cb7800 Exception <a 'java/lang/ClassNotFoundException'{0x000000061b140368}: java/lang/ObjectCustomizer> (0x000000061b140368) thrown at [./src/hotspot/share/classfile/systemDictionary.cpp, line 230]
Event: 15.966 Thread 0x000001e643cb7800 Exception <a 'java/lang/ClassNotFoundException'{0x000000061b167588}: org/springframework/security/config/annotation/web/configuration/WebSecurityConfigurationCustomizer> (0x000000061b167588) thrown at [./src/hotspot/share/classfile/systemDictionary.cpp, line 230]
Event: 15.968 Thread 0x000001e643cb7800 Exception <a 'java/lang/ClassNotFoundException'{0x000000061b18be68}: org/springframework/context/annotation/ImportAwareCustomizer> (0x000000061b18be68) thrown at [./src/hotspot/share/classfile/systemDictionary.cpp, line 230]
Event: 15.968 Thread 0x000001e643cb7800 Exception <a 'java/lang/ClassNotFoundException'{0x000000061b1a42a0}: org/springframework/beans/factory/AwareCustomizer> (0x000000061b1a42a0) thrown at [./src/hotspot/share/classfile/systemDictionary.cpp, line 230]
Event: 15.969 Thread 0x000001e643cb7800 Exception <a 'java/lang/ClassNotFoundException'{0x000000061b1bf5a8}: org/springframework/beans/factory/BeanClassLoaderAwareCustomizer> (0x000000061b1bf5a8) thrown at [./src/hotspot/share/classfile/systemDictionary.cpp, line 230]
Event: 15.972 Thread 0x000001e643cb7800 Exception <a 'java/lang/ClassNotFoundException'{0x000000061b1d8448}: org/springframework/beans/factory/AwareCustomizer> (0x000000061b1d8448) thrown at [./src/hotspot/share/classfile/systemDictionary.cpp, line 230]
Event: 15.987 Thread 0x000001e643cb7800 Exception <a 'java/lang/ClassNotFoundException'{0x000000061ae1e1c0}: java/lang/ObjectCustomizer> (0x000000061ae1e1c0) thrown at [./src/hotspot/share/classfile/systemDictionary.cpp, line 230]
Event: 15.988 Thread 0x000001e643cb7800 Exception <a 'java/lang/ClassNotFoundException'{0x000000061ae4a280}: org/springframework/security/config/annotation/web/configuration/AutowiredWebSecurityConfigurersIgnoreParentsCustomizer> (0x000000061ae4a280) thrown at [./src/hotspot/share/classfile/systemDictionary.cpp, line 230]

Events (20 events):
Event: 15.996 loading class org/springframework/expression/spel/support/ReflectiveMethodExecutor
Event: 15.996 loading class org/springframework/expression/spel/support/ReflectiveMethodExecutor done
Event: 15.998 loading class org/springframework/expression/spel/ast/MethodReference$CachedMethodExecutor
Event: 15.998 loading class org/springframework/expression/spel/ast/MethodReference$CachedMethodExecutor done
Event: 16.000 loading class org/springframework/expression/spel/CodeFlow
Event: 16.000 loading class org/springframework/expression/spel/CodeFlow done
Event: 16.004 loading class org/springframework/security/web/access/intercept/FilterSecurityInterceptor
Event: 16.004 loading class org/springframework/security/web/access/intercept/FilterSecurityInterceptor done
Event: 16.005 loading class org/springframework/security/web/access/expression/DefaultWebSecurityExpressionHandler
Event: 16.005 loading class org/springframework/security/web/access/expression/DefaultWebSecurityExpressionHandler done
Event: 16.006 loading class org/springframework/security/access/hierarchicalroles/RoleHierarchy
Event: 16.006 loading class org/springframework/security/access/hierarchicalroles/RoleHierarchy done
Event: 16.008 loading class org/springframework/security/config/annotation/web/builders/WebSecurity$IgnoredRequestConfigurer
Event: 16.008 loading class org/springframework/security/config/annotation/web/builders/WebSecurity$IgnoredRequestConfigurer done
Event: 16.009 loading class org/springframework/security/web/util/matcher/AnyRequestMatcher
Event: 16.009 loading class org/springframework/security/web/util/matcher/AnyRequestMatcher done
Event: 16.009 loading class org/springframework/security/web/util/matcher/RequestMatcher
Event: 16.009 loading class org/springframework/security/web/util/matcher/RequestMatcher done
Event: 16.012 loading class org/springframework/security/web/firewall/HttpFirewall
Event: 16.012 loading class org/springframework/security/web/firewall/HttpFirewall done


Dynamic libraries:
0x00007ff72be00000 - 0x00007ff72be0d000 	C:\Users\triton\.jdks\corretto-11.0.14.1\bin\java.exe
0x00007ffec70f0000 - 0x00007ffec72e5000 	C:\WINDOWS\SYSTEM32\ntdll.dll
0x00007ffec5140000 - 0x00007ffec51fe000 	C:\WINDOWS\System32\KERNEL32.DLL
0x00007ffec4c00000 - 0x00007ffec4ec8000 	C:\WINDOWS\System32\KERNELBASE.dll
0x00007ffec4fb0000 - 0x00007ffec50b0000 	C:\WINDOWS\System32\ucrtbase.dll
0x00007ffec0500000 - 0x00007ffec0519000 	C:\Users\triton\.jdks\corretto-11.0.14.1\bin\VCRUNTIME140.dll
0x00007ffebfa30000 - 0x00007ffebfa47000 	C:\Users\triton\.jdks\corretto-11.0.14.1\bin\jli.dll
0x00007ffec6040000 - 0x00007ffec61e0000 	C:\WINDOWS\System32\USER32.dll
0x00007ffea6640000 - 0x00007ffea68da000 	C:\WINDOWS\WinSxS\amd64_microsoft.windows.common-controls_6595b64144ccf1df_6.0.19041.1110_none_60b5254171f9507e\COMCTL32.dll
0x00007ffec4800000 - 0x00007ffec4822000 	C:\WINDOWS\System32\win32u.dll
0x00007ffec5fa0000 - 0x00007ffec603e000 	C:\WINDOWS\System32\msvcrt.dll
0x00007ffec63f0000 - 0x00007ffec641b000 	C:\WINDOWS\System32\GDI32.dll
0x00007ffec4af0000 - 0x00007ffec4bfd000 	C:\WINDOWS\System32\gdi32full.dll
0x00007ffec4990000 - 0x00007ffec4a2d000 	C:\WINDOWS\System32\msvcp_win.dll
0x00007ffec5260000 - 0x00007ffec5290000 	C:\WINDOWS\System32\IMM32.DLL
0x00007ffe935d0000 - 0x00007ffe9366b000 	C:\Users\triton\.jdks\corretto-11.0.14.1\bin\msvcp140.dll
0x00007ffe80c90000 - 0x00007ffe81813000 	C:\Users\triton\.jdks\corretto-11.0.14.1\bin\server\jvm.dll
0x00007ffec5290000 - 0x00007ffec533e000 	C:\WINDOWS\System32\ADVAPI32.dll
0x00007ffec6dc0000 - 0x00007ffec6e5c000 	C:\WINDOWS\System32\sechost.dll
0x00007ffec6480000 - 0x00007ffec65a5000 	C:\WINDOWS\System32\RPCRT4.dll
0x00007ffec6ec0000 - 0x00007ffec6ec8000 	C:\WINDOWS\System32\PSAPI.DLL
0x00007ffea1c50000 - 0x00007ffea1c59000 	C:\WINDOWS\SYSTEM32\WSOCK32.dll
0x00007ffebd8f0000 - 0x00007ffebd917000 	C:\WINDOWS\SYSTEM32\WINMM.dll
0x00007ffebaf10000 - 0x00007ffebaf1a000 	C:\WINDOWS\SYSTEM32\VERSION.dll
0x00007ffec65b0000 - 0x00007ffec661b000 	C:\WINDOWS\System32\WS2_32.dll
0x00007ffec26f0000 - 0x00007ffec2702000 	C:\WINDOWS\SYSTEM32\kernel.appcore.dll
0x00007ffec0670000 - 0x00007ffec0680000 	C:\Users\triton\.jdks\corretto-11.0.14.1\bin\verify.dll
0x00007ffeba730000 - 0x00007ffeba914000 	C:\WINDOWS\SYSTEM32\DBGHELP.DLL
0x00007ffe9c4a0000 - 0x00007ffe9c4cc000 	C:\WINDOWS\SYSTEM32\dbgcore.DLL
0x00007ffec50b0000 - 0x00007ffec5132000 	C:\WINDOWS\System32\bcryptPrimitives.dll
0x00007ffebd730000 - 0x00007ffebd758000 	C:\Users\triton\.jdks\corretto-11.0.14.1\bin\java.dll
0x00007ffec0610000 - 0x00007ffec061a000 	C:\Users\triton\.jdks\corretto-11.0.14.1\bin\jimage.dll
0x00007ffec0550000 - 0x00007ffec055e000 	C:\Users\triton\.jdks\corretto-11.0.14.1\bin\instrument.dll
0x00007ffebf0c0000 - 0x00007ffebf0d8000 	C:\Users\triton\.jdks\corretto-11.0.14.1\bin\zip.dll
0x00007ffec5850000 - 0x00007ffec5f94000 	C:\WINDOWS\System32\SHELL32.dll
0x00007ffec28f0000 - 0x00007ffec3084000 	C:\WINDOWS\SYSTEM32\windows.storage.dll
0x00007ffec6a60000 - 0x00007ffec6db5000 	C:\WINDOWS\System32\combase.dll
0x00007ffec4250000 - 0x00007ffec427e000 	C:\WINDOWS\SYSTEM32\Wldp.dll
0x00007ffec7000000 - 0x00007ffec70ad000 	C:\WINDOWS\System32\SHCORE.dll
0x00007ffec5200000 - 0x00007ffec5255000 	C:\WINDOWS\System32\shlwapi.dll
0x00007ffec4740000 - 0x00007ffec475f000 	C:\WINDOWS\SYSTEM32\profapi.dll
0x00007ffebd710000 - 0x00007ffebd729000 	C:\Users\triton\.jdks\corretto-11.0.14.1\bin\net.dll
0x00007ffebd360000 - 0x00007ffebd46c000 	C:\WINDOWS\SYSTEM32\WINHTTP.dll
0x00007ffec3fb0000 - 0x00007ffec401a000 	C:\WINDOWS\system32\mswsock.dll
0x00007ffeb3370000 - 0x00007ffeb3383000 	C:\Users\triton\.jdks\corretto-11.0.14.1\bin\nio.dll
0x00007ffea4e80000 - 0x00007ffea4e9a000 	D:\IntelliJIdea\IntelliJ IDEA 2021.3.2\bin\breakgen64.dll
0x00007ffebf220000 - 0x00007ffebf229000 	C:\Users\triton\.jdks\corretto-11.0.14.1\bin\management.dll
0x00007ffebf030000 - 0x00007ffebf03b000 	C:\Users\triton\.jdks\corretto-11.0.14.1\bin\management_ext.dll
0x00007ffe9c320000 - 0x00007ffe9c337000 	C:\WINDOWS\system32\napinsp.dll
0x00007ffe9c300000 - 0x00007ffe9c31b000 	C:\WINDOWS\system32\pnrpnsp.dll
0x00007ffebf5a0000 - 0x00007ffebf5b5000 	C:\WINDOWS\system32\wshbth.dll
0x00007ffec03a0000 - 0x00007ffec03bd000 	C:\WINDOWS\system32\NLAapi.dll
0x00007ffec3c50000 - 0x00007ffec3c8b000 	C:\WINDOWS\SYSTEM32\IPHLPAPI.DLL
0x00007ffec3c90000 - 0x00007ffec3d5b000 	C:\WINDOWS\SYSTEM32\DNSAPI.dll
0x00007ffec57c0000 - 0x00007ffec57c8000 	C:\WINDOWS\System32\NSI.dll
0x00007ffe9c2e0000 - 0x00007ffe9c2f2000 	C:\WINDOWS\System32\winrnr.dll
0x00007ffea7840000 - 0x00007ffea784a000 	C:\Windows\System32\rasadhlp.dll
0x00007ffeb9a70000 - 0x00007ffeb9aef000 	C:\WINDOWS\System32\fwpuclnt.dll
0x00007ffec4f80000 - 0x00007ffec4fa7000 	C:\WINDOWS\System32\bcrypt.dll
0x00007ffec41a0000 - 0x00007ffec41b8000 	C:\WINDOWS\SYSTEM32\CRYPTSP.dll
0x00007ffec38c0000 - 0x00007ffec38f4000 	C:\WINDOWS\system32\rsaenh.dll
0x00007ffec4700000 - 0x00007ffec472e000 	C:\WINDOWS\SYSTEM32\USERENV.dll
0x00007ffec41c0000 - 0x00007ffec41cc000 	C:\WINDOWS\SYSTEM32\CRYPTBASE.dll
0x00007ffebb7e0000 - 0x00007ffebb7f7000 	C:\WINDOWS\SYSTEM32\dhcpcsvc6.DLL
0x00007ffebc8e0000 - 0x00007ffebc8fd000 	C:\WINDOWS\SYSTEM32\dhcpcsvc.DLL

dbghelp: loaded successfully - version: 4.0.5 - missing functions: none
symbol engine: initialized successfully - sym options: 0x614 - pdb path: .;C:\Users\triton\.jdks\corretto-11.0.14.1\bin;C:\WINDOWS\SYSTEM32;C:\WINDOWS\WinSxS\amd64_microsoft.windows.common-controls_6595b64144ccf1df_6.0.19041.1110_none_60b5254171f9507e;C:\Users\triton\.jdks\corretto-11.0.14.1\bin\server;D:\IntelliJIdea\IntelliJ IDEA 2021.3.2\bin

VM Arguments:
jvm_args: -ea -Didea.test.cyclic.buffer.size=26214400 -javaagent:D:\IntelliJIdea\IntelliJ IDEA 2021.3.2\lib\idea_rt.jar=53811:D:\IntelliJIdea\IntelliJ IDEA 2021.3.2\bin -Dfile.encoding=UTF-8 
java_command: com.intellij.rt.junit.JUnitStarter -ideVersion5 -junit4 com.voxloud.imageservicevoxloud.ImageServiceTest
java_class_path (initial): D:\IntelliJIdea\IntelliJ IDEA 2021.3.2\lib\idea_rt.jar;D:\IntelliJIdea\IntelliJ IDEA 2021.3.2\plugins\junit\lib\junit5-rt.jar;D:\IntelliJIdea\IntelliJ IDEA 2021.3.2\plugins\junit\lib\junit-rt.jar;D:\JavaProjects\MyImageService\ImageServiceVoxLoud\target\test-classes;D:\JavaProjects\MyImageService\ImageServiceVoxLoud\target\classes;C:\Users\triton\AppData\Roaming\JetBrains\IntelliJIdea2021.3\javascript\extLibs\http_cdn.datatables.net_1.10.15_css_dataTables.jqueryui.css;C:\Users\triton\AppData\Roaming\JetBrains\IntelliJIdea2021.3\javascript\extLibs\http_cdn.datatables.net_1.10.15_js_dataTables.jqueryui.js;C:\Users\triton\AppData\Roaming\JetBrains\IntelliJIdea2021.3\javascript\extLibs\http_cdn.datatables.net_v_dt_dt-1.11.5_datatables.js;C:\Users\triton\.m2\repository\org\springframework\boot\spring-boot-starter-data-jpa\2.6.5\spring-boot-starter-data-jpa-2.6.5.jar;C:\Users\triton\.m2\repository\org\springframework\boot\spring-boot-starter-aop\2.6.6\spring-boot-starter-aop-2.6.6.jar;C:\Users\triton\.m2\repository\org\aspectj\aspectjweaver\1.9.7\aspectjweaver-1.9.7.jar;C:\Users\triton\.m2\repository\org\springframework\boot\spring-boot-starter-jdbc\2.6.6\spring-boot-starter-jdbc-2.6.6.jar;C:\Users\triton\.m2\repository\com\zaxxer\HikariCP\4.0.3\HikariCP-4.0.3.jar;C:\Users\triton\.m2\repository\org\springframework\spring-jdbc\5.3.18\spring-jdbc-5.3.18.jar;C:\Users\triton\.m2\repository\jakarta\transaction\jakarta.transaction-api\1.3.3\jakarta.transaction-api-1.3.3.jar;C:\Users\triton\.m2\repository\jakarta\persistence\jakarta.persistence-api\2.2.3\jakarta.persistence-api-2.2.3.jar;C:\Users\triton\.m2\repository\org\hibernate\hibernate-core\5.6.7.Final\hibernate-core-5.6.7.Final.jar;C:\Users\triton\.m2\repository\org\jboss\logging\jboss-logging\3.4.3.Final\jboss-logging-3.4.3.Final.jar;C:\Users\triton\.m2\repository\net\bytebuddy\byte-buddy\1.11.22\byte-buddy-1.11.22.jar;C:\Users\triton\.m2\repository\antlr\antlr\2.7.7\antlr-2.7.7.jar;C:\Users\
Launcher Type: SUN_STANDARD

[Global flags]
     intx CICompilerCount                          = 4                                         {product} {ergonomic}
     uint ConcGCThreads                            = 2                                         {product} {ergonomic}
     uint G1ConcRefinementThreads                  = 8                                         {product} {ergonomic}
   size_t G1HeapRegionSize                         = 2097152                                   {product} {ergonomic}
    uintx GCDrainStackTargetSize                   = 64                                        {product} {ergonomic}
   size_t InitialHeapSize                          = 536870912                                 {product} {ergonomic}
   size_t MarkStackSize                            = 4194304                                   {product} {ergonomic}
   size_t MaxHeapSize                              = 8577351680                                {product} {ergonomic}
   size_t MaxNewSize                               = 5146411008                                {product} {ergonomic}
   size_t MinHeapDeltaBytes                        = 2097152                                   {product} {ergonomic}
    uintx NonNMethodCodeHeapSize                   = 5836300                                {pd product} {ergonomic}
    uintx NonProfiledCodeHeapSize                  = 122910970                              {pd product} {ergonomic}
    uintx ProfiledCodeHeapSize                     = 122910970                              {pd product} {ergonomic}
    uintx ReservedCodeCacheSize                    = 251658240                              {pd product} {ergonomic}
     bool SegmentedCodeCache                       = true                                      {product} {ergonomic}
     bool UseCompressedClassPointers               = true                                 {lp64_product} {ergonomic}
     bool UseCompressedOops                        = true                                 {lp64_product} {ergonomic}
     bool UseG1GC                                  = true                                      {product} {ergonomic}
     bool UseLargePagesIndividualAllocation        = false                                  {pd product} {ergonomic}

Logging:
Log output configuration:
 #0: stdout all=warning uptime,level,tags
 #1: stderr all=off uptime,level,tags

Environment Variables:
JAVA_HOME=C:\Program Files\Java\jdk-11.0.13
PATH=C:\Program Files\Common Files\Oracle\Java\javapath;C:\Program Files (x86)\Common Files\Oracle\Java\javapath;C:\WINDOWS\system32;C:\WINDOWS;C:\WINDOWS\System32\Wbem;C:\WINDOWS\System32\WindowsPowerShell\v1.0\;C:\WINDOWS\System32\OpenSSH\;C:\Program Files\dotnet\;C:\Program Files\Microsoft SQL Server\130\Tools\Binn\;C:\Program Files (x86)\NVIDIA Corporation\PhysX\Common;C:\Program Files\Microsoft SQL Server\Client SDK\ODBC\170\Tools\Binn\;C:\ProgramData\chocolatey\bin;C:\Program Files\NVIDIA Corporation\NVIDIA NvDLISR;C:\WINDOWS\system32;C:\WINDOWS;C:\WINDOWS\System32\Wbem;C:\WINDOWS\System32\WindowsPowerShell\v1.0\;C:\WINDOWS\System32\OpenSSH\;C:\Program Files\Git\cmd;D:\Golang\bin;C:\Program Files (x86)\dotnet\;C:\Program Files\Docker\Docker\resources\bin;C:\ProgramData\DockerDesktop\version-bin;C:\Program Files\Java\jdk-11.0.13;C:\pmd\bin;C:\Program Files\nodejs\;C:\Program Files\MySQL\MySQL Shell 8.0\bin\;C:\Users\triton\scoop\shims;C:\Users\triton\AppData\Local\Microsoft\WindowsApps;D:\IDEA Java\IntelliJ IDEA 2019.1.1\bin;D:\Pycharm\PyCharm 2019.2.3\bin;C:\Users\triton\AppData\Local\Microsoft\WindowsApps;;D:\IntelliJIdea\IntelliJ IDEA 2021.1.1\bin;;C:\Users\triton\.dotnet\tools;D:\Goland IDE\GoLand 2021.2.1\bin;;C:\Users\triton\go\bin;C:\Users\triton\.dotnet\tools;D:\IntelliJIdea\IntelliJ IDEA 2021.3.2\bin;;C:\Program Files\sfdx\bin;C:\Users\triton\AppData\Local\Programs\Microsoft VS Code\bin;C:\Users\triton\AppData\Roaming\npm
USERNAME=triton
OS=Windows_NT
PROCESSOR_IDENTIFIER=Intel64 Family 6 Model 158 Stepping 9, GenuineIntel



---------------  S Y S T E M  ---------------

OS: Windows 10 , 64 bit Build 19041 (10.0.19041.1499)
OS uptime: 0 days 4:17 hours

CPU:total 8 (initial active 8) (4 cores per cpu, 2 threads per core) family 6 model 158 stepping 9 microcode 0xb4, cmov, cx8, fxsr, mmx, sse, sse2, sse3, ssse3, sse4.1, sse4.2, popcnt, avx, avx2, aes, clmul, erms, 3dnowpref, lzcnt, ht, tsc, tscinvbit, bmi1, bmi2, adx, fma

Memory: 4k page, system-wide physical 32717M (9138M free)
TotalPageFile size 32717M (AvailPageFile size 8M)
current process WorkingSet (physical memory assigned to process): 400M, peak: 403M
current process commit charge ("private bytes"): 783M, peak: 787M

vm_info: OpenJDK 64-Bit Server VM (11.0.14.1+10-LTS) for windows-amd64 JRE (11.0.14.1+10-LTS), built on Feb  8 2022 00:13:20 by "Administrator" with unknown MS VC++:1916

END.
